ARM GAS  C:\Users\MARKHU~1\AppData\Local\Temp\ccasUwRd.s 			page 1


   1              		.syntax unified
   2              		.cpu cortex-m3
   3              		.fpu softvfp
   4              		.eabi_attribute 20, 1
   5              		.eabi_attribute 21, 1
   6              		.eabi_attribute 23, 3
   7              		.eabi_attribute 24, 1
   8              		.eabi_attribute 25, 1
   9              		.eabi_attribute 26, 1
  10              		.eabi_attribute 30, 1
  11              		.eabi_attribute 34, 1
  12              		.eabi_attribute 18, 4
  13              		.thumb
  14              		.syntax unified
  15              		.file	"cymetadata.c"
  16              		.text
  17              	.Ltext0:
  18              		.cfi_sections	.debug_frame
  19              		.global	cy_metadata
  20              		.global	cy_meta_flashprotect
  21              		.global	cy_meta_wonvl
  22              		.global	cy_meta_custnvl
  23              		.global	cy_meta_configecc
  24              		.section	.cyconfigecc,"a",%progbits
  25              		.align	2
  26              		.type	cy_meta_configecc, %object
  27              		.size	cy_meta_configecc, 1476
  28              	cy_meta_configecc:
  29 0000 03       		.byte	3
  30 0001 52       		.byte	82
  31 0002 00       		.byte	0
  32 0003 40       		.byte	64
  33 0004 03       		.byte	3
  34 0005 64       		.byte	100
  35 0006 00       		.byte	0
  36 0007 40       		.byte	64
  37 0008 03       		.byte	3
  38 0009 65       		.byte	101
  39 000a 00       		.byte	0
  40 000b 40       		.byte	64
  41 000c 65       		.byte	101
  42 000d 04       		.byte	4
  43 000e 01       		.byte	1
  44 000f 40       		.byte	64
  45 0010 35       		.byte	53
  46 0011 05       		.byte	5
  47 0012 01       		.byte	1
  48 0013 40       		.byte	64
  49 0014 5E       		.byte	94
  50 0015 06       		.byte	6
  51 0016 01       		.byte	1
  52 0017 40       		.byte	64
  53 0018 48       		.byte	72
  54 0019 07       		.byte	7
  55 001a 01       		.byte	1
  56 001b 40       		.byte	64
  57 001c 48       		.byte	72
ARM GAS  C:\Users\MARKHU~1\AppData\Local\Temp\ccasUwRd.s 			page 2


  58 001d 14       		.byte	20
  59 001e 01       		.byte	1
  60 001f 40       		.byte	64
  61 0020 49       		.byte	73
  62 0021 15       		.byte	21
  63 0022 01       		.byte	1
  64 0023 40       		.byte	64
  65 0024 2D       		.byte	45
  66 0025 16       		.byte	22
  67 0026 01       		.byte	1
  68 0027 40       		.byte	64
  69 0028 4C       		.byte	76
  70 0029 17       		.byte	23
  71 002a 01       		.byte	1
  72 002b 40       		.byte	64
  73 002c 02       		.byte	2
  74 002d 40       		.byte	64
  75 002e 01       		.byte	1
  76 002f 40       		.byte	64
  77 0030 01       		.byte	1
  78 0031 41       		.byte	65
  79 0032 01       		.byte	1
  80 0033 40       		.byte	64
  81 0034 01       		.byte	1
  82 0035 42       		.byte	66
  83 0036 01       		.byte	1
  84 0037 40       		.byte	64
  85 0038 01       		.byte	1
  86 0039 43       		.byte	67
  87 003a 01       		.byte	1
  88 003b 40       		.byte	64
  89 003c 04       		.byte	4
  90 003d 48       		.byte	72
  91 003e 01       		.byte	1
  92 003f 40       		.byte	64
  93 0040 11       		.byte	17
  94 0041 49       		.byte	73
  95 0042 01       		.byte	1
  96 0043 40       		.byte	64
  97 0044 04       		.byte	4
  98 0045 50       		.byte	80
  99 0046 01       		.byte	1
 100 0047 40       		.byte	64
 101 0048 01       		.byte	1
 102 0049 51       		.byte	81
 103 004a 01       		.byte	1
 104 004b 40       		.byte	64
 105 004c 18       		.byte	24
 106 004d 02       		.byte	2
 107 004e 19       		.byte	25
 108 004f 10       		.byte	16
 109 0050 1C       		.byte	28
 110 0051 21       		.byte	33
 111 0052 84       		.byte	-124
 112 0053 0F       		.byte	15
 113 0054 85       		.byte	-123
 114 0055 0F       		.byte	15
ARM GAS  C:\Users\MARKHU~1\AppData\Local\Temp\ccasUwRd.s 			page 3


 115 0056 86       		.byte	-122
 116 0057 72       		.byte	114
 117 0058 84       		.byte	-124
 118 0059 72       		.byte	114
 119 005a 85       		.byte	-123
 120 005b 38       		.byte	56
 121 005c 86       		.byte	-122
 122 005d 38       		.byte	56
 123 005e 04       		.byte	4
 124 005f 09       		.byte	9
 125 0060 05       		.byte	5
 126 0061 06       		.byte	6
 127 0062 06       		.byte	6
 128 0063 10       		.byte	16
 129 0064 07       		.byte	7
 130 0065 28       		.byte	40
 131 0066 0C       		.byte	12
 132 0067 0C       		.byte	12
 133 0068 0D       		.byte	13
 134 0069 26       		.byte	38
 135 006a 0E       		.byte	14
 136 006b 11       		.byte	17
 137 006c 0F       		.byte	15
 138 006d 18       		.byte	24
 139 006e 12       		.byte	18
 140 006f 03       		.byte	3
 141 0070 14       		.byte	20
 142 0071 1C       		.byte	28
 143 0072 16       		.byte	22
 144 0073 02       		.byte	2
 145 0074 17       		.byte	23
 146 0075 2A       		.byte	42
 147 0076 19       		.byte	25
 148 0077 14       		.byte	20
 149 0078 1B       		.byte	27
 150 0079 28       		.byte	40
 151 007a 1C       		.byte	28
 152 007b 10       		.byte	16
 153 007c 1E       		.byte	30
 154 007d 0C       		.byte	12
 155 007e 20       		.byte	32
 156 007f 10       		.byte	16
 157 0080 21       		.byte	33
 158 0081 01       		.byte	1
 159 0082 24       		.byte	36
 160 0083 14       		.byte	20
 161 0084 27       		.byte	39
 162 0085 10       		.byte	16
 163 0086 2D       		.byte	45
 164 0087 26       		.byte	38
 165 0088 2F       		.byte	47
 166 0089 08       		.byte	8
 167 008a 30       		.byte	48
 168 008b 1F       		.byte	31
 169 008c 31       		.byte	49
 170 008d 1E       		.byte	30
 171 008e 33       		.byte	51
ARM GAS  C:\Users\MARKHU~1\AppData\Local\Temp\ccasUwRd.s 			page 4


 172 008f 01       		.byte	1
 173 0090 37       		.byte	55
 174 0091 20       		.byte	32
 175 0092 3B       		.byte	59
 176 0093 02       		.byte	2
 177 0094 3F       		.byte	63
 178 0095 44       		.byte	68
 179 0096 40       		.byte	64
 180 0097 46       		.byte	70
 181 0098 41       		.byte	65
 182 0099 05       		.byte	5
 183 009a 45       		.byte	69
 184 009b EB       		.byte	-21
 185 009c 47       		.byte	71
 186 009d 0C       		.byte	12
 187 009e 48       		.byte	72
 188 009f 13       		.byte	19
 189 00a0 49       		.byte	73
 190 00a1 FF       		.byte	-1
 191 00a2 4A       		.byte	74
 192 00a3 FF       		.byte	-1
 193 00a4 4B       		.byte	75
 194 00a5 FF       		.byte	-1
 195 00a6 4E       		.byte	78
 196 00a7 F0       		.byte	-16
 197 00a8 4F       		.byte	79
 198 00a9 44       		.byte	68
 199 00aa 50       		.byte	80
 200 00ab 0C       		.byte	12
 201 00ac 54       		.byte	84
 202 00ad 01       		.byte	1
 203 00ae 58       		.byte	88
 204 00af 04       		.byte	4
 205 00b0 59       		.byte	89
 206 00b1 04       		.byte	4
 207 00b2 5A       		.byte	90
 208 00b3 04       		.byte	4
 209 00b4 5B       		.byte	91
 210 00b5 04       		.byte	4
 211 00b6 5F       		.byte	95
 212 00b7 01       		.byte	1
 213 00b8 66       		.byte	102
 214 00b9 C0       		.byte	-64
 215 00ba 6A       		.byte	106
 216 00bb 40       		.byte	64
 217 00bc 6B       		.byte	107
 218 00bd 02       		.byte	2
 219 00be 83       		.byte	-125
 220 00bf 01       		.byte	1
 221 00c0 85       		.byte	-123
 222 00c1 21       		.byte	33
 223 00c2 86       		.byte	-122
 224 00c3 08       		.byte	8
 225 00c4 87       		.byte	-121
 226 00c5 18       		.byte	24
 227 00c6 89       		.byte	-119
 228 00c7 28       		.byte	40
ARM GAS  C:\Users\MARKHU~1\AppData\Local\Temp\ccasUwRd.s 			page 5


 229 00c8 94       		.byte	-108
 230 00c9 61       		.byte	97
 231 00ca 96       		.byte	-106
 232 00cb 8E       		.byte	-114
 233 00cc 97       		.byte	-105
 234 00cd 06       		.byte	6
 235 00ce 98       		.byte	-104
 236 00cf 61       		.byte	97
 237 00d0 99       		.byte	-103
 238 00d1 19       		.byte	25
 239 00d2 9A       		.byte	-102
 240 00d3 96       		.byte	-106
 241 00d4 9B       		.byte	-101
 242 00d5 22       		.byte	34
 243 00d6 9D       		.byte	-99
 244 00d7 12       		.byte	18
 245 00d8 9E       		.byte	-98
 246 00d9 A3       		.byte	-93
 247 00da 9F       		.byte	-97
 248 00db 20       		.byte	32
 249 00dc A0       		.byte	-96
 250 00dd 5C       		.byte	92
 251 00de A2       		.byte	-94
 252 00df 83       		.byte	-125
 253 00e0 A5       		.byte	-91
 254 00e1 20       		.byte	32
 255 00e2 A8       		.byte	-88
 256 00e3 60       		.byte	96
 257 00e4 AA       		.byte	-86
 258 00e5 80       		.byte	-128
 259 00e6 AB       		.byte	-85
 260 00e7 01       		.byte	1
 261 00e8 AD       		.byte	-83
 262 00e9 38       		.byte	56
 263 00ea AE       		.byte	-82
 264 00eb 1C       		.byte	28
 265 00ec AF       		.byte	-81
 266 00ed 05       		.byte	5
 267 00ee B0       		.byte	-80
 268 00ef 0F       		.byte	15
 269 00f0 B2       		.byte	-78
 270 00f1 1A       		.byte	26
 271 00f2 B4       		.byte	-76
 272 00f3 F0       		.byte	-16
 273 00f4 B5       		.byte	-75
 274 00f5 3E       		.byte	62
 275 00f6 B7       		.byte	-73
 276 00f7 01       		.byte	1
 277 00f8 BA       		.byte	-70
 278 00f9 2A       		.byte	42
 279 00fa BF       		.byte	-65
 280 00fb 40       		.byte	64
 281 00fc C0       		.byte	-64
 282 00fd 02       		.byte	2
 283 00fe C6       		.byte	-58
 284 00ff 40       		.byte	64
 285 0100 C9       		.byte	-55
ARM GAS  C:\Users\MARKHU~1\AppData\Local\Temp\ccasUwRd.s 			page 6


 286 0101 FF       		.byte	-1
 287 0102 CA       		.byte	-54
 288 0103 07       		.byte	7
 289 0104 CB       		.byte	-53
 290 0105 FF       		.byte	-1
 291 0106 CC       		.byte	-52
 292 0107 40       		.byte	64
 293 0108 CD       		.byte	-51
 294 0109 20       		.byte	32
 295 010a CE       		.byte	-50
 296 010b F0       		.byte	-16
 297 010c CF       		.byte	-49
 298 010d 05       		.byte	5
 299 010e D0       		.byte	-48
 300 010f 08       		.byte	8
 301 0110 D4       		.byte	-44
 302 0111 01       		.byte	1
 303 0112 D8       		.byte	-40
 304 0113 04       		.byte	4
 305 0114 D9       		.byte	-39
 306 0115 04       		.byte	4
 307 0116 DA       		.byte	-38
 308 0117 04       		.byte	4
 309 0118 DB       		.byte	-37
 310 0119 04       		.byte	4
 311 011a DC       		.byte	-36
 312 011b 11       		.byte	17
 313 011c DD       		.byte	-35
 314 011d 11       		.byte	17
 315 011e DF       		.byte	-33
 316 011f 01       		.byte	1
 317 0120 E0       		.byte	-32
 318 0121 40       		.byte	64
 319 0122 E1       		.byte	-31
 320 0123 A8       		.byte	-88
 321 0124 E2       		.byte	-30
 322 0125 40       		.byte	64
 323 0126 E3       		.byte	-29
 324 0127 20       		.byte	32
 325 0128 01       		.byte	1
 326 0129 88       		.byte	-120
 327 012a 06       		.byte	6
 328 012b 10       		.byte	16
 329 012c 0A       		.byte	10
 330 012d 62       		.byte	98
 331 012e 0D       		.byte	13
 332 012f 08       		.byte	8
 333 0130 0E       		.byte	14
 334 0131 04       		.byte	4
 335 0132 0F       		.byte	15
 336 0133 02       		.byte	2
 337 0134 10       		.byte	16
 338 0135 A0       		.byte	-96
 339 0136 15       		.byte	21
 340 0137 10       		.byte	16
 341 0138 16       		.byte	22
 342 0139 80       		.byte	-128
ARM GAS  C:\Users\MARKHU~1\AppData\Local\Temp\ccasUwRd.s 			page 7


 343 013a 17       		.byte	23
 344 013b 40       		.byte	64
 345 013c 1A       		.byte	26
 346 013d 40       		.byte	64
 347 013e 1D       		.byte	29
 348 013f 08       		.byte	8
 349 0140 1E       		.byte	30
 350 0141 24       		.byte	36
 351 0142 1F       		.byte	31
 352 0143 12       		.byte	18
 353 0144 20       		.byte	32
 354 0145 40       		.byte	64
 355 0146 22       		.byte	34
 356 0147 45       		.byte	69
 357 0148 26       		.byte	38
 358 0149 40       		.byte	64
 359 014a 27       		.byte	39
 360 014b 04       		.byte	4
 361 014c 29       		.byte	41
 362 014d 49       		.byte	73
 363 014e 2D       		.byte	45
 364 014f 10       		.byte	16
 365 0150 2E       		.byte	46
 366 0151 80       		.byte	-128
 367 0152 2F       		.byte	47
 368 0153 2A       		.byte	42
 369 0154 30       		.byte	48
 370 0155 08       		.byte	8
 371 0156 31       		.byte	49
 372 0157 04       		.byte	4
 373 0158 32       		.byte	50
 374 0159 10       		.byte	16
 375 015a 34       		.byte	52
 376 015b 08       		.byte	8
 377 015c 36       		.byte	54
 378 015d 10       		.byte	16
 379 015e 37       		.byte	55
 380 015f 44       		.byte	68
 381 0160 38       		.byte	56
 382 0161 48       		.byte	72
 383 0162 3E       		.byte	62
 384 0163 04       		.byte	4
 385 0164 3F       		.byte	63
 386 0165 22       		.byte	34
 387 0166 40       		.byte	64
 388 0167 40       		.byte	64
 389 0168 45       		.byte	69
 390 0169 10       		.byte	16
 391 016a 48       		.byte	72
 392 016b 29       		.byte	41
 393 016c 49       		.byte	73
 394 016d C1       		.byte	-63
 395 016e 4F       		.byte	79
 396 016f 02       		.byte	2
 397 0170 50       		.byte	80
 398 0171 04       		.byte	4
 399 0172 56       		.byte	86
ARM GAS  C:\Users\MARKHU~1\AppData\Local\Temp\ccasUwRd.s 			page 8


 400 0173 10       		.byte	16
 401 0174 57       		.byte	87
 402 0175 20       		.byte	32
 403 0176 59       		.byte	89
 404 0177 21       		.byte	33
 405 0178 5A       		.byte	90
 406 0179 88       		.byte	-120
 407 017a 5D       		.byte	93
 408 017b 10       		.byte	16
 409 017c 5E       		.byte	94
 410 017d 88       		.byte	-120
 411 017e 5F       		.byte	95
 412 017f 01       		.byte	1
 413 0180 C0       		.byte	-64
 414 0181 25       		.byte	37
 415 0182 C2       		.byte	-62
 416 0183 ED       		.byte	-19
 417 0184 C4       		.byte	-60
 418 0185 DC       		.byte	-36
 419 0186 CA       		.byte	-54
 420 0187 7B       		.byte	123
 421 0188 CC       		.byte	-52
 422 0189 76       		.byte	118
 423 018a CE       		.byte	-50
 424 018b EA       		.byte	-22
 425 018c D0       		.byte	-48
 426 018d 21       		.byte	33
 427 018e D2       		.byte	-46
 428 018f 0C       		.byte	12
 429 0190 D6       		.byte	-42
 430 0191 FF       		.byte	-1
 431 0192 01       		.byte	1
 432 0193 10       		.byte	16
 433 0194 05       		.byte	5
 434 0195 08       		.byte	8
 435 0196 09       		.byte	9
 436 0197 18       		.byte	24
 437 0198 0F       		.byte	15
 438 0199 23       		.byte	35
 439 019a 11       		.byte	17
 440 019b 5C       		.byte	92
 441 019c 13       		.byte	19
 442 019d 21       		.byte	33
 443 019e 15       		.byte	21
 444 019f 5C       		.byte	92
 445 01a0 17       		.byte	23
 446 01a1 22       		.byte	34
 447 01a2 18       		.byte	24
 448 01a3 02       		.byte	2
 449 01a4 19       		.byte	25
 450 01a5 7F       		.byte	127
 451 01a6 1F       		.byte	31
 452 01a7 04       		.byte	4
 453 01a8 21       		.byte	33
 454 01a9 67       		.byte	103
 455 01aa 23       		.byte	35
 456 01ab 18       		.byte	24
ARM GAS  C:\Users\MARKHU~1\AppData\Local\Temp\ccasUwRd.s 			page 9


 457 01ac 24       		.byte	36
 458 01ad 01       		.byte	1
 459 01ae 28       		.byte	40
 460 01af 01       		.byte	1
 461 01b0 2C       		.byte	44
 462 01b1 01       		.byte	1
 463 01b2 2D       		.byte	45
 464 01b3 04       		.byte	4
 465 01b4 30       		.byte	48
 466 01b5 01       		.byte	1
 467 01b6 31       		.byte	49
 468 01b7 38       		.byte	56
 469 01b8 33       		.byte	51
 470 01b9 1F       		.byte	31
 471 01ba 34       		.byte	52
 472 01bb 02       		.byte	2
 473 01bc 37       		.byte	55
 474 01bd 40       		.byte	64
 475 01be 3B       		.byte	59
 476 01bf 2A       		.byte	42
 477 01c0 3E       		.byte	62
 478 01c1 10       		.byte	16
 479 01c2 3F       		.byte	63
 480 01c3 40       		.byte	64
 481 01c4 40       		.byte	64
 482 01c5 64       		.byte	100
 483 01c6 41       		.byte	65
 484 01c7 03       		.byte	3
 485 01c8 45       		.byte	69
 486 01c9 EE       		.byte	-18
 487 01ca 46       		.byte	70
 488 01cb B0       		.byte	-80
 489 01cc 47       		.byte	71
 490 01cd 0C       		.byte	12
 491 01ce 48       		.byte	72
 492 01cf 1B       		.byte	27
 493 01d0 49       		.byte	73
 494 01d1 FF       		.byte	-1
 495 01d2 4A       		.byte	74
 496 01d3 FF       		.byte	-1
 497 01d4 4B       		.byte	75
 498 01d5 FF       		.byte	-1
 499 01d6 4E       		.byte	78
 500 01d7 F0       		.byte	-16
 501 01d8 4F       		.byte	79
 502 01d9 44       		.byte	68
 503 01da 50       		.byte	80
 504 01db 0C       		.byte	12
 505 01dc 56       		.byte	86
 506 01dd 02       		.byte	2
 507 01de 57       		.byte	87
 508 01df 13       		.byte	19
 509 01e0 58       		.byte	88
 510 01e1 04       		.byte	4
 511 01e2 59       		.byte	89
 512 01e3 04       		.byte	4
 513 01e4 5A       		.byte	90
ARM GAS  C:\Users\MARKHU~1\AppData\Local\Temp\ccasUwRd.s 			page 10


 514 01e5 04       		.byte	4
 515 01e6 5B       		.byte	91
 516 01e7 04       		.byte	4
 517 01e8 5C       		.byte	92
 518 01e9 11       		.byte	17
 519 01ea 5D       		.byte	93
 520 01eb 11       		.byte	17
 521 01ec 5F       		.byte	95
 522 01ed 01       		.byte	1
 523 01ee 66       		.byte	102
 524 01ef C0       		.byte	-64
 525 01f0 6A       		.byte	106
 526 01f1 40       		.byte	64
 527 01f2 6B       		.byte	107
 528 01f3 02       		.byte	2
 529 01f4 80       		.byte	-128
 530 01f5 07       		.byte	7
 531 01f6 84       		.byte	-124
 532 01f7 02       		.byte	2
 533 01f8 86       		.byte	-122
 534 01f9 04       		.byte	4
 535 01fa 8D       		.byte	-115
 536 01fb 08       		.byte	8
 537 01fc 8F       		.byte	-113
 538 01fd 13       		.byte	19
 539 01fe 91       		.byte	-111
 540 01ff 08       		.byte	8
 541 0200 93       		.byte	-109
 542 0201 15       		.byte	21
 543 0202 97       		.byte	-105
 544 0203 09       		.byte	9
 545 0204 99       		.byte	-103
 546 0205 16       		.byte	22
 547 0206 9B       		.byte	-101
 548 0207 09       		.byte	9
 549 0208 9C       		.byte	-100
 550 0209 07       		.byte	7
 551 020a 9F       		.byte	-97
 552 020b 02       		.byte	2
 553 020c A4       		.byte	-92
 554 020d 08       		.byte	8
 555 020e A6       		.byte	-90
 556 020f 01       		.byte	1
 557 0210 A7       		.byte	-89
 558 0211 16       		.byte	22
 559 0212 A9       		.byte	-87
 560 0213 20       		.byte	32
 561 0214 AA       		.byte	-86
 562 0215 10       		.byte	16
 563 0216 B0       		.byte	-80
 564 0217 10       		.byte	16
 565 0218 B1       		.byte	-79
 566 0219 20       		.byte	32
 567 021a B2       		.byte	-78
 568 021b 0C       		.byte	12
 569 021c B4       		.byte	-76
 570 021d 03       		.byte	3
ARM GAS  C:\Users\MARKHU~1\AppData\Local\Temp\ccasUwRd.s 			page 11


 571 021e B5       		.byte	-75
 572 021f 1B       		.byte	27
 573 0220 B7       		.byte	-73
 574 0221 07       		.byte	7
 575 0222 B8       		.byte	-72
 576 0223 28       		.byte	40
 577 0224 BB       		.byte	-69
 578 0225 A0       		.byte	-96
 579 0226 BE       		.byte	-66
 580 0227 10       		.byte	16
 581 0228 BF       		.byte	-65
 582 0229 01       		.byte	1
 583 022a C0       		.byte	-64
 584 022b 02       		.byte	2
 585 022c C5       		.byte	-59
 586 022d 40       		.byte	64
 587 022e C9       		.byte	-55
 588 022f FF       		.byte	-1
 589 0230 CA       		.byte	-54
 590 0231 07       		.byte	7
 591 0232 CB       		.byte	-53
 592 0233 FF       		.byte	-1
 593 0234 CC       		.byte	-52
 594 0235 40       		.byte	64
 595 0236 CD       		.byte	-51
 596 0237 20       		.byte	32
 597 0238 CE       		.byte	-50
 598 0239 F0       		.byte	-16
 599 023a CF       		.byte	-49
 600 023b 05       		.byte	5
 601 023c D0       		.byte	-48
 602 023d 08       		.byte	8
 603 023e D8       		.byte	-40
 604 023f 04       		.byte	4
 605 0240 D9       		.byte	-39
 606 0241 04       		.byte	4
 607 0242 DA       		.byte	-38
 608 0243 04       		.byte	4
 609 0244 DF       		.byte	-33
 610 0245 01       		.byte	1
 611 0246 E0       		.byte	-32
 612 0247 40       		.byte	64
 613 0248 E1       		.byte	-31
 614 0249 A8       		.byte	-88
 615 024a E2       		.byte	-30
 616 024b 40       		.byte	64
 617 024c E3       		.byte	-29
 618 024d 20       		.byte	32
 619 024e 00       		.byte	0
 620 024f 0A       		.byte	10
 621 0250 0A       		.byte	10
 622 0251 02       		.byte	2
 623 0252 0F       		.byte	15
 624 0253 08       		.byte	8
 625 0254 10       		.byte	16
 626 0255 20       		.byte	32
 627 0256 12       		.byte	18
ARM GAS  C:\Users\MARKHU~1\AppData\Local\Temp\ccasUwRd.s 			page 12


 628 0257 04       		.byte	4
 629 0258 15       		.byte	21
 630 0259 40       		.byte	64
 631 025a 17       		.byte	23
 632 025b 14       		.byte	20
 633 025c 18       		.byte	24
 634 025d 04       		.byte	4
 635 025e 19       		.byte	25
 636 025f 0A       		.byte	10
 637 0260 1C       		.byte	28
 638 0261 40       		.byte	64
 639 0262 1D       		.byte	29
 640 0263 02       		.byte	2
 641 0264 1E       		.byte	30
 642 0265 08       		.byte	8
 643 0266 20       		.byte	32
 644 0267 0A       		.byte	10
 645 0268 21       		.byte	33
 646 0269 40       		.byte	64
 647 026a 22       		.byte	34
 648 026b 12       		.byte	18
 649 026c 24       		.byte	36
 650 026d 08       		.byte	8
 651 026e 26       		.byte	38
 652 026f 29       		.byte	41
 653 0270 27       		.byte	39
 654 0271 22       		.byte	34
 655 0272 28       		.byte	40
 656 0273 08       		.byte	8
 657 0274 29       		.byte	41
 658 0275 08       		.byte	8
 659 0276 2C       		.byte	44
 660 0277 02       		.byte	2
 661 0278 2F       		.byte	47
 662 0279 40       		.byte	64
 663 027a 30       		.byte	48
 664 027b 80       		.byte	-128
 665 027c 31       		.byte	49
 666 027d 04       		.byte	4
 667 027e 32       		.byte	50
 668 027f 11       		.byte	17
 669 0280 36       		.byte	54
 670 0281 A9       		.byte	-87
 671 0282 39       		.byte	57
 672 0283 80       		.byte	-128
 673 0284 3C       		.byte	60
 674 0285 40       		.byte	64
 675 0286 3E       		.byte	62
 676 0287 2A       		.byte	42
 677 0288 40       		.byte	64
 678 0289 04       		.byte	4
 679 028a 45       		.byte	69
 680 028b 08       		.byte	8
 681 028c 46       		.byte	70
 682 028d 40       		.byte	64
 683 028e 48       		.byte	72
 684 028f A0       		.byte	-96
ARM GAS  C:\Users\MARKHU~1\AppData\Local\Temp\ccasUwRd.s 			page 13


 685 0290 49       		.byte	73
 686 0291 04       		.byte	4
 687 0292 4B       		.byte	75
 688 0293 30       		.byte	48
 689 0294 4F       		.byte	79
 690 0295 19       		.byte	25
 691 0296 57       		.byte	87
 692 0297 18       		.byte	24
 693 0298 5F       		.byte	95
 694 0299 02       		.byte	2
 695 029a 62       		.byte	98
 696 029b 40       		.byte	64
 697 029c 63       		.byte	99
 698 029d 02       		.byte	2
 699 029e 6D       		.byte	109
 700 029f 50       		.byte	80
 701 02a0 6E       		.byte	110
 702 02a1 04       		.byte	4
 703 02a2 6F       		.byte	111
 704 02a3 14       		.byte	20
 705 02a4 75       		.byte	117
 706 02a5 10       		.byte	16
 707 02a6 76       		.byte	118
 708 02a7 3A       		.byte	58
 709 02a8 86       		.byte	-122
 710 02a9 80       		.byte	-128
 711 02aa 87       		.byte	-121
 712 02ab 20       		.byte	32
 713 02ac 92       		.byte	-110
 714 02ad 42       		.byte	66
 715 02ae 93       		.byte	-109
 716 02af 20       		.byte	32
 717 02b0 96       		.byte	-106
 718 02b1 20       		.byte	32
 719 02b2 97       		.byte	-105
 720 02b3 01       		.byte	1
 721 02b4 98       		.byte	-104
 722 02b5 08       		.byte	8
 723 02b6 9D       		.byte	-99
 724 02b7 0C       		.byte	12
 725 02b8 9F       		.byte	-97
 726 02b9 40       		.byte	64
 727 02ba A1       		.byte	-95
 728 02bb 08       		.byte	8
 729 02bc A2       		.byte	-94
 730 02bd 10       		.byte	16
 731 02be A3       		.byte	-93
 732 02bf 03       		.byte	3
 733 02c0 A4       		.byte	-92
 734 02c1 81       		.byte	-127
 735 02c2 A5       		.byte	-91
 736 02c3 10       		.byte	16
 737 02c4 A6       		.byte	-90
 738 02c5 04       		.byte	4
 739 02c6 A7       		.byte	-89
 740 02c7 18       		.byte	24
 741 02c8 A8       		.byte	-88
ARM GAS  C:\Users\MARKHU~1\AppData\Local\Temp\ccasUwRd.s 			page 14


 742 02c9 04       		.byte	4
 743 02ca A9       		.byte	-87
 744 02cb 20       		.byte	32
 745 02cc C0       		.byte	-64
 746 02cd 0C       		.byte	12
 747 02ce C2       		.byte	-62
 748 02cf 41       		.byte	65
 749 02d0 C4       		.byte	-60
 750 02d1 E6       		.byte	-26
 751 02d2 CA       		.byte	-54
 752 02d3 96       		.byte	-106
 753 02d4 CC       		.byte	-52
 754 02d5 FF       		.byte	-1
 755 02d6 CE       		.byte	-50
 756 02d7 F8       		.byte	-8
 757 02d8 D0       		.byte	-48
 758 02d9 C4       		.byte	-60
 759 02da D2       		.byte	-46
 760 02db 20       		.byte	32
 761 02dc D6       		.byte	-42
 762 02dd 80       		.byte	-128
 763 02de 00       		.byte	0
 764 02df 03       		.byte	3
 765 02e0 01       		.byte	1
 766 02e1 FF       		.byte	-1
 767 02e2 04       		.byte	4
 768 02e3 73       		.byte	115
 769 02e4 05       		.byte	5
 770 02e5 18       		.byte	24
 771 02e6 06       		.byte	6
 772 02e7 0C       		.byte	12
 773 02e8 08       		.byte	8
 774 02e9 1F       		.byte	31
 775 02ea 09       		.byte	9
 776 02eb 08       		.byte	8
 777 02ec 0A       		.byte	10
 778 02ed 60       		.byte	96
 779 02ee 0C       		.byte	12
 780 02ef 7F       		.byte	127
 781 02f0 0F       		.byte	15
 782 02f1 63       		.byte	99
 783 02f2 11       		.byte	17
 784 02f3 1C       		.byte	28
 785 02f4 13       		.byte	19
 786 02f5 E2       		.byte	-30
 787 02f6 14       		.byte	20
 788 02f7 02       		.byte	2
 789 02f8 15       		.byte	21
 790 02f9 1C       		.byte	28
 791 02fa 17       		.byte	23
 792 02fb E1       		.byte	-31
 793 02fc 18       		.byte	24
 794 02fd 01       		.byte	1
 795 02fe 19       		.byte	25
 796 02ff 40       		.byte	64
 797 0300 1D       		.byte	29
 798 0301 10       		.byte	16
ARM GAS  C:\Users\MARKHU~1\AppData\Local\Temp\ccasUwRd.s 			page 15


 799 0302 1E       		.byte	30
 800 0303 63       		.byte	99
 801 0304 20       		.byte	32
 802 0305 08       		.byte	8
 803 0306 23       		.byte	35
 804 0307 04       		.byte	4
 805 0308 24       		.byte	36
 806 0309 04       		.byte	4
 807 030a 25       		.byte	37
 808 030b 24       		.byte	36
 809 030c 28       		.byte	40
 810 030d 0C       		.byte	12
 811 030e 29       		.byte	41
 812 030f E7       		.byte	-25
 813 0310 2B       		.byte	43
 814 0311 18       		.byte	24
 815 0312 2C       		.byte	44
 816 0313 5C       		.byte	92
 817 0314 2D       		.byte	45
 818 0315 60       		.byte	96
 819 0316 2E       		.byte	46
 820 0317 23       		.byte	35
 821 0318 30       		.byte	48
 822 0319 10       		.byte	16
 823 031a 31       		.byte	49
 824 031b 1F       		.byte	31
 825 031c 32       		.byte	50
 826 031d 2C       		.byte	44
 827 031e 34       		.byte	52
 828 031f 0F       		.byte	15
 829 0320 35       		.byte	53
 830 0321 60       		.byte	96
 831 0322 36       		.byte	54
 832 0323 4C       		.byte	76
 833 0324 37       		.byte	55
 834 0325 80       		.byte	-128
 835 0326 39       		.byte	57
 836 0327 80       		.byte	-128
 837 0328 3A       		.byte	58
 838 0329 28       		.byte	40
 839 032a 3B       		.byte	59
 840 032b 0A       		.byte	10
 841 032c 3E       		.byte	62
 842 032d 01       		.byte	1
 843 032e 56       		.byte	86
 844 032f 02       		.byte	2
 845 0330 57       		.byte	87
 846 0331 13       		.byte	19
 847 0332 58       		.byte	88
 848 0333 04       		.byte	4
 849 0334 59       		.byte	89
 850 0335 04       		.byte	4
 851 0336 5B       		.byte	91
 852 0337 04       		.byte	4
 853 0338 5F       		.byte	95
 854 0339 01       		.byte	1
 855 033a 85       		.byte	-123
ARM GAS  C:\Users\MARKHU~1\AppData\Local\Temp\ccasUwRd.s 			page 16


 856 033b 1F       		.byte	31
 857 033c 8D       		.byte	-115
 858 033d 0A       		.byte	10
 859 033e 8F       		.byte	-113
 860 033f D1       		.byte	-47
 861 0340 90       		.byte	-112
 862 0341 02       		.byte	2
 863 0342 95       		.byte	-107
 864 0343 01       		.byte	1
 865 0344 97       		.byte	-105
 866 0345 26       		.byte	38
 867 0346 99       		.byte	-103
 868 0347 14       		.byte	20
 869 0348 9B       		.byte	-101
 870 0349 49       		.byte	73
 871 034a A2       		.byte	-94
 872 034b 01       		.byte	1
 873 034c A9       		.byte	-87
 874 034d 1F       		.byte	31
 875 034e AA       		.byte	-86
 876 034f 01       		.byte	1
 877 0350 B1       		.byte	-79
 878 0351 60       		.byte	96
 879 0352 B2       		.byte	-78
 880 0353 01       		.byte	1
 881 0354 B3       		.byte	-77
 882 0355 18       		.byte	24
 883 0356 B5       		.byte	-75
 884 0357 07       		.byte	7
 885 0358 B6       		.byte	-74
 886 0359 02       		.byte	2
 887 035a B7       		.byte	-73
 888 035b 80       		.byte	-128
 889 035c BE       		.byte	-66
 890 035d 44       		.byte	68
 891 035e BF       		.byte	-65
 892 035f 01       		.byte	1
 893 0360 D4       		.byte	-44
 894 0361 18       		.byte	24
 895 0362 D6       		.byte	-42
 896 0363 04       		.byte	4
 897 0364 D8       		.byte	-40
 898 0365 04       		.byte	4
 899 0366 D9       		.byte	-39
 900 0367 04       		.byte	4
 901 0368 DB       		.byte	-37
 902 0369 04       		.byte	4
 903 036a DC       		.byte	-36
 904 036b 10       		.byte	16
 905 036c DF       		.byte	-33
 906 036d 01       		.byte	1
 907 036e 00       		.byte	0
 908 036f 04       		.byte	4
 909 0370 03       		.byte	3
 910 0371 8A       		.byte	-118
 911 0372 08       		.byte	8
 912 0373 80       		.byte	-128
ARM GAS  C:\Users\MARKHU~1\AppData\Local\Temp\ccasUwRd.s 			page 17


 913 0374 09       		.byte	9
 914 0375 10       		.byte	16
 915 0376 0A       		.byte	10
 916 0377 20       		.byte	32
 917 0378 0E       		.byte	14
 918 0379 40       		.byte	64
 919 037a 10       		.byte	16
 920 037b A0       		.byte	-96
 921 037c 12       		.byte	18
 922 037d 02       		.byte	2
 923 037e 13       		.byte	19
 924 037f 20       		.byte	32
 925 0380 15       		.byte	21
 926 0381 20       		.byte	32
 927 0382 17       		.byte	23
 928 0383 02       		.byte	2
 929 0384 18       		.byte	24
 930 0385 04       		.byte	4
 931 0386 19       		.byte	25
 932 0387 61       		.byte	97
 933 0388 1B       		.byte	27
 934 0389 08       		.byte	8
 935 038a 1F       		.byte	31
 936 038b 44       		.byte	68
 937 038c 21       		.byte	33
 938 038d 08       		.byte	8
 939 038e 22       		.byte	34
 940 038f 22       		.byte	34
 941 0390 23       		.byte	35
 942 0391 12       		.byte	18
 943 0392 26       		.byte	38
 944 0393 80       		.byte	-128
 945 0394 27       		.byte	39
 946 0395 98       		.byte	-104
 947 0396 29       		.byte	41
 948 0397 A2       		.byte	-94
 949 0398 2A       		.byte	42
 950 0399 04       		.byte	4
 951 039a 2D       		.byte	45
 952 039b 10       		.byte	16
 953 039c 30       		.byte	48
 954 039d 80       		.byte	-128
 955 039e 32       		.byte	50
 956 039f 12       		.byte	18
 957 03a0 33       		.byte	51
 958 03a1 08       		.byte	8
 959 03a2 36       		.byte	54
 960 03a3 04       		.byte	4
 961 03a4 37       		.byte	55
 962 03a5 18       		.byte	24
 963 03a6 38       		.byte	56
 964 03a7 68       		.byte	104
 965 03a8 39       		.byte	57
 966 03a9 01       		.byte	1
 967 03aa 3E       		.byte	62
 968 03ab 04       		.byte	4
 969 03ac 3F       		.byte	63
ARM GAS  C:\Users\MARKHU~1\AppData\Local\Temp\ccasUwRd.s 			page 18


 970 03ad 80       		.byte	-128
 971 03ae 59       		.byte	89
 972 03af 01       		.byte	1
 973 03b0 5C       		.byte	92
 974 03b1 02       		.byte	2
 975 03b2 66       		.byte	102
 976 03b3 02       		.byte	2
 977 03b4 67       		.byte	103
 978 03b5 09       		.byte	9
 979 03b6 68       		.byte	104
 980 03b7 05       		.byte	5
 981 03b8 69       		.byte	105
 982 03b9 04       		.byte	4
 983 03ba 70       		.byte	112
 984 03bb B4       		.byte	-76
 985 03bc 73       		.byte	115
 986 03bd 20       		.byte	32
 987 03be 80       		.byte	-128
 988 03bf 02       		.byte	2
 989 03c0 81       		.byte	-127
 990 03c1 10       		.byte	16
 991 03c2 82       		.byte	-126
 992 03c3 24       		.byte	36
 993 03c4 83       		.byte	-125
 994 03c5 40       		.byte	64
 995 03c6 86       		.byte	-122
 996 03c7 02       		.byte	2
 997 03c8 87       		.byte	-121
 998 03c9 40       		.byte	64
 999 03ca 88       		.byte	-120
 1000 03cb 02       		.byte	2
 1001 03cc 89       		.byte	-119
 1002 03cd 01       		.byte	1
 1003 03ce 8A       		.byte	-118
 1004 03cf 20       		.byte	32
 1005 03d0 8B       		.byte	-117
 1006 03d1 12       		.byte	18
 1007 03d2 90       		.byte	-112
 1008 03d3 40       		.byte	64
 1009 03d4 91       		.byte	-111
 1010 03d5 30       		.byte	48
 1011 03d6 92       		.byte	-110
 1012 03d7 64       		.byte	100
 1013 03d8 93       		.byte	-109
 1014 03d9 01       		.byte	1
 1015 03da 95       		.byte	-107
 1016 03db 04       		.byte	4
 1017 03dc 98       		.byte	-104
 1018 03dd 80       		.byte	-128
 1019 03de 99       		.byte	-103
 1020 03df 82       		.byte	-126
 1021 03e0 9D       		.byte	-99
 1022 03e1 60       		.byte	96
 1023 03e2 9E       		.byte	-98
 1024 03e3 24       		.byte	36
 1025 03e4 9F       		.byte	-97
 1026 03e5 90       		.byte	-112
ARM GAS  C:\Users\MARKHU~1\AppData\Local\Temp\ccasUwRd.s 			page 19


 1027 03e6 A3       		.byte	-93
 1028 03e7 80       		.byte	-128
 1029 03e8 A4       		.byte	-92
 1030 03e9 07       		.byte	7
 1031 03ea A5       		.byte	-91
 1032 03eb 08       		.byte	8
 1033 03ec A6       		.byte	-90
 1034 03ed 84       		.byte	-124
 1035 03ee AF       		.byte	-81
 1036 03ef 48       		.byte	72
 1037 03f0 C0       		.byte	-64
 1038 03f1 0F       		.byte	15
 1039 03f2 C2       		.byte	-62
 1040 03f3 17       		.byte	23
 1041 03f4 C4       		.byte	-60
 1042 03f5 5F       		.byte	95
 1043 03f6 CA       		.byte	-54
 1044 03f7 2F       		.byte	47
 1045 03f8 CC       		.byte	-52
 1046 03f9 6F       		.byte	111
 1047 03fa CE       		.byte	-50
 1048 03fb 5F       		.byte	95
 1049 03fc D6       		.byte	-42
 1050 03fd 81       		.byte	-127
 1051 03fe D8       		.byte	-40
 1052 03ff B0       		.byte	-80
 1053 0400 80       		.byte	-128
 1054 0401 80       		.byte	-128
 1055 0402 83       		.byte	-125
 1056 0403 01       		.byte	1
 1057 0404 84       		.byte	-124
 1058 0405 E7       		.byte	-25
 1059 0406 8C       		.byte	-116
 1060 0407 02       		.byte	2
 1061 0408 8E       		.byte	-114
 1062 0409 15       		.byte	21
 1063 040a 94       		.byte	-108
 1064 040b 44       		.byte	68
 1065 040c 96       		.byte	-106
 1066 040d 2A       		.byte	42
 1067 040e A4       		.byte	-92
 1068 040f E7       		.byte	-25
 1069 0410 A8       		.byte	-88
 1070 0411 21       		.byte	33
 1071 0412 AA       		.byte	-86
 1072 0413 4A       		.byte	74
 1073 0414 AF       		.byte	-81
 1074 0415 01       		.byte	1
 1075 0416 B0       		.byte	-80
 1076 0417 80       		.byte	-128
 1077 0418 B2       		.byte	-78
 1078 0419 60       		.byte	96
 1079 041a B4       		.byte	-76
 1080 041b 18       		.byte	24
 1081 041c B6       		.byte	-74
 1082 041d 07       		.byte	7
 1083 041e B7       		.byte	-73
ARM GAS  C:\Users\MARKHU~1\AppData\Local\Temp\ccasUwRd.s 			page 20


 1084 041f 01       		.byte	1
 1085 0420 BE       		.byte	-66
 1086 0421 10       		.byte	16
 1087 0422 BF       		.byte	-65
 1088 0423 40       		.byte	64
 1089 0424 C0       		.byte	-64
 1090 0425 64       		.byte	100
 1091 0426 C1       		.byte	-63
 1092 0427 03       		.byte	3
 1093 0428 C2       		.byte	-62
 1094 0429 05       		.byte	5
 1095 042a C4       		.byte	-60
 1096 042b 02       		.byte	2
 1097 042c C6       		.byte	-58
 1098 042d E0       		.byte	-32
 1099 042e C7       		.byte	-57
 1100 042f C0       		.byte	-64
 1101 0430 C8       		.byte	-56
 1102 0431 28       		.byte	40
 1103 0432 C9       		.byte	-55
 1104 0433 FF       		.byte	-1
 1105 0434 CA       		.byte	-54
 1106 0435 FF       		.byte	-1
 1107 0436 CB       		.byte	-53
 1108 0437 FF       		.byte	-1
 1109 0438 CC       		.byte	-52
 1110 0439 62       		.byte	98
 1111 043a CD       		.byte	-51
 1112 043b A0       		.byte	-96
 1113 043c CE       		.byte	-50
 1114 043d F0       		.byte	-16
 1115 043e CF       		.byte	-49
 1116 043f 41       		.byte	65
 1117 0440 D0       		.byte	-48
 1118 0441 0C       		.byte	12
 1119 0442 D8       		.byte	-40
 1120 0443 04       		.byte	4
 1121 0444 D9       		.byte	-39
 1122 0445 04       		.byte	4
 1123 0446 DA       		.byte	-38
 1124 0447 04       		.byte	4
 1125 0448 DF       		.byte	-33
 1126 0449 01       		.byte	1
 1127 044a E6       		.byte	-26
 1128 044b 40       		.byte	64
 1129 044c E7       		.byte	-25
 1130 044d 02       		.byte	2
 1131 044e E9       		.byte	-23
 1132 044f 10       		.byte	16
 1133 0450 EA       		.byte	-22
 1134 0451 30       		.byte	48
 1135 0452 EB       		.byte	-21
 1136 0453 10       		.byte	16
 1137 0454 ED       		.byte	-19
 1138 0455 10       		.byte	16
 1139 0456 EE       		.byte	-18
 1140 0457 10       		.byte	16
ARM GAS  C:\Users\MARKHU~1\AppData\Local\Temp\ccasUwRd.s 			page 21


 1141 0458 EF       		.byte	-17
 1142 0459 12       		.byte	18
 1143 045a 00       		.byte	0
 1144 045b 0A       		.byte	10
 1145 045c 01       		.byte	1
 1146 045d 80       		.byte	-128
 1147 045e 05       		.byte	5
 1148 045f 10       		.byte	16
 1149 0460 06       		.byte	6
 1150 0461 62       		.byte	98
 1151 0462 0A       		.byte	10
 1152 0463 20       		.byte	32
 1153 0464 0D       		.byte	13
 1154 0465 02       		.byte	2
 1155 0466 0E       		.byte	14
 1156 0467 0A       		.byte	10
 1157 0468 0F       		.byte	15
 1158 0469 20       		.byte	32
 1159 046a 11       		.byte	17
 1160 046b 04       		.byte	4
 1161 046c 12       		.byte	18
 1162 046d 04       		.byte	4
 1163 046e 16       		.byte	22
 1164 046f 90       		.byte	-112
 1165 0470 17       		.byte	23
 1166 0471 10       		.byte	16
 1167 0472 18       		.byte	24
 1168 0473 44       		.byte	68
 1169 0474 19       		.byte	25
 1170 0475 80       		.byte	-128
 1171 0476 1A       		.byte	26
 1172 0477 20       		.byte	32
 1173 0478 1B       		.byte	27
 1174 0479 80       		.byte	-128
 1175 047a 1D       		.byte	29
 1176 047b 25       		.byte	37
 1177 047c 1F       		.byte	31
 1178 047d 40       		.byte	64
 1179 047e 23       		.byte	35
 1180 047f 01       		.byte	1
 1181 0480 25       		.byte	37
 1182 0481 10       		.byte	16
 1183 0482 26       		.byte	38
 1184 0483 08       		.byte	8
 1185 0484 27       		.byte	39
 1186 0485 41       		.byte	65
 1187 0486 29       		.byte	41
 1188 0487 40       		.byte	64
 1189 0488 2C       		.byte	44
 1190 0489 08       		.byte	8
 1191 048a 2F       		.byte	47
 1192 048b 12       		.byte	18
 1193 048c 30       		.byte	48
 1194 048d 04       		.byte	4
 1195 048e 31       		.byte	49
 1196 048f 01       		.byte	1
 1197 0490 32       		.byte	50
ARM GAS  C:\Users\MARKHU~1\AppData\Local\Temp\ccasUwRd.s 			page 22


 1198 0491 09       		.byte	9
 1199 0492 35       		.byte	53
 1200 0493 05       		.byte	5
 1201 0494 36       		.byte	54
 1202 0495 10       		.byte	16
 1203 0496 38       		.byte	56
 1204 0497 02       		.byte	2
 1205 0498 3A       		.byte	58
 1206 0499 40       		.byte	64
 1207 049a 3B       		.byte	59
 1208 049b 80       		.byte	-128
 1209 049c 3F       		.byte	63
 1210 049d 06       		.byte	6
 1211 049e 40       		.byte	64
 1212 049f C4       		.byte	-60
 1213 04a0 41       		.byte	65
 1214 04a1 08       		.byte	8
 1215 04a2 45       		.byte	69
 1216 04a3 02       		.byte	2
 1217 04a4 47       		.byte	71
 1218 04a5 88       		.byte	-120
 1219 04a6 49       		.byte	73
 1220 04a7 60       		.byte	96
 1221 04a8 4C       		.byte	76
 1222 04a9 04       		.byte	4
 1223 04aa 4E       		.byte	78
 1224 04ab 01       		.byte	1
 1225 04ac 4F       		.byte	79
 1226 04ad 24       		.byte	36
 1227 04ae 50       		.byte	80
 1228 04af 01       		.byte	1
 1229 04b0 51       		.byte	81
 1230 04b1 10       		.byte	16
 1231 04b2 54       		.byte	84
 1232 04b3 08       		.byte	8
 1233 04b4 58       		.byte	88
 1234 04b5 02       		.byte	2
 1235 04b6 5B       		.byte	91
 1236 04b7 01       		.byte	1
 1237 04b8 5D       		.byte	93
 1238 04b9 01       		.byte	1
 1239 04ba 64       		.byte	100
 1240 04bb 06       		.byte	6
 1241 04bc 85       		.byte	-123
 1242 04bd 21       		.byte	33
 1243 04be 90       		.byte	-112
 1244 04bf 08       		.byte	8
 1245 04c0 91       		.byte	-111
 1246 04c1 10       		.byte	16
 1247 04c2 92       		.byte	-110
 1248 04c3 44       		.byte	68
 1249 04c4 93       		.byte	-109
 1250 04c5 20       		.byte	32
 1251 04c6 97       		.byte	-105
 1252 04c7 80       		.byte	-128
 1253 04c8 99       		.byte	-103
 1254 04c9 12       		.byte	18
ARM GAS  C:\Users\MARKHU~1\AppData\Local\Temp\ccasUwRd.s 			page 23


 1255 04ca 9A       		.byte	-102
 1256 04cb 92       		.byte	-110
 1257 04cc 9E       		.byte	-98
 1258 04cd 04       		.byte	4
 1259 04ce 9F       		.byte	-97
 1260 04cf 40       		.byte	64
 1261 04d0 A1       		.byte	-95
 1262 04d1 02       		.byte	2
 1263 04d2 A2       		.byte	-94
 1264 04d3 11       		.byte	17
 1265 04d4 A3       		.byte	-93
 1266 04d5 03       		.byte	3
 1267 04d6 A4       		.byte	-92
 1268 04d7 02       		.byte	2
 1269 04d8 A5       		.byte	-91
 1270 04d9 10       		.byte	16
 1271 04da A6       		.byte	-90
 1272 04db 80       		.byte	-128
 1273 04dc AA       		.byte	-86
 1274 04dd 02       		.byte	2
 1275 04de C0       		.byte	-64
 1276 04df FD       		.byte	-3
 1277 04e0 C2       		.byte	-62
 1278 04e1 F4       		.byte	-12
 1279 04e2 C4       		.byte	-60
 1280 04e3 76       		.byte	118
 1281 04e4 CA       		.byte	-54
 1282 04e5 78       		.byte	120
 1283 04e6 CC       		.byte	-52
 1284 04e7 E0       		.byte	-32
 1285 04e8 CE       		.byte	-50
 1286 04e9 C1       		.byte	-63
 1287 04ea D0       		.byte	-48
 1288 04eb D7       		.byte	-41
 1289 04ec D2       		.byte	-46
 1290 04ed 3C       		.byte	60
 1291 04ee D6       		.byte	-42
 1292 04ef 80       		.byte	-128
 1293 04f0 D8       		.byte	-40
 1294 04f1 30       		.byte	48
 1295 04f2 30       		.byte	48
 1296 04f3 40       		.byte	64
 1297 04f4 CC       		.byte	-52
 1298 04f5 10       		.byte	16
 1299 04f6 9C       		.byte	-100
 1300 04f7 40       		.byte	64
 1301 04f8 9C       		.byte	-100
 1302 04f9 40       		.byte	64
 1303 04fa 9C       		.byte	-100
 1304 04fb 40       		.byte	64
 1305 04fc 9A       		.byte	-102
 1306 04fd 04       		.byte	4
 1307 04fe 9C       		.byte	-100
 1308 04ff 40       		.byte	64
 1309 0500 AA       		.byte	-86
 1310 0501 04       		.byte	4
 1311 0502 EA       		.byte	-22
ARM GAS  C:\Users\MARKHU~1\AppData\Local\Temp\ccasUwRd.s 			page 24


 1312 0503 80       		.byte	-128
 1313 0504 03       		.byte	3
 1314 0505 10       		.byte	16
 1315 0506 0E       		.byte	14
 1316 0507 10       		.byte	16
 1317 0508 56       		.byte	86
 1318 0509 04       		.byte	4
 1319 050a 63       		.byte	99
 1320 050b 10       		.byte	16
 1321 050c 82       		.byte	-126
 1322 050d 10       		.byte	16
 1323 050e 83       		.byte	-125
 1324 050f 10       		.byte	16
 1325 0510 84       		.byte	-124
 1326 0511 40       		.byte	64
 1327 0512 87       		.byte	-121
 1328 0513 10       		.byte	16
 1329 0514 9A       		.byte	-102
 1330 0515 04       		.byte	4
 1331 0516 9C       		.byte	-100
 1332 0517 40       		.byte	64
 1333 0518 C0       		.byte	-64
 1334 0519 10       		.byte	16
 1335 051a C2       		.byte	-62
 1336 051b 20       		.byte	32
 1337 051c D4       		.byte	-44
 1338 051d 40       		.byte	64
 1339 051e D8       		.byte	-40
 1340 051f 40       		.byte	64
 1341 0520 E0       		.byte	-32
 1342 0521 A0       		.byte	-96
 1343 0522 E2       		.byte	-30
 1344 0523 10       		.byte	16
 1345 0524 E6       		.byte	-26
 1346 0525 10       		.byte	16
 1347 0526 00       		.byte	0
 1348 0527 03       		.byte	3
 1349 0528 0A       		.byte	10
 1350 0529 03       		.byte	3
 1351 052a 10       		.byte	16
 1352 052b 03       		.byte	3
 1353 052c 1A       		.byte	26
 1354 052d 03       		.byte	3
 1355 052e 00       		.byte	0
 1356 052f 03       		.byte	3
 1357 0530 F3       		.byte	-13
 1358 0531 20       		.byte	32
 1359 0532 0C       		.byte	12
 1360 0533 01       		.byte	1
 1361 0534 41       		.byte	65
 1362 0535 00       		.byte	0
 1363 0536 00       		.byte	0
 1364 0537 04       		.byte	4
 1365 0538 04       		.byte	4
 1366 0539 00       		.byte	0
 1367 053a 00       		.byte	0
 1368 053b 00       		.byte	0
ARM GAS  C:\Users\MARKHU~1\AppData\Local\Temp\ccasUwRd.s 			page 25


 1369 053c 08       		.byte	8
 1370 053d 00       		.byte	0
 1371 053e 00       		.byte	0
 1372 053f 00       		.byte	0
 1373 0540 00       		.byte	0
 1374 0541 00       		.byte	0
 1375 0542 E3       		.byte	-29
 1376 0543 04       		.byte	4
 1377 0544 FF       		.byte	-1
 1378 0545 00       		.byte	0
 1379 0546 00       		.byte	0
 1380 0547 08       		.byte	8
 1381 0548 C3       		.byte	-61
 1382 0549 13       		.byte	19
 1383 054a 00       		.byte	0
 1384 054b 00       		.byte	0
 1385 054c 0F       		.byte	15
 1386 054d 00       		.byte	0
 1387 054e F0       		.byte	-16
 1388 054f 00       		.byte	0
 1389 0550 2C       		.byte	44
 1390 0551 00       		.byte	0
 1391 0552 D3       		.byte	-45
 1392 0553 00       		.byte	0
 1393 0554 0C       		.byte	12
 1394 0555 13       		.byte	19
 1395 0556 00       		.byte	0
 1396 0557 00       		.byte	0
 1397 0558 82       		.byte	-126
 1398 0559 00       		.byte	0
 1399 055a 00       		.byte	0
 1400 055b 08       		.byte	8
 1401 055c 00       		.byte	0
 1402 055d 02       		.byte	2
 1403 055e 00       		.byte	0
 1404 055f 10       		.byte	16
 1405 0560 2C       		.byte	44
 1406 0561 30       		.byte	48
 1407 0562 10       		.byte	16
 1408 0563 08       		.byte	8
 1409 0564 C0       		.byte	-64
 1410 0565 03       		.byte	3
 1411 0566 0F       		.byte	15
 1412 0567 04       		.byte	4
 1413 0568 08       		.byte	8
 1414 0569 22       		.byte	34
 1415 056a 80       		.byte	-128
 1416 056b 00       		.byte	0
 1417 056c 00       		.byte	0
 1418 056d 00       		.byte	0
 1419 056e 00       		.byte	0
 1420 056f 54       		.byte	84
 1421 0570 34       		.byte	52
 1422 0571 06       		.byte	6
 1423 0572 05       		.byte	5
 1424 0573 00       		.byte	0
 1425 0574 01       		.byte	1
ARM GAS  C:\Users\MARKHU~1\AppData\Local\Temp\ccasUwRd.s 			page 26


 1426 0575 0C       		.byte	12
 1427 0576 00       		.byte	0
 1428 0577 0E       		.byte	14
 1429 0578 11       		.byte	17
 1430 0579 FF       		.byte	-1
 1431 057a FF       		.byte	-1
 1432 057b FF       		.byte	-1
 1433 057c 62       		.byte	98
 1434 057d A0       		.byte	-96
 1435 057e F0       		.byte	-16
 1436 057f 41       		.byte	65
 1437 0580 0C       		.byte	12
 1438 0581 00       		.byte	0
 1439 0582 00       		.byte	0
 1440 0583 00       		.byte	0
 1441 0584 18       		.byte	24
 1442 0585 00       		.byte	0
 1443 0586 00       		.byte	0
 1444 0587 00       		.byte	0
 1445 0588 04       		.byte	4
 1446 0589 04       		.byte	4
 1447 058a 04       		.byte	4
 1448 058b 04       		.byte	4
 1449 058c 11       		.byte	17
 1450 058d 11       		.byte	17
 1451 058e 00       		.byte	0
 1452 058f 01       		.byte	1
 1453 0590 00       		.byte	0
 1454 0591 00       		.byte	0
 1455 0592 00       		.byte	0
 1456 0593 00       		.byte	0
 1457 0594 00       		.byte	0
 1458 0595 00       		.byte	0
 1459 0596 40       		.byte	64
 1460 0597 02       		.byte	2
 1461 0598 00       		.byte	0
 1462 0599 10       		.byte	16
 1463 059a 30       		.byte	48
 1464 059b 10       		.byte	16
 1465 059c 00       		.byte	0
 1466 059d 10       		.byte	16
 1467 059e 10       		.byte	16
 1468 059f 12       		.byte	18
 1469 05a0 00       		.byte	0
 1470 05a1 00       		.byte	0
 1471 05a2 00       		.byte	0
 1472 05a3 00       		.byte	0
 1473 05a4 00       		.byte	0
 1474 05a5 00       		.byte	0
 1475 05a6 00       		.byte	0
 1476 05a7 00       		.byte	0
 1477 05a8 00       		.byte	0
 1478 05a9 00       		.byte	0
 1479 05aa 00       		.byte	0
 1480 05ab 00       		.byte	0
 1481 05ac 00       		.byte	0
 1482 05ad 00       		.byte	0
ARM GAS  C:\Users\MARKHU~1\AppData\Local\Temp\ccasUwRd.s 			page 27


 1483 05ae 00       		.byte	0
 1484 05af 00       		.byte	0
 1485 05b0 00       		.byte	0
 1486 05b1 0B       		.byte	11
 1487 05b2 0B       		.byte	11
 1488 05b3 00       		.byte	0
 1489 05b4 00       		.byte	0
 1490 05b5 00       		.byte	0
 1491 05b6 00       		.byte	0
 1492 05b7 00       		.byte	0
 1493 05b8 12       		.byte	18
 1494 05b9 00       		.byte	0
 1495 05ba 21       		.byte	33
 1496 05bb 92       		.byte	-110
 1497 05bc 92       		.byte	-110
 1498 05bd 00       		.byte	0
 1499 05be 12       		.byte	18
 1500 05bf 00       		.byte	0
 1501 05c0 00       		.byte	0
 1502 05c1 00       		.byte	0
 1503 05c2 00       		.byte	0
 1504 05c3 00       		.byte	0
 1505              		.section	.cywolatch,"a",%progbits
 1506              		.align	2
 1507              		.type	cy_meta_wonvl, %object
 1508              		.size	cy_meta_wonvl, 4
 1509              	cy_meta_wonvl:
 1510 0000 BC       		.byte	-68
 1511 0001 90       		.byte	-112
 1512 0002 AC       		.byte	-84
 1513 0003 AF       		.byte	-81
 1514              		.section	.cycustnvl,"a",%progbits
 1515              		.align	2
 1516              		.type	cy_meta_custnvl, %object
 1517              		.size	cy_meta_custnvl, 4
 1518              	cy_meta_custnvl:
 1519 0000 00       		.byte	0
 1520 0001 00       		.byte	0
 1521 0002 40       		.byte	64
 1522 0003 05       		.byte	5
 1523              		.section	.cymeta,"a",%progbits
 1524              		.align	2
 1525              		.type	cy_metadata, %object
 1526              		.size	cy_metadata, 12
 1527              	cy_metadata:
 1528 0000 00       		.byte	0
 1529 0001 01       		.byte	1
 1530 0002 2E       		.byte	46
 1531 0003 15       		.byte	21
 1532 0004 90       		.byte	-112
 1533 0005 69       		.byte	105
 1534 0006 00       		.byte	0
 1535 0007 01       		.byte	1
 1536 0008 00       		.byte	0
 1537 0009 00       		.byte	0
 1538 000a 00       		.byte	0
 1539 000b 00       		.byte	0
ARM GAS  C:\Users\MARKHU~1\AppData\Local\Temp\ccasUwRd.s 			page 28


 1540              		.section	.cyflashprotect,"a",%progbits
 1541              		.align	2
 1542              		.type	cy_meta_flashprotect, %object
 1543              		.size	cy_meta_flashprotect, 128
 1544              	cy_meta_flashprotect:
 1545 0000 00000000 		.space	128
 1545      00000000 
 1545      00000000 
 1545      00000000 
 1545      00000000 
 1546              		.text
 1547              	.Letext0:
 1548              		.file 1 "c:\\program files (x86)\\cypress\\psoc creator\\4.4\\psoc creator\\import\\gnu\\arm\\5.4.
 1549              		.file 2 "c:\\program files (x86)\\cypress\\psoc creator\\4.4\\psoc creator\\import\\gnu\\arm\\5.4.
 1550              		.file 3 "Generated_Source\\PSoC5\\cymetadata.c"
 1551              		.section	.debug_info,"",%progbits
 1552              	.Ldebug_info0:
 1553 0000 33010000 		.4byte	0x133
 1554 0004 0400     		.2byte	0x4
 1555 0006 00000000 		.4byte	.Ldebug_abbrev0
 1556 000a 04       		.byte	0x4
 1557 000b 01       		.uleb128 0x1
 1558 000c 3B000000 		.4byte	.LASF17
 1559 0010 0C       		.byte	0xc
 1560 0011 D7010000 		.4byte	.LASF18
 1561 0015 1D010000 		.4byte	.LASF19
 1562 0019 00000000 		.4byte	.Ldebug_line0
 1563 001d 02       		.uleb128 0x2
 1564 001e 01       		.byte	0x1
 1565 001f 06       		.byte	0x6
 1566 0020 CB010000 		.4byte	.LASF0
 1567 0024 03       		.uleb128 0x3
 1568 0025 00000000 		.4byte	.LASF9
 1569 0029 01       		.byte	0x1
 1570 002a 1D       		.byte	0x1d
 1571 002b 2F000000 		.4byte	0x2f
 1572 002f 02       		.uleb128 0x2
 1573 0030 01       		.byte	0x1
 1574 0031 08       		.byte	0x8
 1575 0032 2D000000 		.4byte	.LASF1
 1576 0036 02       		.uleb128 0x2
 1577 0037 02       		.byte	0x2
 1578 0038 05       		.byte	0x5
 1579 0039 B8010000 		.4byte	.LASF2
 1580 003d 02       		.uleb128 0x2
 1581 003e 02       		.byte	0x2
 1582 003f 07       		.byte	0x7
 1583 0040 DB000000 		.4byte	.LASF3
 1584 0044 02       		.uleb128 0x2
 1585 0045 04       		.byte	0x4
 1586 0046 05       		.byte	0x5
 1587 0047 C2010000 		.4byte	.LASF4
 1588 004b 02       		.uleb128 0x2
 1589 004c 04       		.byte	0x4
 1590 004d 07       		.byte	0x7
 1591 004e C9000000 		.4byte	.LASF5
 1592 0052 02       		.uleb128 0x2
ARM GAS  C:\Users\MARKHU~1\AppData\Local\Temp\ccasUwRd.s 			page 29


 1593 0053 08       		.byte	0x8
 1594 0054 05       		.byte	0x5
 1595 0055 AA010000 		.4byte	.LASF6
 1596 0059 02       		.uleb128 0x2
 1597 005a 08       		.byte	0x8
 1598 005b 07       		.byte	0x7
 1599 005c 16000000 		.4byte	.LASF7
 1600 0060 04       		.uleb128 0x4
 1601 0061 04       		.byte	0x4
 1602 0062 05       		.byte	0x5
 1603 0063 696E7400 		.ascii	"int\000"
 1604 0067 02       		.uleb128 0x2
 1605 0068 04       		.byte	0x4
 1606 0069 07       		.byte	0x7
 1607 006a 10010000 		.4byte	.LASF8
 1608 006e 03       		.uleb128 0x3
 1609 006f 76010000 		.4byte	.LASF10
 1610 0073 02       		.byte	0x2
 1611 0074 18       		.byte	0x18
 1612 0075 24000000 		.4byte	0x24
 1613 0079 05       		.uleb128 0x5
 1614 007a 91000000 		.4byte	0x91
 1615 007e 8A000000 		.4byte	0x8a
 1616 0082 06       		.uleb128 0x6
 1617 0083 8A000000 		.4byte	0x8a
 1618 0087 C305     		.2byte	0x5c3
 1619 0089 00       		.byte	0
 1620 008a 02       		.uleb128 0x2
 1621 008b 04       		.byte	0x4
 1622 008c 07       		.byte	0x7
 1623 008d A1010000 		.4byte	.LASF11
 1624 0091 07       		.uleb128 0x7
 1625 0092 6E000000 		.4byte	0x6e
 1626 0096 08       		.uleb128 0x8
 1627 0097 FE000000 		.4byte	.LASF12
 1628 009b 03       		.byte	0x3
 1629 009c 1F       		.byte	0x1f
 1630 009d A7000000 		.4byte	0xa7
 1631 00a1 05       		.uleb128 0x5
 1632 00a2 03       		.byte	0x3
 1633 00a3 00000000 		.4byte	cy_meta_configecc
 1634 00a7 07       		.uleb128 0x7
 1635 00a8 79000000 		.4byte	0x79
 1636 00ac 05       		.uleb128 0x5
 1637 00ad 91000000 		.4byte	0x91
 1638 00b1 BC000000 		.4byte	0xbc
 1639 00b5 09       		.uleb128 0x9
 1640 00b6 8A000000 		.4byte	0x8a
 1641 00ba 03       		.byte	0x3
 1642 00bb 00       		.byte	0
 1643 00bc 08       		.uleb128 0x8
 1644 00bd EE000000 		.4byte	.LASF13
 1645 00c1 03       		.byte	0x3
 1646 00c2 E5       		.byte	0xe5
 1647 00c3 CD000000 		.4byte	0xcd
 1648 00c7 05       		.uleb128 0x5
 1649 00c8 03       		.byte	0x3
ARM GAS  C:\Users\MARKHU~1\AppData\Local\Temp\ccasUwRd.s 			page 30


 1650 00c9 00000000 		.4byte	cy_meta_custnvl
 1651 00cd 07       		.uleb128 0x7
 1652 00ce AC000000 		.4byte	0xac
 1653 00d2 08       		.uleb128 0x8
 1654 00d3 93010000 		.4byte	.LASF14
 1655 00d7 03       		.byte	0x3
 1656 00d8 F3       		.byte	0xf3
 1657 00d9 E3000000 		.4byte	0xe3
 1658 00dd 05       		.uleb128 0x5
 1659 00de 03       		.byte	0x3
 1660 00df 00000000 		.4byte	cy_meta_wonvl
 1661 00e3 07       		.uleb128 0x7
 1662 00e4 AC000000 		.4byte	0xac
 1663 00e8 05       		.uleb128 0x5
 1664 00e9 91000000 		.4byte	0x91
 1665 00ed F8000000 		.4byte	0xf8
 1666 00f1 09       		.uleb128 0x9
 1667 00f2 8A000000 		.4byte	0x8a
 1668 00f6 7F       		.byte	0x7f
 1669 00f7 00       		.byte	0
 1670 00f8 0A       		.uleb128 0xa
 1671 00f9 7E010000 		.4byte	.LASF15
 1672 00fd 03       		.byte	0x3
 1673 00fe 0101     		.2byte	0x101
 1674 0100 0A010000 		.4byte	0x10a
 1675 0104 05       		.uleb128 0x5
 1676 0105 03       		.byte	0x3
 1677 0106 00000000 		.4byte	cy_meta_flashprotect
 1678 010a 07       		.uleb128 0x7
 1679 010b E8000000 		.4byte	0xe8
 1680 010f 05       		.uleb128 0x5
 1681 0110 91000000 		.4byte	0x91
 1682 0114 1F010000 		.4byte	0x11f
 1683 0118 09       		.uleb128 0x9
 1684 0119 8A000000 		.4byte	0x8a
 1685 011d 0B       		.byte	0xb
 1686 011e 00       		.byte	0
 1687 011f 0A       		.uleb128 0xa
 1688 0120 0A000000 		.4byte	.LASF16
 1689 0124 03       		.byte	0x3
 1690 0125 1E01     		.2byte	0x11e
 1691 0127 31010000 		.4byte	0x131
 1692 012b 05       		.uleb128 0x5
 1693 012c 03       		.byte	0x3
 1694 012d 00000000 		.4byte	cy_metadata
 1695 0131 07       		.uleb128 0x7
 1696 0132 0F010000 		.4byte	0x10f
 1697 0136 00       		.byte	0
 1698              		.section	.debug_abbrev,"",%progbits
 1699              	.Ldebug_abbrev0:
 1700 0000 01       		.uleb128 0x1
 1701 0001 11       		.uleb128 0x11
 1702 0002 01       		.byte	0x1
 1703 0003 25       		.uleb128 0x25
 1704 0004 0E       		.uleb128 0xe
 1705 0005 13       		.uleb128 0x13
 1706 0006 0B       		.uleb128 0xb
ARM GAS  C:\Users\MARKHU~1\AppData\Local\Temp\ccasUwRd.s 			page 31


 1707 0007 03       		.uleb128 0x3
 1708 0008 0E       		.uleb128 0xe
 1709 0009 1B       		.uleb128 0x1b
 1710 000a 0E       		.uleb128 0xe
 1711 000b 10       		.uleb128 0x10
 1712 000c 17       		.uleb128 0x17
 1713 000d 00       		.byte	0
 1714 000e 00       		.byte	0
 1715 000f 02       		.uleb128 0x2
 1716 0010 24       		.uleb128 0x24
 1717 0011 00       		.byte	0
 1718 0012 0B       		.uleb128 0xb
 1719 0013 0B       		.uleb128 0xb
 1720 0014 3E       		.uleb128 0x3e
 1721 0015 0B       		.uleb128 0xb
 1722 0016 03       		.uleb128 0x3
 1723 0017 0E       		.uleb128 0xe
 1724 0018 00       		.byte	0
 1725 0019 00       		.byte	0
 1726 001a 03       		.uleb128 0x3
 1727 001b 16       		.uleb128 0x16
 1728 001c 00       		.byte	0
 1729 001d 03       		.uleb128 0x3
 1730 001e 0E       		.uleb128 0xe
 1731 001f 3A       		.uleb128 0x3a
 1732 0020 0B       		.uleb128 0xb
 1733 0021 3B       		.uleb128 0x3b
 1734 0022 0B       		.uleb128 0xb
 1735 0023 49       		.uleb128 0x49
 1736 0024 13       		.uleb128 0x13
 1737 0025 00       		.byte	0
 1738 0026 00       		.byte	0
 1739 0027 04       		.uleb128 0x4
 1740 0028 24       		.uleb128 0x24
 1741 0029 00       		.byte	0
 1742 002a 0B       		.uleb128 0xb
 1743 002b 0B       		.uleb128 0xb
 1744 002c 3E       		.uleb128 0x3e
 1745 002d 0B       		.uleb128 0xb
 1746 002e 03       		.uleb128 0x3
 1747 002f 08       		.uleb128 0x8
 1748 0030 00       		.byte	0
 1749 0031 00       		.byte	0
 1750 0032 05       		.uleb128 0x5
 1751 0033 01       		.uleb128 0x1
 1752 0034 01       		.byte	0x1
 1753 0035 49       		.uleb128 0x49
 1754 0036 13       		.uleb128 0x13
 1755 0037 01       		.uleb128 0x1
 1756 0038 13       		.uleb128 0x13
 1757 0039 00       		.byte	0
 1758 003a 00       		.byte	0
 1759 003b 06       		.uleb128 0x6
 1760 003c 21       		.uleb128 0x21
 1761 003d 00       		.byte	0
 1762 003e 49       		.uleb128 0x49
 1763 003f 13       		.uleb128 0x13
ARM GAS  C:\Users\MARKHU~1\AppData\Local\Temp\ccasUwRd.s 			page 32


 1764 0040 2F       		.uleb128 0x2f
 1765 0041 05       		.uleb128 0x5
 1766 0042 00       		.byte	0
 1767 0043 00       		.byte	0
 1768 0044 07       		.uleb128 0x7
 1769 0045 26       		.uleb128 0x26
 1770 0046 00       		.byte	0
 1771 0047 49       		.uleb128 0x49
 1772 0048 13       		.uleb128 0x13
 1773 0049 00       		.byte	0
 1774 004a 00       		.byte	0
 1775 004b 08       		.uleb128 0x8
 1776 004c 34       		.uleb128 0x34
 1777 004d 00       		.byte	0
 1778 004e 03       		.uleb128 0x3
 1779 004f 0E       		.uleb128 0xe
 1780 0050 3A       		.uleb128 0x3a
 1781 0051 0B       		.uleb128 0xb
 1782 0052 3B       		.uleb128 0x3b
 1783 0053 0B       		.uleb128 0xb
 1784 0054 49       		.uleb128 0x49
 1785 0055 13       		.uleb128 0x13
 1786 0056 3F       		.uleb128 0x3f
 1787 0057 19       		.uleb128 0x19
 1788 0058 02       		.uleb128 0x2
 1789 0059 18       		.uleb128 0x18
 1790 005a 00       		.byte	0
 1791 005b 00       		.byte	0
 1792 005c 09       		.uleb128 0x9
 1793 005d 21       		.uleb128 0x21
 1794 005e 00       		.byte	0
 1795 005f 49       		.uleb128 0x49
 1796 0060 13       		.uleb128 0x13
 1797 0061 2F       		.uleb128 0x2f
 1798 0062 0B       		.uleb128 0xb
 1799 0063 00       		.byte	0
 1800 0064 00       		.byte	0
 1801 0065 0A       		.uleb128 0xa
 1802 0066 34       		.uleb128 0x34
 1803 0067 00       		.byte	0
 1804 0068 03       		.uleb128 0x3
 1805 0069 0E       		.uleb128 0xe
 1806 006a 3A       		.uleb128 0x3a
 1807 006b 0B       		.uleb128 0xb
 1808 006c 3B       		.uleb128 0x3b
 1809 006d 05       		.uleb128 0x5
 1810 006e 49       		.uleb128 0x49
 1811 006f 13       		.uleb128 0x13
 1812 0070 3F       		.uleb128 0x3f
 1813 0071 19       		.uleb128 0x19
 1814 0072 02       		.uleb128 0x2
 1815 0073 18       		.uleb128 0x18
 1816 0074 00       		.byte	0
 1817 0075 00       		.byte	0
 1818 0076 00       		.byte	0
 1819              		.section	.debug_aranges,"",%progbits
 1820 0000 14000000 		.4byte	0x14
ARM GAS  C:\Users\MARKHU~1\AppData\Local\Temp\ccasUwRd.s 			page 33


 1821 0004 0200     		.2byte	0x2
 1822 0006 00000000 		.4byte	.Ldebug_info0
 1823 000a 04       		.byte	0x4
 1824 000b 00       		.byte	0
 1825 000c 0000     		.2byte	0
 1826 000e 0000     		.2byte	0
 1827 0010 00000000 		.4byte	0
 1828 0014 00000000 		.4byte	0
 1829              		.section	.debug_line,"",%progbits
 1830              	.Ldebug_line0:
 1831 0000 3D010000 		.section	.debug_str,"MS",%progbits,1
 1831      02003701 
 1831      00000201 
 1831      FB0E0D00 
 1831      01010101 
 1832              	.LASF9:
 1833 0000 5F5F7569 		.ascii	"__uint8_t\000"
 1833      6E74385F 
 1833      7400
 1834              	.LASF16:
 1835 000a 63795F6D 		.ascii	"cy_metadata\000"
 1835      65746164 
 1835      61746100 
 1836              	.LASF7:
 1837 0016 6C6F6E67 		.ascii	"long long unsigned int\000"
 1837      206C6F6E 
 1837      6720756E 
 1837      7369676E 
 1837      65642069 
 1838              	.LASF1:
 1839 002d 756E7369 		.ascii	"unsigned char\000"
 1839      676E6564 
 1839      20636861 
 1839      7200
 1840              	.LASF17:
 1841 003b 474E5520 		.ascii	"GNU C11 5.4.1 20160609 (release) [ARM/embedded-5-br"
 1841      43313120 
 1841      352E342E 
 1841      31203230 
 1841      31363036 
 1842 006e 616E6368 		.ascii	"anch revision 237715] -mcpu=cortex-m3 -mthumb -g -O"
 1842      20726576 
 1842      6973696F 
 1842      6E203233 
 1842      37373135 
 1843 00a1 67202D66 		.ascii	"g -ffunction-sections -ffat-lto-objects\000"
 1843      66756E63 
 1843      74696F6E 
 1843      2D736563 
 1843      74696F6E 
 1844              	.LASF5:
 1845 00c9 6C6F6E67 		.ascii	"long unsigned int\000"
 1845      20756E73 
 1845      69676E65 
 1845      6420696E 
 1845      7400
 1846              	.LASF3:
ARM GAS  C:\Users\MARKHU~1\AppData\Local\Temp\ccasUwRd.s 			page 34


 1847 00db 73686F72 		.ascii	"short unsigned int\000"
 1847      7420756E 
 1847      7369676E 
 1847      65642069 
 1847      6E7400
 1848              	.LASF13:
 1849 00ee 63795F6D 		.ascii	"cy_meta_custnvl\000"
 1849      6574615F 
 1849      63757374 
 1849      6E766C00 
 1850              	.LASF12:
 1851 00fe 63795F6D 		.ascii	"cy_meta_configecc\000"
 1851      6574615F 
 1851      636F6E66 
 1851      69676563 
 1851      6300
 1852              	.LASF8:
 1853 0110 756E7369 		.ascii	"unsigned int\000"
 1853      676E6564 
 1853      20696E74 
 1853      00
 1854              	.LASF19:
 1855 011d 433A5C55 		.ascii	"C:\\Users\\Mark Hughes\\Desktop\\Work\\WORK\\WORK\\"
 1855      73657273 
 1855      5C4D6172 
 1855      6B204875 
 1855      67686573 
 1856 0149 53747564 		.ascii	"Study\\Cypress_Study\\Study\\GPS_Enhanced.cydsn\000"
 1856      795C4379 
 1856      70726573 
 1856      735F5374 
 1856      7564795C 
 1857              	.LASF10:
 1858 0176 75696E74 		.ascii	"uint8_t\000"
 1858      385F7400 
 1859              	.LASF15:
 1860 017e 63795F6D 		.ascii	"cy_meta_flashprotect\000"
 1860      6574615F 
 1860      666C6173 
 1860      6870726F 
 1860      74656374 
 1861              	.LASF14:
 1862 0193 63795F6D 		.ascii	"cy_meta_wonvl\000"
 1862      6574615F 
 1862      776F6E76 
 1862      6C00
 1863              	.LASF11:
 1864 01a1 73697A65 		.ascii	"sizetype\000"
 1864      74797065 
 1864      00
 1865              	.LASF6:
 1866 01aa 6C6F6E67 		.ascii	"long long int\000"
 1866      206C6F6E 
 1866      6720696E 
 1866      7400
 1867              	.LASF2:
 1868 01b8 73686F72 		.ascii	"short int\000"
ARM GAS  C:\Users\MARKHU~1\AppData\Local\Temp\ccasUwRd.s 			page 35


 1868      7420696E 
 1868      7400
 1869              	.LASF4:
 1870 01c2 6C6F6E67 		.ascii	"long int\000"
 1870      20696E74 
 1870      00
 1871              	.LASF0:
 1872 01cb 7369676E 		.ascii	"signed char\000"
 1872      65642063 
 1872      68617200 
 1873              	.LASF18:
 1874 01d7 47656E65 		.ascii	"Generated_Source\\PSoC5\\cymetadata.c\000"
 1874      72617465 
 1874      645F536F 
 1874      75726365 
 1874      5C50536F 
 1875              		.ident	"GCC: (GNU Tools for ARM Embedded Processors) 5.4.1 20160609 (release) [ARM/embedded-5-bran
