--------------- Build Started: 03/19/2023 21:53:27 Project: LED_Blinking, Configuration: ARM GCC 5.4-2016-q2-update Debug ---------------
cydsfit.exe -.appdatapath "C:\Users\tonkl\AppData\Local\Cypress Semiconductor\PSoC Creator\4.4" -.fdsnotice -.fdswarpdepfile=warp_dependencies.txt -.fdselabdepfile=elab_dependencies.txt -.fdsbldfile=generated_files.txt -.fdsreffile=referenced_files.txt -p D:\WORK\Study\Cypress_Study\LED_Blinking_PWM\LED_Blinking.cydsn\LED_Blinking.cyprj -d CY8C5287AXI-LP095 -s D:\WORK\Study\Cypress_Study\LED_Blinking_PWM\LED_Blinking.cydsn\Generated_Source\PSoC5 -- -yv2 -q10 -ygs -o2 -v3 -.fftcfgtype=LE
Elaborating Design...
ADD: fit.M0032: warning: Clock Warning: (Clock_1's accuracy range '1  Hz -50% +100%, (0.5  Hz - 2  Hz)' is not within the specified tolerance range '1  Hz +/- 5%, (0.95  Hz - 1.05  Hz)'.).
 * D:\WORK\Study\Cypress_Study\LED_Blinking_PWM\LED_Blinking.cydsn\LED_Blinking.cydwr (Clock_1)
 * D:\WORK\Study\Cypress_Study\LED_Blinking_PWM\LED_Blinking.cydsn\TopDesign\TopDesign.cysch (Instance:Clock_1)
HDL Generation...
Synthesis...
Tech Mapping...
Analog Placement...
Analog Routing...
Analog Code Generation...
Digital Placement...
Digital Routing...
Bitstream Generation...
Bitstream Verification...
Static timing analysis...
API Generation...
Dependency Generation...
Cleanup...
--------------- Build Succeeded: 03/19/2023 21:53:33 ---------------
