ARM GAS  C:\Users\MARKHU~1\AppData\Local\Temp\ccWaiE9b.s 			page 1


   1              		.syntax unified
   2              		.cpu cortex-m3
   3              		.fpu softvfp
   4              		.eabi_attribute 20, 1
   5              		.eabi_attribute 21, 1
   6              		.eabi_attribute 23, 3
   7              		.eabi_attribute 24, 1
   8              		.eabi_attribute 25, 1
   9              		.eabi_attribute 26, 1
  10              		.eabi_attribute 30, 1
  11              		.eabi_attribute 34, 1
  12              		.eabi_attribute 18, 4
  13              		.thumb
  14              		.syntax unified
  15              		.file	"cymetadata.c"
  16              		.text
  17              	.Ltext0:
  18              		.cfi_sections	.debug_frame
  19              		.global	cy_metadata
  20              		.global	cy_meta_flashprotect
  21              		.global	cy_meta_wonvl
  22              		.global	cy_meta_custnvl
  23              		.global	cy_meta_configecc
  24              		.section	.cyconfigecc,"a",%progbits
  25              		.align	2
  26              		.type	cy_meta_configecc, %object
  27              		.size	cy_meta_configecc, 1712
  28              	cy_meta_configecc:
  29 0000 03       		.byte	3
  30 0001 52       		.byte	82
  31 0002 00       		.byte	0
  32 0003 40       		.byte	64
  33 0004 03       		.byte	3
  34 0005 64       		.byte	100
  35 0006 00       		.byte	0
  36 0007 40       		.byte	64
  37 0008 03       		.byte	3
  38 0009 65       		.byte	101
  39 000a 00       		.byte	0
  40 000b 40       		.byte	64
  41 000c 4E       		.byte	78
  42 000d 02       		.byte	2
  43 000e 01       		.byte	1
  44 000f 40       		.byte	64
  45 0010 2D       		.byte	45
  46 0011 03       		.byte	3
  47 0012 01       		.byte	1
  48 0013 40       		.byte	64
  49 0014 52       		.byte	82
  50 0015 04       		.byte	4
  51 0016 01       		.byte	1
  52 0017 40       		.byte	64
  53 0018 44       		.byte	68
  54 0019 05       		.byte	5
  55 001a 01       		.byte	1
  56 001b 40       		.byte	64
  57 001c 56       		.byte	86
ARM GAS  C:\Users\MARKHU~1\AppData\Local\Temp\ccWaiE9b.s 			page 2


  58 001d 06       		.byte	6
  59 001e 01       		.byte	1
  60 001f 40       		.byte	64
  61 0020 4A       		.byte	74
  62 0021 07       		.byte	7
  63 0022 01       		.byte	1
  64 0023 40       		.byte	64
  65 0024 4F       		.byte	79
  66 0025 14       		.byte	20
  67 0026 01       		.byte	1
  68 0027 40       		.byte	64
  69 0028 4D       		.byte	77
  70 0029 15       		.byte	21
  71 002a 01       		.byte	1
  72 002b 40       		.byte	64
  73 002c 6B       		.byte	107
  74 002d 16       		.byte	22
  75 002e 01       		.byte	1
  76 002f 40       		.byte	64
  77 0030 47       		.byte	71
  78 0031 17       		.byte	23
  79 0032 01       		.byte	1
  80 0033 40       		.byte	64
  81 0034 02       		.byte	2
  82 0035 40       		.byte	64
  83 0036 01       		.byte	1
  84 0037 40       		.byte	64
  85 0038 01       		.byte	1
  86 0039 41       		.byte	65
  87 003a 01       		.byte	1
  88 003b 40       		.byte	64
  89 003c 01       		.byte	1
  90 003d 42       		.byte	66
  91 003e 01       		.byte	1
  92 003f 40       		.byte	64
  93 0040 03       		.byte	3
  94 0041 43       		.byte	67
  95 0042 01       		.byte	1
  96 0043 40       		.byte	64
  97 0044 11       		.byte	17
  98 0045 49       		.byte	73
  99 0046 01       		.byte	1
 100 0047 40       		.byte	64
 101 0048 05       		.byte	5
 102 0049 50       		.byte	80
 103 004a 01       		.byte	1
 104 004b 40       		.byte	64
 105 004c 01       		.byte	1
 106 004d 51       		.byte	81
 107 004e 01       		.byte	1
 108 004f 40       		.byte	64
 109 0050 18       		.byte	24
 110 0051 10       		.byte	16
 111 0052 19       		.byte	25
 112 0053 02       		.byte	2
 113 0054 1C       		.byte	28
 114 0055 21       		.byte	33
ARM GAS  C:\Users\MARKHU~1\AppData\Local\Temp\ccWaiE9b.s 			page 3


 115 0056 82       		.byte	-126
 116 0057 76       		.byte	118
 117 0058 84       		.byte	-124
 118 0059 72       		.byte	114
 119 005a 87       		.byte	-121
 120 005b 38       		.byte	56
 121 005c 84       		.byte	-124
 122 005d 0F       		.byte	15
 123 005e 85       		.byte	-123
 124 005f 38       		.byte	56
 125 0060 86       		.byte	-122
 126 0061 0F       		.byte	15
 127 0062 01       		.byte	1
 128 0063 03       		.byte	3
 129 0064 05       		.byte	5
 130 0065 F3       		.byte	-13
 131 0066 07       		.byte	7
 132 0067 0C       		.byte	12
 133 0068 09       		.byte	9
 134 0069 FF       		.byte	-1
 135 006a 0D       		.byte	13
 136 006b 9C       		.byte	-100
 137 006c 0F       		.byte	15
 138 006d 43       		.byte	67
 139 006e 13       		.byte	19
 140 006f 80       		.byte	-128
 141 0070 15       		.byte	21
 142 0071 02       		.byte	2
 143 0072 19       		.byte	25
 144 0073 04       		.byte	4
 145 0074 1F       		.byte	31
 146 0075 0C       		.byte	12
 147 0076 21       		.byte	33
 148 0077 9F       		.byte	-97
 149 0078 23       		.byte	35
 150 0079 20       		.byte	32
 151 007a 25       		.byte	37
 152 007b 81       		.byte	-127
 153 007c 29       		.byte	41
 154 007d 08       		.byte	8
 155 007e 2F       		.byte	47
 156 007f 63       		.byte	99
 157 0080 31       		.byte	49
 158 0081 10       		.byte	16
 159 0082 33       		.byte	51
 160 0083 0F       		.byte	15
 161 0084 37       		.byte	55
 162 0085 EC       		.byte	-20
 163 0086 3B       		.byte	59
 164 0087 A8       		.byte	-88
 165 0088 3F       		.byte	63
 166 0089 01       		.byte	1
 167 008a 56       		.byte	86
 168 008b 02       		.byte	2
 169 008c 57       		.byte	87
 170 008d 13       		.byte	19
 171 008e 59       		.byte	89
ARM GAS  C:\Users\MARKHU~1\AppData\Local\Temp\ccWaiE9b.s 			page 4


 172 008f 04       		.byte	4
 173 0090 5B       		.byte	91
 174 0091 04       		.byte	4
 175 0092 5F       		.byte	95
 176 0093 01       		.byte	1
 177 0094 81       		.byte	-127
 178 0095 3C       		.byte	60
 179 0096 82       		.byte	-126
 180 0097 01       		.byte	1
 181 0098 83       		.byte	-125
 182 0099 C1       		.byte	-63
 183 009a 85       		.byte	-123
 184 009b BC       		.byte	-68
 185 009c 87       		.byte	-121
 186 009d 42       		.byte	66
 187 009e 89       		.byte	-119
 188 009f FF       		.byte	-1
 189 00a0 93       		.byte	-109
 190 00a1 C3       		.byte	-61
 191 00a2 95       		.byte	-107
 192 00a3 18       		.byte	24
 193 00a4 99       		.byte	-103
 194 00a5 08       		.byte	8
 195 00a6 9D       		.byte	-99
 196 00a7 10       		.byte	16
 197 00a8 A1       		.byte	-95
 198 00a9 04       		.byte	4
 199 00aa A7       		.byte	-89
 200 00ab 04       		.byte	4
 201 00ac AA       		.byte	-86
 202 00ad 01       		.byte	1
 203 00ae AD       		.byte	-83
 204 00af E7       		.byte	-25
 205 00b0 AF       		.byte	-81
 206 00b1 18       		.byte	24
 207 00b2 B1       		.byte	-79
 208 00b3 58       		.byte	88
 209 00b4 B3       		.byte	-77
 210 00b5 20       		.byte	32
 211 00b6 B4       		.byte	-76
 212 00b7 01       		.byte	1
 213 00b8 B5       		.byte	-75
 214 00b9 1F       		.byte	31
 215 00ba B7       		.byte	-73
 216 00bb 98       		.byte	-104
 217 00bc BA       		.byte	-70
 218 00bd 08       		.byte	8
 219 00be BB       		.byte	-69
 220 00bf 22       		.byte	34
 221 00c0 BE       		.byte	-66
 222 00c1 10       		.byte	16
 223 00c2 BF       		.byte	-65
 224 00c3 04       		.byte	4
 225 00c4 C0       		.byte	-64
 226 00c5 34       		.byte	52
 227 00c6 C1       		.byte	-63
 228 00c7 02       		.byte	2
ARM GAS  C:\Users\MARKHU~1\AppData\Local\Temp\ccWaiE9b.s 			page 5


 229 00c8 C2       		.byte	-62
 230 00c9 05       		.byte	5
 231 00ca C4       		.byte	-60
 232 00cb 01       		.byte	1
 233 00cc C6       		.byte	-58
 234 00cd 0E       		.byte	14
 235 00ce C7       		.byte	-57
 236 00cf 0C       		.byte	12
 237 00d0 C8       		.byte	-56
 238 00d1 14       		.byte	20
 239 00d2 C9       		.byte	-55
 240 00d3 FF       		.byte	-1
 241 00d4 CA       		.byte	-54
 242 00d5 FF       		.byte	-1
 243 00d6 CB       		.byte	-53
 244 00d7 FF       		.byte	-1
 245 00d8 CC       		.byte	-52
 246 00d9 62       		.byte	98
 247 00da CD       		.byte	-51
 248 00db A0       		.byte	-96
 249 00dc CE       		.byte	-50
 250 00dd F0       		.byte	-16
 251 00de CF       		.byte	-49
 252 00df 41       		.byte	65
 253 00e0 D0       		.byte	-48
 254 00e1 0C       		.byte	12
 255 00e2 D8       		.byte	-40
 256 00e3 04       		.byte	4
 257 00e4 D9       		.byte	-39
 258 00e5 04       		.byte	4
 259 00e6 DA       		.byte	-38
 260 00e7 04       		.byte	4
 261 00e8 DC       		.byte	-36
 262 00e9 11       		.byte	17
 263 00ea DD       		.byte	-35
 264 00eb 01       		.byte	1
 265 00ec DF       		.byte	-33
 266 00ed 01       		.byte	1
 267 00ee E6       		.byte	-26
 268 00ef 40       		.byte	64
 269 00f0 E7       		.byte	-25
 270 00f1 02       		.byte	2
 271 00f2 E9       		.byte	-23
 272 00f3 10       		.byte	16
 273 00f4 EA       		.byte	-22
 274 00f5 30       		.byte	48
 275 00f6 EB       		.byte	-21
 276 00f7 10       		.byte	16
 277 00f8 ED       		.byte	-19
 278 00f9 10       		.byte	16
 279 00fa EE       		.byte	-18
 280 00fb 10       		.byte	16
 281 00fc EF       		.byte	-17
 282 00fd 12       		.byte	18
 283 00fe 00       		.byte	0
 284 00ff 02       		.byte	2
 285 0100 10       		.byte	16
ARM GAS  C:\Users\MARKHU~1\AppData\Local\Temp\ccWaiE9b.s 			page 6


 286 0101 08       		.byte	8
 287 0102 18       		.byte	24
 288 0103 10       		.byte	16
 289 0104 1B       		.byte	27
 290 0105 20       		.byte	32
 291 0106 20       		.byte	32
 292 0107 06       		.byte	6
 293 0108 21       		.byte	33
 294 0109 01       		.byte	1
 295 010a 22       		.byte	34
 296 010b 25       		.byte	37
 297 010c 25       		.byte	37
 298 010d 54       		.byte	84
 299 010e 26       		.byte	38
 300 010f 01       		.byte	1
 301 0110 29       		.byte	41
 302 0111 48       		.byte	72
 303 0112 2A       		.byte	42
 304 0113 01       		.byte	1
 305 0114 2D       		.byte	45
 306 0115 A1       		.byte	-95
 307 0116 2F       		.byte	47
 308 0117 10       		.byte	16
 309 0118 30       		.byte	48
 310 0119 80       		.byte	-128
 311 011a 31       		.byte	49
 312 011b 18       		.byte	24
 313 011c 33       		.byte	51
 314 011d 02       		.byte	2
 315 011e 35       		.byte	53
 316 011f 02       		.byte	2
 317 0120 36       		.byte	54
 318 0121 04       		.byte	4
 319 0122 37       		.byte	55
 320 0123 60       		.byte	96
 321 0124 38       		.byte	56
 322 0125 14       		.byte	20
 323 0126 39       		.byte	57
 324 0127 22       		.byte	34
 325 0128 3D       		.byte	61
 326 0129 AA       		.byte	-86
 327 012a 3E       		.byte	62
 328 012b 80       		.byte	-128
 329 012c 40       		.byte	64
 330 012d 21       		.byte	33
 331 012e 41       		.byte	65
 332 012f 10       		.byte	16
 333 0130 43       		.byte	67
 334 0131 02       		.byte	2
 335 0132 48       		.byte	72
 336 0133 01       		.byte	1
 337 0134 50       		.byte	80
 338 0135 08       		.byte	8
 339 0136 53       		.byte	83
 340 0137 40       		.byte	64
 341 0138 5E       		.byte	94
 342 0139 02       		.byte	2
ARM GAS  C:\Users\MARKHU~1\AppData\Local\Temp\ccWaiE9b.s 			page 7


 343 013a 6E       		.byte	110
 344 013b 05       		.byte	5
 345 013c 6F       		.byte	111
 346 013d 15       		.byte	21
 347 013e 75       		.byte	117
 348 013f 20       		.byte	32
 349 0140 76       		.byte	118
 350 0141 50       		.byte	80
 351 0142 77       		.byte	119
 352 0143 20       		.byte	32
 353 0144 84       		.byte	-124
 354 0145 20       		.byte	32
 355 0146 85       		.byte	-123
 356 0147 40       		.byte	64
 357 0148 C0       		.byte	-64
 358 0149 08       		.byte	8
 359 014a C4       		.byte	-60
 360 014b 02       		.byte	2
 361 014c CA       		.byte	-54
 362 014d FB       		.byte	-5
 363 014e CC       		.byte	-52
 364 014f FF       		.byte	-1
 365 0150 CE       		.byte	-50
 366 0151 F7       		.byte	-9
 367 0152 D0       		.byte	-48
 368 0153 0F       		.byte	15
 369 0154 D2       		.byte	-46
 370 0155 08       		.byte	8
 371 0156 D6       		.byte	-42
 372 0157 80       		.byte	-128
 373 0158 04       		.byte	4
 374 0159 0C       		.byte	12
 375 015a 06       		.byte	6
 376 015b 73       		.byte	115
 377 015c 08       		.byte	8
 378 015d 7F       		.byte	127
 379 015e 0E       		.byte	14
 380 015f 33       		.byte	51
 381 0160 0F       		.byte	15
 382 0161 01       		.byte	1
 383 0162 10       		.byte	16
 384 0163 73       		.byte	115
 385 0164 12       		.byte	18
 386 0165 0C       		.byte	12
 387 0166 14       		.byte	20
 388 0167 33       		.byte	51
 389 0168 18       		.byte	24
 390 0169 22       		.byte	34
 391 016a 1B       		.byte	27
 392 016b 01       		.byte	1
 393 016c 1C       		.byte	28
 394 016d 0F       		.byte	15
 395 016e 1E       		.byte	30
 396 016f 70       		.byte	112
 397 0170 20       		.byte	32
 398 0171 08       		.byte	8
 399 0172 24       		.byte	36
ARM GAS  C:\Users\MARKHU~1\AppData\Local\Temp\ccWaiE9b.s 			page 8


 400 0173 04       		.byte	4
 401 0174 28       		.byte	40
 402 0175 0C       		.byte	12
 403 0176 2C       		.byte	44
 404 0177 11       		.byte	17
 405 0178 30       		.byte	48
 406 0179 30       		.byte	48
 407 017a 34       		.byte	52
 408 017b 40       		.byte	64
 409 017c 35       		.byte	53
 410 017d 01       		.byte	1
 411 017e 36       		.byte	54
 412 017f 0F       		.byte	15
 413 0180 38       		.byte	56
 414 0181 20       		.byte	32
 415 0182 3A       		.byte	58
 416 0183 80       		.byte	-128
 417 0184 3F       		.byte	63
 418 0185 10       		.byte	16
 419 0186 56       		.byte	86
 420 0187 02       		.byte	2
 421 0188 57       		.byte	87
 422 0189 12       		.byte	18
 423 018a 58       		.byte	88
 424 018b 04       		.byte	4
 425 018c 59       		.byte	89
 426 018d 04       		.byte	4
 427 018e 5B       		.byte	91
 428 018f 04       		.byte	4
 429 0190 5C       		.byte	92
 430 0191 01       		.byte	1
 431 0192 5D       		.byte	93
 432 0193 10       		.byte	16
 433 0194 5F       		.byte	95
 434 0195 01       		.byte	1
 435 0196 80       		.byte	-128
 436 0197 02       		.byte	2
 437 0198 81       		.byte	-127
 438 0199 01       		.byte	1
 439 019a 84       		.byte	-124
 440 019b 10       		.byte	16
 441 019c 88       		.byte	-120
 442 019d 20       		.byte	32
 443 019e 8E       		.byte	-114
 444 019f 48       		.byte	72
 445 01a0 8F       		.byte	-113
 446 01a1 02       		.byte	2
 447 01a2 90       		.byte	-112
 448 01a3 4D       		.byte	77
 449 01a4 92       		.byte	-110
 450 01a5 30       		.byte	48
 451 01a6 93       		.byte	-109
 452 01a7 02       		.byte	2
 453 01a8 94       		.byte	-108
 454 01a9 02       		.byte	2
 455 01aa 96       		.byte	-106
 456 01ab 30       		.byte	48
ARM GAS  C:\Users\MARKHU~1\AppData\Local\Temp\ccWaiE9b.s 			page 9


 457 01ac 98       		.byte	-104
 458 01ad 31       		.byte	49
 459 01ae 9A       		.byte	-102
 460 01af 4C       		.byte	76
 461 01b0 A0       		.byte	-96
 462 01b1 71       		.byte	113
 463 01b2 A2       		.byte	-94
 464 01b3 0C       		.byte	12
 465 01b4 A8       		.byte	-88
 466 01b5 7D       		.byte	125
 467 01b6 B0       		.byte	-80
 468 01b7 70       		.byte	112
 469 01b8 B1       		.byte	-79
 470 01b9 02       		.byte	2
 471 01ba B2       		.byte	-78
 472 01bb 03       		.byte	3
 473 01bc B3       		.byte	-77
 474 01bd 01       		.byte	1
 475 01be B4       		.byte	-76
 476 01bf 38       		.byte	56
 477 01c0 B6       		.byte	-74
 478 01c1 04       		.byte	4
 479 01c2 B8       		.byte	-72
 480 01c3 88       		.byte	-120
 481 01c4 BA       		.byte	-70
 482 01c5 20       		.byte	32
 483 01c6 BF       		.byte	-65
 484 01c7 05       		.byte	5
 485 01c8 C0       		.byte	-64
 486 01c9 35       		.byte	53
 487 01ca C1       		.byte	-63
 488 01cb 02       		.byte	2
 489 01cc C2       		.byte	-62
 490 01cd 04       		.byte	4
 491 01ce C4       		.byte	-60
 492 01cf 01       		.byte	1
 493 01d0 C6       		.byte	-58
 494 01d1 CE       		.byte	-50
 495 01d2 C8       		.byte	-56
 496 01d3 0C       		.byte	12
 497 01d4 C9       		.byte	-55
 498 01d5 FF       		.byte	-1
 499 01d6 CA       		.byte	-54
 500 01d7 FF       		.byte	-1
 501 01d8 CB       		.byte	-53
 502 01d9 FF       		.byte	-1
 503 01da CC       		.byte	-52
 504 01db 62       		.byte	98
 505 01dc CD       		.byte	-51
 506 01dd A0       		.byte	-96
 507 01de CE       		.byte	-50
 508 01df F0       		.byte	-16
 509 01e0 CF       		.byte	-49
 510 01e1 41       		.byte	65
 511 01e2 D0       		.byte	-48
 512 01e3 0C       		.byte	12
 513 01e4 D8       		.byte	-40
ARM GAS  C:\Users\MARKHU~1\AppData\Local\Temp\ccWaiE9b.s 			page 10


 514 01e5 04       		.byte	4
 515 01e6 D9       		.byte	-39
 516 01e7 04       		.byte	4
 517 01e8 DA       		.byte	-38
 518 01e9 04       		.byte	4
 519 01ea DF       		.byte	-33
 520 01eb 01       		.byte	1
 521 01ec E6       		.byte	-26
 522 01ed 40       		.byte	64
 523 01ee E7       		.byte	-25
 524 01ef 02       		.byte	2
 525 01f0 E9       		.byte	-23
 526 01f1 10       		.byte	16
 527 01f2 EA       		.byte	-22
 528 01f3 30       		.byte	48
 529 01f4 EB       		.byte	-21
 530 01f5 10       		.byte	16
 531 01f6 ED       		.byte	-19
 532 01f7 10       		.byte	16
 533 01f8 EE       		.byte	-18
 534 01f9 10       		.byte	16
 535 01fa EF       		.byte	-17
 536 01fb 12       		.byte	18
 537 01fc 00       		.byte	0
 538 01fd 10       		.byte	16
 539 01fe 02       		.byte	2
 540 01ff 20       		.byte	32
 541 0200 03       		.byte	3
 542 0201 02       		.byte	2
 543 0202 05       		.byte	5
 544 0203 A0       		.byte	-96
 545 0204 06       		.byte	6
 546 0205 50       		.byte	80
 547 0206 08       		.byte	8
 548 0207 21       		.byte	33
 549 0208 0A       		.byte	10
 550 0209 22       		.byte	34
 551 020a 0C       		.byte	12
 552 020b 02       		.byte	2
 553 020c 0D       		.byte	13
 554 020d 20       		.byte	32
 555 020e 0E       		.byte	14
 556 020f 20       		.byte	32
 557 0210 10       		.byte	16
 558 0211 A0       		.byte	-96
 559 0212 12       		.byte	18
 560 0213 01       		.byte	1
 561 0214 13       		.byte	19
 562 0215 20       		.byte	32
 563 0216 16       		.byte	22
 564 0217 84       		.byte	-124
 565 0218 19       		.byte	25
 566 0219 41       		.byte	65
 567 021a 1B       		.byte	27
 568 021b 20       		.byte	32
 569 021c 1C       		.byte	28
 570 021d 08       		.byte	8
ARM GAS  C:\Users\MARKHU~1\AppData\Local\Temp\ccWaiE9b.s 			page 11


 571 021e 1D       		.byte	29
 572 021f 26       		.byte	38
 573 0220 1E       		.byte	30
 574 0221 22       		.byte	34
 575 0222 23       		.byte	35
 576 0223 04       		.byte	4
 577 0224 24       		.byte	36
 578 0225 20       		.byte	32
 579 0226 26       		.byte	38
 580 0227 02       		.byte	2
 581 0228 28       		.byte	40
 582 0229 01       		.byte	1
 583 022a 29       		.byte	41
 584 022b 40       		.byte	64
 585 022c 33       		.byte	51
 586 022d 20       		.byte	32
 587 022e 36       		.byte	54
 588 022f 01       		.byte	1
 589 0230 3B       		.byte	59
 590 0231 80       		.byte	-128
 591 0232 3D       		.byte	61
 592 0233 01       		.byte	1
 593 0234 3F       		.byte	63
 594 0235 80       		.byte	-128
 595 0236 45       		.byte	69
 596 0237 16       		.byte	22
 597 0238 46       		.byte	70
 598 0239 04       		.byte	4
 599 023a 47       		.byte	71
 600 023b 40       		.byte	64
 601 023c 4D       		.byte	77
 602 023d 80       		.byte	-128
 603 023e 57       		.byte	87
 604 023f 50       		.byte	80
 605 0240 5A       		.byte	90
 606 0241 08       		.byte	8
 607 0242 68       		.byte	104
 608 0243 08       		.byte	8
 609 0244 69       		.byte	105
 610 0245 44       		.byte	68
 611 0246 70       		.byte	112
 612 0247 A0       		.byte	-96
 613 0248 71       		.byte	113
 614 0249 18       		.byte	24
 615 024a 73       		.byte	115
 616 024b 20       		.byte	32
 617 024c 90       		.byte	-112
 618 024d 10       		.byte	16
 619 024e 92       		.byte	-110
 620 024f 0F       		.byte	15
 621 0250 93       		.byte	-109
 622 0251 80       		.byte	-128
 623 0252 94       		.byte	-108
 624 0253 01       		.byte	1
 625 0254 97       		.byte	-105
 626 0255 20       		.byte	32
 627 0256 99       		.byte	-103
ARM GAS  C:\Users\MARKHU~1\AppData\Local\Temp\ccWaiE9b.s 			page 12


 628 0257 20       		.byte	32
 629 0258 9A       		.byte	-102
 630 0259 D0       		.byte	-48
 631 025a 9B       		.byte	-101
 632 025b 15       		.byte	21
 633 025c 9D       		.byte	-99
 634 025d DE       		.byte	-34
 635 025e 9E       		.byte	-98
 636 025f 01       		.byte	1
 637 0260 A1       		.byte	-95
 638 0261 54       		.byte	84
 639 0262 A2       		.byte	-94
 640 0263 A0       		.byte	-96
 641 0264 A4       		.byte	-92
 642 0265 80       		.byte	-128
 643 0266 A5       		.byte	-91
 644 0267 29       		.byte	41
 645 0268 A6       		.byte	-90
 646 0269 04       		.byte	4
 647 026a A7       		.byte	-89
 648 026b 02       		.byte	2
 649 026c A9       		.byte	-87
 650 026d 04       		.byte	4
 651 026e AA       		.byte	-86
 652 026f 80       		.byte	-128
 653 0270 AB       		.byte	-85
 654 0271 60       		.byte	96
 655 0272 AD       		.byte	-83
 656 0273 21       		.byte	33
 657 0274 C0       		.byte	-64
 658 0275 F7       		.byte	-9
 659 0276 C2       		.byte	-62
 660 0277 7F       		.byte	127
 661 0278 C4       		.byte	-60
 662 0279 5F       		.byte	95
 663 027a CC       		.byte	-52
 664 027b 84       		.byte	-124
 665 027c CE       		.byte	-50
 666 027d 98       		.byte	-104
 667 027e D0       		.byte	-48
 668 027f F0       		.byte	-16
 669 0280 D2       		.byte	-46
 670 0281 10       		.byte	16
 671 0282 D6       		.byte	-42
 672 0283 02       		.byte	2
 673 0284 01       		.byte	1
 674 0285 03       		.byte	3
 675 0286 03       		.byte	3
 676 0287 08       		.byte	8
 677 0288 04       		.byte	4
 678 0289 01       		.byte	1
 679 028a 06       		.byte	6
 680 028b 02       		.byte	2
 681 028c 07       		.byte	7
 682 028d 03       		.byte	3
 683 028e 09       		.byte	9
 684 028f 03       		.byte	3
ARM GAS  C:\Users\MARKHU~1\AppData\Local\Temp\ccWaiE9b.s 			page 13


 685 0290 0C       		.byte	12
 686 0291 01       		.byte	1
 687 0292 0E       		.byte	14
 688 0293 02       		.byte	2
 689 0294 0F       		.byte	15
 690 0295 03       		.byte	3
 691 0296 11       		.byte	17
 692 0297 D0       		.byte	-48
 693 0298 12       		.byte	18
 694 0299 04       		.byte	4
 695 029a 15       		.byte	21
 696 029b 02       		.byte	2
 697 029c 16       		.byte	22
 698 029d 04       		.byte	4
 699 029e 17       		.byte	23
 700 029f 04       		.byte	4
 701 02a0 19       		.byte	25
 702 02a1 80       		.byte	-128
 703 02a2 1B       		.byte	27
 704 02a3 10       		.byte	16
 705 02a4 1C       		.byte	28
 706 02a5 03       		.byte	3
 707 02a6 1F       		.byte	31
 708 02a7 03       		.byte	3
 709 02a8 21       		.byte	33
 710 02a9 D0       		.byte	-48
 711 02aa 24       		.byte	36
 712 02ab 01       		.byte	1
 713 02ac 25       		.byte	37
 714 02ad 01       		.byte	1
 715 02ae 26       		.byte	38
 716 02af 02       		.byte	2
 717 02b0 27       		.byte	39
 718 02b1 04       		.byte	4
 719 02b2 28       		.byte	40
 720 02b3 01       		.byte	1
 721 02b4 29       		.byte	41
 722 02b5 20       		.byte	32
 723 02b6 2A       		.byte	42
 724 02b7 02       		.byte	2
 725 02b8 2B       		.byte	43
 726 02b9 40       		.byte	64
 727 02ba 2D       		.byte	45
 728 02bb 03       		.byte	3
 729 02bc 30       		.byte	48
 730 02bd 04       		.byte	4
 731 02be 31       		.byte	49
 732 02bf 0C       		.byte	12
 733 02c0 33       		.byte	51
 734 02c1 C0       		.byte	-64
 735 02c2 35       		.byte	53
 736 02c3 30       		.byte	48
 737 02c4 36       		.byte	54
 738 02c5 03       		.byte	3
 739 02c6 37       		.byte	55
 740 02c7 03       		.byte	3
 741 02c8 39       		.byte	57
ARM GAS  C:\Users\MARKHU~1\AppData\Local\Temp\ccWaiE9b.s 			page 14


 742 02c9 28       		.byte	40
 743 02ca 3E       		.byte	62
 744 02cb 01       		.byte	1
 745 02cc 3F       		.byte	63
 746 02cd 05       		.byte	5
 747 02ce 40       		.byte	64
 748 02cf 02       		.byte	2
 749 02d0 46       		.byte	70
 750 02d1 04       		.byte	4
 751 02d2 49       		.byte	73
 752 02d3 FF       		.byte	-1
 753 02d4 4A       		.byte	74
 754 02d5 0F       		.byte	15
 755 02d6 4B       		.byte	75
 756 02d7 FF       		.byte	-1
 757 02d8 4C       		.byte	76
 758 02d9 40       		.byte	64
 759 02da 4D       		.byte	77
 760 02db 20       		.byte	32
 761 02dc 4E       		.byte	78
 762 02dd F0       		.byte	-16
 763 02de 4F       		.byte	79
 764 02df 05       		.byte	5
 765 02e0 50       		.byte	80
 766 02e1 08       		.byte	8
 767 02e2 58       		.byte	88
 768 02e3 04       		.byte	4
 769 02e4 59       		.byte	89
 770 02e5 04       		.byte	4
 771 02e6 5A       		.byte	90
 772 02e7 04       		.byte	4
 773 02e8 5F       		.byte	95
 774 02e9 01       		.byte	1
 775 02ea 60       		.byte	96
 776 02eb 40       		.byte	64
 777 02ec 61       		.byte	97
 778 02ed A8       		.byte	-88
 779 02ee 62       		.byte	98
 780 02ef 40       		.byte	64
 781 02f0 63       		.byte	99
 782 02f1 20       		.byte	32
 783 02f2 83       		.byte	-125
 784 02f3 1C       		.byte	28
 785 02f4 86       		.byte	-122
 786 02f5 04       		.byte	4
 787 02f6 87       		.byte	-121
 788 02f7 A3       		.byte	-93
 789 02f8 8D       		.byte	-115
 790 02f9 61       		.byte	97
 791 02fa 8E       		.byte	-114
 792 02fb 0C       		.byte	12
 793 02fc 8F       		.byte	-113
 794 02fd 8E       		.byte	-114
 795 02fe 90       		.byte	-112
 796 02ff 01       		.byte	1
 797 0300 95       		.byte	-107
 798 0301 61       		.byte	97
ARM GAS  C:\Users\MARKHU~1\AppData\Local\Temp\ccWaiE9b.s 			page 15


 799 0302 96       		.byte	-106
 800 0303 02       		.byte	2
 801 0304 97       		.byte	-105
 802 0305 96       		.byte	-106
 803 0306 99       		.byte	-103
 804 0307 5C       		.byte	92
 805 0308 9B       		.byte	-101
 806 0309 83       		.byte	-125
 807 030a A1       		.byte	-95
 808 030b 60       		.byte	96
 809 030c A3       		.byte	-93
 810 030d 80       		.byte	-128
 811 030e AF       		.byte	-81
 812 030f 08       		.byte	8
 813 0310 B0       		.byte	-80
 814 0311 01       		.byte	1
 815 0312 B1       		.byte	-79
 816 0313 1A       		.byte	26
 817 0314 B2       		.byte	-78
 818 0315 08       		.byte	8
 819 0316 B3       		.byte	-77
 820 0317 F0       		.byte	-16
 821 0318 B5       		.byte	-75
 822 0319 0F       		.byte	15
 823 031a B6       		.byte	-74
 824 031b 06       		.byte	6
 825 031c BB       		.byte	-69
 826 031d 2A       		.byte	42
 827 031e BE       		.byte	-66
 828 031f 41       		.byte	65
 829 0320 D4       		.byte	-44
 830 0321 18       		.byte	24
 831 0322 D6       		.byte	-42
 832 0323 04       		.byte	4
 833 0324 D8       		.byte	-40
 834 0325 04       		.byte	4
 835 0326 D9       		.byte	-39
 836 0327 04       		.byte	4
 837 0328 DB       		.byte	-37
 838 0329 04       		.byte	4
 839 032a DC       		.byte	-36
 840 032b 01       		.byte	1
 841 032c DD       		.byte	-35
 842 032d 10       		.byte	16
 843 032e DF       		.byte	-33
 844 032f 01       		.byte	1
 845 0330 02       		.byte	2
 846 0331 01       		.byte	1
 847 0332 03       		.byte	3
 848 0333 20       		.byte	32
 849 0334 05       		.byte	5
 850 0335 04       		.byte	4
 851 0336 07       		.byte	7
 852 0337 01       		.byte	1
 853 0338 0A       		.byte	10
 854 0339 20       		.byte	32
 855 033a 0B       		.byte	11
ARM GAS  C:\Users\MARKHU~1\AppData\Local\Temp\ccWaiE9b.s 			page 16


 856 033b 40       		.byte	64
 857 033c 0D       		.byte	13
 858 033d 02       		.byte	2
 859 033e 0E       		.byte	14
 860 033f 01       		.byte	1
 861 0340 0F       		.byte	15
 862 0341 20       		.byte	32
 863 0342 17       		.byte	23
 864 0343 14       		.byte	20
 865 0344 18       		.byte	24
 866 0345 01       		.byte	1
 867 0346 19       		.byte	25
 868 0347 08       		.byte	8
 869 0348 1A       		.byte	26
 870 0349 80       		.byte	-128
 871 034a 1D       		.byte	29
 872 034b 40       		.byte	64
 873 034c 1F       		.byte	31
 874 034d 01       		.byte	1
 875 034e 20       		.byte	32
 876 034f 40       		.byte	64
 877 0350 21       		.byte	33
 878 0351 10       		.byte	16
 879 0352 22       		.byte	34
 880 0353 25       		.byte	37
 881 0354 23       		.byte	35
 882 0355 10       		.byte	16
 883 0356 26       		.byte	38
 884 0357 10       		.byte	16
 885 0358 27       		.byte	39
 886 0359 62       		.byte	98
 887 035a 28       		.byte	40
 888 035b A0       		.byte	-96
 889 035c 2A       		.byte	42
 890 035d 80       		.byte	-128
 891 035e 2B       		.byte	43
 892 035f 20       		.byte	32
 893 0360 2C       		.byte	44
 894 0361 42       		.byte	66
 895 0362 2F       		.byte	47
 896 0363 18       		.byte	24
 897 0364 32       		.byte	50
 898 0365 24       		.byte	36
 899 0366 34       		.byte	52
 900 0367 02       		.byte	2
 901 0368 35       		.byte	53
 902 0369 40       		.byte	64
 903 036a 36       		.byte	54
 904 036b 24       		.byte	36
 905 036c 38       		.byte	56
 906 036d 40       		.byte	64
 907 036e 3A       		.byte	58
 908 036f 06       		.byte	6
 909 0370 3C       		.byte	60
 910 0371 08       		.byte	8
 911 0372 3D       		.byte	61
 912 0373 A2       		.byte	-94
ARM GAS  C:\Users\MARKHU~1\AppData\Local\Temp\ccWaiE9b.s 			page 17


 913 0374 47       		.byte	71
 914 0375 20       		.byte	32
 915 0376 56       		.byte	86
 916 0377 84       		.byte	-124
 917 0378 57       		.byte	87
 918 0379 08       		.byte	8
 919 037a 59       		.byte	89
 920 037b C1       		.byte	-63
 921 037c 62       		.byte	98
 922 037d 80       		.byte	-128
 923 037e 63       		.byte	99
 924 037f 84       		.byte	-124
 925 0380 83       		.byte	-125
 926 0381 40       		.byte	64
 927 0382 86       		.byte	-122
 928 0383 12       		.byte	18
 929 0384 90       		.byte	-112
 930 0385 20       		.byte	32
 931 0386 91       		.byte	-111
 932 0387 44       		.byte	68
 933 0388 92       		.byte	-110
 934 0389 05       		.byte	5
 935 038a 93       		.byte	-109
 936 038b 04       		.byte	4
 937 038c 94       		.byte	-108
 938 038d 01       		.byte	1
 939 038e 95       		.byte	-107
 940 038f 01       		.byte	1
 941 0390 96       		.byte	-106
 942 0391 20       		.byte	32
 943 0392 97       		.byte	-105
 944 0393 20       		.byte	32
 945 0394 99       		.byte	-103
 946 0395 05       		.byte	5
 947 0396 9B       		.byte	-101
 948 0397 15       		.byte	21
 949 0398 9C       		.byte	-100
 950 0399 20       		.byte	32
 951 039a 9D       		.byte	-99
 952 039b 8A       		.byte	-118
 953 039c 9E       		.byte	-98
 954 039d 01       		.byte	1
 955 039e 9F       		.byte	-97
 956 039f 40       		.byte	64
 957 03a0 A0       		.byte	-96
 958 03a1 0E       		.byte	14
 959 03a2 A1       		.byte	-95
 960 03a3 52       		.byte	82
 961 03a4 A2       		.byte	-94
 962 03a5 82       		.byte	-126
 963 03a6 A3       		.byte	-93
 964 03a7 10       		.byte	16
 965 03a8 A5       		.byte	-91
 966 03a9 01       		.byte	1
 967 03aa A6       		.byte	-90
 968 03ab 04       		.byte	4
 969 03ac A7       		.byte	-89
ARM GAS  C:\Users\MARKHU~1\AppData\Local\Temp\ccWaiE9b.s 			page 18


 970 03ad 02       		.byte	2
 971 03ae A8       		.byte	-88
 972 03af 02       		.byte	2
 973 03b0 A9       		.byte	-87
 974 03b1 04       		.byte	4
 975 03b2 C0       		.byte	-64
 976 03b3 A5       		.byte	-91
 977 03b4 C2       		.byte	-62
 978 03b5 BC       		.byte	-68
 979 03b6 C4       		.byte	-60
 980 03b7 60       		.byte	96
 981 03b8 CA       		.byte	-54
 982 03b9 F9       		.byte	-7
 983 03ba CC       		.byte	-52
 984 03bb F6       		.byte	-10
 985 03bc CE       		.byte	-50
 986 03bd FB       		.byte	-5
 987 03be D0       		.byte	-48
 988 03bf 20       		.byte	32
 989 03c0 D6       		.byte	-42
 990 03c1 01       		.byte	1
 991 03c2 D8       		.byte	-40
 992 03c3 0D       		.byte	13
 993 03c4 04       		.byte	4
 994 03c5 14       		.byte	20
 995 03c6 06       		.byte	6
 996 03c7 09       		.byte	9
 997 03c8 09       		.byte	9
 998 03c9 01       		.byte	1
 999 03ca 0C       		.byte	12
 1000 03cb 0A       		.byte	10
 1001 03cc 0E       		.byte	14
 1002 03cd 11       		.byte	17
 1003 03ce 14       		.byte	20
 1004 03cf 01       		.byte	1
 1005 03d0 16       		.byte	22
 1006 03d1 06       		.byte	6
 1007 03d2 24       		.byte	36
 1008 03d3 3F       		.byte	63
 1009 03d4 28       		.byte	40
 1010 03d5 3F       		.byte	63
 1011 03d6 2C       		.byte	44
 1012 03d7 20       		.byte	32
 1013 03d8 30       		.byte	48
 1014 03d9 20       		.byte	32
 1015 03da 32       		.byte	50
 1016 03db 07       		.byte	7
 1017 03dc 33       		.byte	51
 1018 03dd 01       		.byte	1
 1019 03de 34       		.byte	52
 1020 03df 18       		.byte	24
 1021 03e0 3F       		.byte	63
 1022 03e1 04       		.byte	4
 1023 03e2 40       		.byte	64
 1024 03e3 63       		.byte	99
 1025 03e4 41       		.byte	65
 1026 03e5 01       		.byte	1
ARM GAS  C:\Users\MARKHU~1\AppData\Local\Temp\ccWaiE9b.s 			page 19


 1027 03e6 46       		.byte	70
 1028 03e7 EB       		.byte	-21
 1029 03e8 47       		.byte	71
 1030 03e9 C0       		.byte	-64
 1031 03ea 48       		.byte	72
 1032 03eb 2C       		.byte	44
 1033 03ec 49       		.byte	73
 1034 03ed FF       		.byte	-1
 1035 03ee 4A       		.byte	74
 1036 03ef FF       		.byte	-1
 1037 03f0 4B       		.byte	75
 1038 03f1 FF       		.byte	-1
 1039 03f2 4E       		.byte	78
 1040 03f3 F0       		.byte	-16
 1041 03f4 4F       		.byte	79
 1042 03f5 44       		.byte	68
 1043 03f6 50       		.byte	80
 1044 03f7 0C       		.byte	12
 1045 03f8 54       		.byte	84
 1046 03f9 01       		.byte	1
 1047 03fa 58       		.byte	88
 1048 03fb 04       		.byte	4
 1049 03fc 59       		.byte	89
 1050 03fd 04       		.byte	4
 1051 03fe 5A       		.byte	90
 1052 03ff 04       		.byte	4
 1053 0400 5B       		.byte	91
 1054 0401 04       		.byte	4
 1055 0402 5C       		.byte	92
 1056 0403 01       		.byte	1
 1057 0404 5F       		.byte	95
 1058 0405 01       		.byte	1
 1059 0406 66       		.byte	102
 1060 0407 C0       		.byte	-64
 1061 0408 6A       		.byte	106
 1062 0409 40       		.byte	64
 1063 040a 6B       		.byte	107
 1064 040b 02       		.byte	2
 1065 040c 80       		.byte	-128
 1066 040d 10       		.byte	16
 1067 040e 81       		.byte	-127
 1068 040f 3D       		.byte	61
 1069 0410 83       		.byte	-125
 1070 0411 C0       		.byte	-64
 1071 0412 85       		.byte	-123
 1072 0413 CD       		.byte	-51
 1073 0414 87       		.byte	-121
 1074 0415 30       		.byte	48
 1075 0416 8A       		.byte	-118
 1076 0417 40       		.byte	64
 1077 0418 8C       		.byte	-116
 1078 0419 09       		.byte	9
 1079 041a 8E       		.byte	-114
 1080 041b 10       		.byte	16
 1081 041c 90       		.byte	-112
 1082 041d 20       		.byte	32
 1083 041e 91       		.byte	-111
ARM GAS  C:\Users\MARKHU~1\AppData\Local\Temp\ccWaiE9b.s 			page 20


 1084 041f C0       		.byte	-64
 1085 0420 92       		.byte	-110
 1086 0421 03       		.byte	3
 1087 0422 93       		.byte	-109
 1088 0423 30       		.byte	48
 1089 0424 94       		.byte	-108
 1090 0425 50       		.byte	80
 1091 0426 95       		.byte	-107
 1092 0427 A8       		.byte	-88
 1093 0428 96       		.byte	-106
 1094 0429 0C       		.byte	12
 1095 042a 97       		.byte	-105
 1096 042b 54       		.byte	84
 1097 042c 98       		.byte	-104
 1098 042d 1C       		.byte	28
 1099 042e 99       		.byte	-103
 1100 042f CD       		.byte	-51
 1101 0430 9A       		.byte	-102
 1102 0431 42       		.byte	66
 1103 0432 9B       		.byte	-101
 1104 0433 30       		.byte	48
 1105 0434 9C       		.byte	-100
 1106 0435 14       		.byte	20
 1107 0436 9F       		.byte	-97
 1108 0437 01       		.byte	1
 1109 0438 A2       		.byte	-94
 1110 0439 40       		.byte	64
 1111 043a A3       		.byte	-93
 1112 043b 02       		.byte	2
 1113 043c A4       		.byte	-92
 1114 043d 4C       		.byte	76
 1115 043e A5       		.byte	-91
 1116 043f 55       		.byte	85
 1117 0440 A6       		.byte	-90
 1118 0441 11       		.byte	17
 1119 0442 A7       		.byte	-89
 1120 0443 A8       		.byte	-88
 1121 0444 A9       		.byte	-87
 1122 0445 0D       		.byte	13
 1123 0446 AA       		.byte	-86
 1124 0447 80       		.byte	-128
 1125 0448 AB       		.byte	-85
 1126 0449 F0       		.byte	-16
 1127 044a B0       		.byte	-80
 1128 044b 1F       		.byte	31
 1129 044c B1       		.byte	-79
 1130 044d 03       		.byte	3
 1131 044e B2       		.byte	-78
 1132 044f 40       		.byte	64
 1133 0450 B3       		.byte	-77
 1134 0451 FC       		.byte	-4
 1135 0452 B4       		.byte	-76
 1136 0453 80       		.byte	-128
 1137 0454 B6       		.byte	-74
 1138 0455 20       		.byte	32
 1139 0456 BE       		.byte	-66
 1140 0457 44       		.byte	68
ARM GAS  C:\Users\MARKHU~1\AppData\Local\Temp\ccWaiE9b.s 			page 21


 1141 0458 D4       		.byte	-44
 1142 0459 18       		.byte	24
 1143 045a D8       		.byte	-40
 1144 045b 04       		.byte	4
 1145 045c D9       		.byte	-39
 1146 045d 04       		.byte	4
 1147 045e DB       		.byte	-37
 1148 045f 04       		.byte	4
 1149 0460 DF       		.byte	-33
 1150 0461 01       		.byte	1
 1151 0462 02       		.byte	2
 1152 0463 01       		.byte	1
 1153 0464 03       		.byte	3
 1154 0465 20       		.byte	32
 1155 0466 04       		.byte	4
 1156 0467 10       		.byte	16
 1157 0468 06       		.byte	6
 1158 0469 86       		.byte	-122
 1159 046a 0A       		.byte	10
 1160 046b 20       		.byte	32
 1161 046c 0D       		.byte	13
 1162 046d 90       		.byte	-112
 1163 046e 0E       		.byte	14
 1164 046f 40       		.byte	64
 1165 0470 0F       		.byte	15
 1166 0471 10       		.byte	16
 1167 0472 10       		.byte	16
 1168 0473 08       		.byte	8
 1169 0474 11       		.byte	17
 1170 0475 44       		.byte	68
 1171 0476 14       		.byte	20
 1172 0477 90       		.byte	-112
 1173 0478 15       		.byte	21
 1174 0479 02       		.byte	2
 1175 047a 16       		.byte	22
 1176 047b 08       		.byte	8
 1177 047c 1A       		.byte	26
 1178 047d 20       		.byte	32
 1179 047e 1B       		.byte	27
 1180 047f 22       		.byte	34
 1181 0480 1D       		.byte	29
 1182 0481 10       		.byte	16
 1183 0482 1E       		.byte	30
 1184 0483 40       		.byte	64
 1185 0484 1F       		.byte	31
 1186 0485 84       		.byte	-124
 1187 0486 22       		.byte	34
 1188 0487 04       		.byte	4
 1189 0488 25       		.byte	37
 1190 0489 01       		.byte	1
 1191 048a 26       		.byte	38
 1192 048b 04       		.byte	4
 1193 048c 27       		.byte	39
 1194 048d 40       		.byte	64
 1195 048e 2E       		.byte	46
 1196 048f 20       		.byte	32
 1197 0490 2F       		.byte	47
ARM GAS  C:\Users\MARKHU~1\AppData\Local\Temp\ccWaiE9b.s 			page 22


 1198 0491 50       		.byte	80
 1199 0492 34       		.byte	52
 1200 0493 20       		.byte	32
 1201 0494 36       		.byte	54
 1202 0495 04       		.byte	4
 1203 0496 37       		.byte	55
 1204 0497 41       		.byte	65
 1205 0498 38       		.byte	56
 1206 0499 20       		.byte	32
 1207 049a 3E       		.byte	62
 1208 049b 05       		.byte	5
 1209 049c 40       		.byte	64
 1210 049d 12       		.byte	18
 1211 049e 4B       		.byte	75
 1212 049f 10       		.byte	16
 1213 04a0 50       		.byte	80
 1214 04a1 30       		.byte	48
 1215 04a2 51       		.byte	81
 1216 04a3 81       		.byte	-127
 1217 04a4 58       		.byte	88
 1218 04a5 01       		.byte	1
 1219 04a6 59       		.byte	89
 1220 04a7 60       		.byte	96
 1221 04a8 5A       		.byte	90
 1222 04a9 08       		.byte	8
 1223 04aa 5F       		.byte	95
 1224 04ab 02       		.byte	2
 1225 04ac 67       		.byte	103
 1226 04ad 06       		.byte	6
 1227 04ae 80       		.byte	-128
 1228 04af 80       		.byte	-128
 1229 04b0 81       		.byte	-127
 1230 04b1 20       		.byte	32
 1231 04b2 82       		.byte	-126
 1232 04b3 01       		.byte	1
 1233 04b4 83       		.byte	-125
 1234 04b5 80       		.byte	-128
 1235 04b6 85       		.byte	-123
 1236 04b7 40       		.byte	64
 1237 04b8 86       		.byte	-122
 1238 04b9 08       		.byte	8
 1239 04ba 87       		.byte	-121
 1240 04bb 14       		.byte	20
 1241 04bc 88       		.byte	-120
 1242 04bd 21       		.byte	33
 1243 04be 8D       		.byte	-115
 1244 04bf 12       		.byte	18
 1245 04c0 91       		.byte	-111
 1246 04c1 64       		.byte	100
 1247 04c2 92       		.byte	-110
 1248 04c3 05       		.byte	5
 1249 04c4 93       		.byte	-109
 1250 04c5 96       		.byte	-106
 1251 04c6 96       		.byte	-106
 1252 04c7 20       		.byte	32
 1253 04c8 97       		.byte	-105
 1254 04c9 20       		.byte	32
ARM GAS  C:\Users\MARKHU~1\AppData\Local\Temp\ccWaiE9b.s 			page 23


 1255 04ca 98       		.byte	-104
 1256 04cb 32       		.byte	50
 1257 04cc 9A       		.byte	-102
 1258 04cd A6       		.byte	-90
 1259 04ce 9B       		.byte	-101
 1260 04cf 03       		.byte	3
 1261 04d0 9C       		.byte	-100
 1262 04d1 80       		.byte	-128
 1263 04d2 9D       		.byte	-99
 1264 04d3 02       		.byte	2
 1265 04d4 9E       		.byte	-98
 1266 04d5 09       		.byte	9
 1267 04d6 9F       		.byte	-97
 1268 04d7 40       		.byte	64
 1269 04d8 A0       		.byte	-96
 1270 04d9 08       		.byte	8
 1271 04da A5       		.byte	-91
 1272 04db 01       		.byte	1
 1273 04dc A6       		.byte	-90
 1274 04dd 04       		.byte	4
 1275 04de A7       		.byte	-89
 1276 04df 22       		.byte	34
 1277 04e0 AA       		.byte	-86
 1278 04e1 40       		.byte	64
 1279 04e2 B1       		.byte	-79
 1280 04e3 10       		.byte	16
 1281 04e4 B2       		.byte	-78
 1282 04e5 02       		.byte	2
 1283 04e6 B3       		.byte	-77
 1284 04e7 05       		.byte	5
 1285 04e8 C0       		.byte	-64
 1286 04e9 D5       		.byte	-43
 1287 04ea C2       		.byte	-62
 1288 04eb F4       		.byte	-12
 1289 04ec C4       		.byte	-60
 1290 04ed 77       		.byte	119
 1291 04ee CA       		.byte	-54
 1292 04ef E0       		.byte	-32
 1293 04f0 CC       		.byte	-52
 1294 04f1 F0       		.byte	-16
 1295 04f2 CE       		.byte	-50
 1296 04f3 C4       		.byte	-60
 1297 04f4 D0       		.byte	-48
 1298 04f5 0A       		.byte	10
 1299 04f6 D2       		.byte	-46
 1300 04f7 04       		.byte	4
 1301 04f8 D6       		.byte	-42
 1302 04f9 8F       		.byte	-113
 1303 04fa D8       		.byte	-40
 1304 04fb 30       		.byte	48
 1305 04fc 00       		.byte	0
 1306 04fd 49       		.byte	73
 1307 04fe 01       		.byte	1
 1308 04ff 03       		.byte	3
 1309 0500 02       		.byte	2
 1310 0501 B6       		.byte	-74
 1311 0502 03       		.byte	3
ARM GAS  C:\Users\MARKHU~1\AppData\Local\Temp\ccWaiE9b.s 			page 24


 1312 0503 14       		.byte	20
 1313 0504 04       		.byte	4
 1314 0505 03       		.byte	3
 1315 0506 05       		.byte	5
 1316 0507 0A       		.byte	10
 1317 0508 06       		.byte	6
 1318 0509 FC       		.byte	-4
 1319 050a 07       		.byte	7
 1320 050b 14       		.byte	20
 1321 050c 08       		.byte	8
 1322 050d 24       		.byte	36
 1323 050e 0A       		.byte	10
 1324 050f 49       		.byte	73
 1325 0510 15       		.byte	21
 1326 0511 13       		.byte	19
 1327 0512 17       		.byte	23
 1328 0513 0C       		.byte	12
 1329 0514 18       		.byte	24
 1330 0515 92       		.byte	-110
 1331 0516 19       		.byte	25
 1332 0517 13       		.byte	19
 1333 0518 1A       		.byte	26
 1334 0519 49       		.byte	73
 1335 051a 1B       		.byte	27
 1336 051b 04       		.byte	4
 1337 051c 1C       		.byte	28
 1338 051d 1F       		.byte	31
 1339 051e 1E       		.byte	30
 1340 051f E0       		.byte	-32
 1341 0520 20       		.byte	32
 1342 0521 E0       		.byte	-32
 1343 0522 22       		.byte	34
 1344 0523 1C       		.byte	28
 1345 0524 23       		.byte	35
 1346 0525 15       		.byte	21
 1347 0526 24       		.byte	36
 1348 0527 E3       		.byte	-29
 1349 0528 26       		.byte	38
 1350 0529 1C       		.byte	28
 1351 052a 27       		.byte	39
 1352 052b 08       		.byte	8
 1353 052c 28       		.byte	40
 1354 052d E3       		.byte	-29
 1355 052e 2A       		.byte	42
 1356 052f 1C       		.byte	28
 1357 0530 33       		.byte	51
 1358 0531 0F       		.byte	15
 1359 0532 36       		.byte	54
 1360 0533 FF       		.byte	-1
 1361 0534 37       		.byte	55
 1362 0535 10       		.byte	16
 1363 0536 3B       		.byte	59
 1364 0537 08       		.byte	8
 1365 0538 3E       		.byte	62
 1366 0539 40       		.byte	64
 1367 053a 3F       		.byte	63
 1368 053b 40       		.byte	64
ARM GAS  C:\Users\MARKHU~1\AppData\Local\Temp\ccWaiE9b.s 			page 25


 1369 053c 40       		.byte	64
 1370 053d 64       		.byte	100
 1371 053e 41       		.byte	65
 1372 053f 02       		.byte	2
 1373 0540 45       		.byte	69
 1374 0541 E0       		.byte	-32
 1375 0542 46       		.byte	70
 1376 0543 0B       		.byte	11
 1377 0544 47       		.byte	71
 1378 0545 C0       		.byte	-64
 1379 0546 48       		.byte	72
 1380 0547 26       		.byte	38
 1381 0548 49       		.byte	73
 1382 0549 FF       		.byte	-1
 1383 054a 4A       		.byte	74
 1384 054b FF       		.byte	-1
 1385 054c 4B       		.byte	75
 1386 054d FF       		.byte	-1
 1387 054e 4E       		.byte	78
 1388 054f F0       		.byte	-16
 1389 0550 4F       		.byte	79
 1390 0551 44       		.byte	68
 1391 0552 50       		.byte	80
 1392 0553 0C       		.byte	12
 1393 0554 54       		.byte	84
 1394 0555 01       		.byte	1
 1395 0556 58       		.byte	88
 1396 0557 04       		.byte	4
 1397 0558 59       		.byte	89
 1398 0559 04       		.byte	4
 1399 055a 5A       		.byte	90
 1400 055b 04       		.byte	4
 1401 055c 5B       		.byte	91
 1402 055d 04       		.byte	4
 1403 055e 5C       		.byte	92
 1404 055f 10       		.byte	16
 1405 0560 5D       		.byte	93
 1406 0561 11       		.byte	17
 1407 0562 5F       		.byte	95
 1408 0563 01       		.byte	1
 1409 0564 66       		.byte	102
 1410 0565 C0       		.byte	-64
 1411 0566 6A       		.byte	106
 1412 0567 40       		.byte	64
 1413 0568 6B       		.byte	107
 1414 0569 02       		.byte	2
 1415 056a 84       		.byte	-124
 1416 056b 2C       		.byte	44
 1417 056c 85       		.byte	-123
 1418 056d DC       		.byte	-36
 1419 056e 86       		.byte	-122
 1420 056f 43       		.byte	67
 1421 0570 87       		.byte	-121
 1422 0571 22       		.byte	34
 1423 0572 89       		.byte	-119
 1424 0573 09       		.byte	9
 1425 0574 8B       		.byte	-117
ARM GAS  C:\Users\MARKHU~1\AppData\Local\Temp\ccWaiE9b.s 			page 26


 1426 0575 D0       		.byte	-48
 1427 0576 8F       		.byte	-113
 1428 0577 03       		.byte	3
 1429 0578 95       		.byte	-107
 1430 0579 10       		.byte	16
 1431 057a 96       		.byte	-106
 1432 057b 08       		.byte	8
 1433 057c 97       		.byte	-105
 1434 057d AC       		.byte	-84
 1435 057e 98       		.byte	-104
 1436 057f 71       		.byte	113
 1437 0580 99       		.byte	-103
 1438 0581 0C       		.byte	12
 1439 0582 9A       		.byte	-102
 1440 0583 0E       		.byte	14
 1441 0584 9B       		.byte	-101
 1442 0585 71       		.byte	113
 1443 0586 9F       		.byte	-97
 1444 0587 20       		.byte	32
 1445 0588 A0       		.byte	-96
 1446 0589 80       		.byte	-128
 1447 058a A1       		.byte	-95
 1448 058b 14       		.byte	20
 1449 058c A2       		.byte	-94
 1450 058d 13       		.byte	19
 1451 058e A6       		.byte	-90
 1452 058f 0C       		.byte	12
 1453 0590 A8       		.byte	-88
 1454 0591 71       		.byte	113
 1455 0592 A9       		.byte	-87
 1456 0593 10       		.byte	16
 1457 0594 AA       		.byte	-86
 1458 0595 06       		.byte	6
 1459 0596 AB       		.byte	-85
 1460 0597 40       		.byte	64
 1461 0598 B0       		.byte	-80
 1462 0599 30       		.byte	48
 1463 059a B1       		.byte	-79
 1464 059b 1F       		.byte	31
 1465 059c B2       		.byte	-78
 1466 059d C0       		.byte	-64
 1467 059e B4       		.byte	-76
 1468 059f 0F       		.byte	15
 1469 05a0 B5       		.byte	-75
 1470 05a1 E0       		.byte	-32
 1471 05a2 B8       		.byte	-72
 1472 05a3 0A       		.byte	10
 1473 05a4 BA       		.byte	-70
 1474 05a5 20       		.byte	32
 1475 05a6 BB       		.byte	-69
 1476 05a7 20       		.byte	32
 1477 05a8 BE       		.byte	-66
 1478 05a9 01       		.byte	1
 1479 05aa C0       		.byte	-64
 1480 05ab 04       		.byte	4
 1481 05ac C7       		.byte	-57
 1482 05ad 04       		.byte	4
ARM GAS  C:\Users\MARKHU~1\AppData\Local\Temp\ccWaiE9b.s 			page 27


 1483 05ae C9       		.byte	-55
 1484 05af FF       		.byte	-1
 1485 05b0 CA       		.byte	-54
 1486 05b1 07       		.byte	7
 1487 05b2 CB       		.byte	-53
 1488 05b3 FF       		.byte	-1
 1489 05b4 CC       		.byte	-52
 1490 05b5 40       		.byte	64
 1491 05b6 CD       		.byte	-51
 1492 05b7 20       		.byte	32
 1493 05b8 CE       		.byte	-50
 1494 05b9 F0       		.byte	-16
 1495 05ba CF       		.byte	-49
 1496 05bb 05       		.byte	5
 1497 05bc D0       		.byte	-48
 1498 05bd 08       		.byte	8
 1499 05be D8       		.byte	-40
 1500 05bf 04       		.byte	4
 1501 05c0 D9       		.byte	-39
 1502 05c1 04       		.byte	4
 1503 05c2 DA       		.byte	-38
 1504 05c3 04       		.byte	4
 1505 05c4 DC       		.byte	-36
 1506 05c5 11       		.byte	17
 1507 05c6 DD       		.byte	-35
 1508 05c7 01       		.byte	1
 1509 05c8 DF       		.byte	-33
 1510 05c9 01       		.byte	1
 1511 05ca E0       		.byte	-32
 1512 05cb 40       		.byte	64
 1513 05cc E1       		.byte	-31
 1514 05cd A8       		.byte	-88
 1515 05ce E2       		.byte	-30
 1516 05cf 40       		.byte	64
 1517 05d0 E3       		.byte	-29
 1518 05d1 20       		.byte	32
 1519 05d2 00       		.byte	0
 1520 05d3 04       		.byte	4
 1521 05d4 05       		.byte	5
 1522 05d5 04       		.byte	4
 1523 05d6 06       		.byte	6
 1524 05d7 28       		.byte	40
 1525 05d8 07       		.byte	7
 1526 05d9 40       		.byte	64
 1527 05da 08       		.byte	8
 1528 05db 08       		.byte	8
 1529 05dc 09       		.byte	9
 1530 05dd 28       		.byte	40
 1531 05de 0E       		.byte	14
 1532 05df 09       		.byte	9
 1533 05e0 10       		.byte	16
 1534 05e1 A0       		.byte	-96
 1535 05e2 12       		.byte	18
 1536 05e3 58       		.byte	88
 1537 05e4 14       		.byte	20
 1538 05e5 20       		.byte	32
 1539 05e6 17       		.byte	23
ARM GAS  C:\Users\MARKHU~1\AppData\Local\Temp\ccWaiE9b.s 			page 28


 1540 05e7 15       		.byte	21
 1541 05e8 18       		.byte	24
 1542 05e9 64       		.byte	100
 1543 05ea 1F       		.byte	31
 1544 05eb 40       		.byte	64
 1545 05ec 21       		.byte	33
 1546 05ed 20       		.byte	32
 1547 05ee 22       		.byte	34
 1548 05ef 20       		.byte	32
 1549 05f0 23       		.byte	35
 1550 05f1 40       		.byte	64
 1551 05f2 26       		.byte	38
 1552 05f3 48       		.byte	72
 1553 05f4 28       		.byte	40
 1554 05f5 08       		.byte	8
 1555 05f6 2B       		.byte	43
 1556 05f7 80       		.byte	-128
 1557 05f8 2C       		.byte	44
 1558 05f9 A0       		.byte	-96
 1559 05fa 30       		.byte	48
 1560 05fb 80       		.byte	-128
 1561 05fc 31       		.byte	49
 1562 05fd 20       		.byte	32
 1563 05fe 32       		.byte	50
 1564 05ff 08       		.byte	8
 1565 0600 36       		.byte	54
 1566 0601 28       		.byte	40
 1567 0602 38       		.byte	56
 1568 0603 24       		.byte	36
 1569 0604 3A       		.byte	58
 1570 0605 10       		.byte	16
 1571 0606 3B       		.byte	59
 1572 0607 40       		.byte	64
 1573 0608 3C       		.byte	60
 1574 0609 04       		.byte	4
 1575 060a 3F       		.byte	63
 1576 060b 02       		.byte	2
 1577 060c 40       		.byte	64
 1578 060d 40       		.byte	64
 1579 060e 45       		.byte	69
 1580 060f 20       		.byte	32
 1581 0610 46       		.byte	70
 1582 0611 40       		.byte	64
 1583 0612 48       		.byte	72
 1584 0613 80       		.byte	-128
 1585 0614 4D       		.byte	77
 1586 0615 01       		.byte	1
 1587 0616 4E       		.byte	78
 1588 0617 08       		.byte	8
 1589 0618 51       		.byte	81
 1590 0619 08       		.byte	8
 1591 061a 57       		.byte	87
 1592 061b 81       		.byte	-127
 1593 061c 5D       		.byte	93
 1594 061d 11       		.byte	17
 1595 061e 5E       		.byte	94
 1596 061f 80       		.byte	-128
ARM GAS  C:\Users\MARKHU~1\AppData\Local\Temp\ccWaiE9b.s 			page 29


 1597 0620 5F       		.byte	95
 1598 0621 08       		.byte	8
 1599 0622 91       		.byte	-111
 1600 0623 64       		.byte	100
 1601 0624 92       		.byte	-110
 1602 0625 85       		.byte	-123
 1603 0626 93       		.byte	-109
 1604 0627 12       		.byte	18
 1605 0628 95       		.byte	-107
 1606 0629 01       		.byte	1
 1607 062a 96       		.byte	-106
 1608 062b 20       		.byte	32
 1609 062c 97       		.byte	-105
 1610 062d 60       		.byte	96
 1611 062e 98       		.byte	-104
 1612 062f 12       		.byte	18
 1613 0630 99       		.byte	-103
 1614 0631 04       		.byte	4
 1615 0632 9A       		.byte	-102
 1616 0633 86       		.byte	-122
 1617 0634 9B       		.byte	-101
 1618 0635 1F       		.byte	31
 1619 0636 9C       		.byte	-100
 1620 0637 80       		.byte	-128
 1621 0638 9D       		.byte	-99
 1622 0639 02       		.byte	2
 1623 063a 9E       		.byte	-98
 1624 063b 01       		.byte	1
 1625 063c A0       		.byte	-96
 1626 063d 08       		.byte	8
 1627 063e A2       		.byte	-94
 1628 063f 02       		.byte	2
 1629 0640 A5       		.byte	-91
 1630 0641 01       		.byte	1
 1631 0642 A6       		.byte	-90
 1632 0643 04       		.byte	4
 1633 0644 A7       		.byte	-89
 1634 0645 22       		.byte	34
 1635 0646 AC       		.byte	-84
 1636 0647 52       		.byte	82
 1637 0648 AE       		.byte	-82
 1638 0649 05       		.byte	5
 1639 064a B4       		.byte	-76
 1640 064b 10       		.byte	16
 1641 064c B7       		.byte	-73
 1642 064d 08       		.byte	8
 1643 064e C0       		.byte	-64
 1644 064f 74       		.byte	116
 1645 0650 C2       		.byte	-62
 1646 0651 C6       		.byte	-58
 1647 0652 C4       		.byte	-60
 1648 0653 7E       		.byte	126
 1649 0654 CA       		.byte	-54
 1650 0655 C5       		.byte	-59
 1651 0656 CC       		.byte	-52
 1652 0657 6E       		.byte	110
 1653 0658 CE       		.byte	-50
ARM GAS  C:\Users\MARKHU~1\AppData\Local\Temp\ccWaiE9b.s 			page 30


 1654 0659 CE       		.byte	-50
 1655 065a D0       		.byte	-48
 1656 065b A1       		.byte	-95
 1657 065c D2       		.byte	-46
 1658 065d 20       		.byte	32
 1659 065e D6       		.byte	-42
 1660 065f F0       		.byte	-16
 1661 0660 31       		.byte	49
 1662 0661 20       		.byte	32
 1663 0662 CC       		.byte	-52
 1664 0663 10       		.byte	16
 1665 0664 A5       		.byte	-91
 1666 0665 20       		.byte	32
 1667 0666 A5       		.byte	-91
 1668 0667 20       		.byte	32
 1669 0668 81       		.byte	-127
 1670 0669 20       		.byte	32
 1671 066a A5       		.byte	-91
 1672 066b 20       		.byte	32
 1673 066c E2       		.byte	-30
 1674 066d 20       		.byte	32
 1675 066e 02       		.byte	2
 1676 066f 20       		.byte	32
 1677 0670 0E       		.byte	14
 1678 0671 40       		.byte	64
 1679 0672 53       		.byte	83
 1680 0673 01       		.byte	1
 1681 0674 5E       		.byte	94
 1682 0675 02       		.byte	2
 1683 0676 82       		.byte	-126
 1684 0677 40       		.byte	64
 1685 0678 83       		.byte	-125
 1686 0679 01       		.byte	1
 1687 067a 86       		.byte	-122
 1688 067b 20       		.byte	32
 1689 067c A2       		.byte	-94
 1690 067d 01       		.byte	1
 1691 067e AA       		.byte	-86
 1692 067f 01       		.byte	1
 1693 0680 C0       		.byte	-64
 1694 0681 10       		.byte	16
 1695 0682 C2       		.byte	-62
 1696 0683 20       		.byte	32
 1697 0684 D4       		.byte	-44
 1698 0685 80       		.byte	-128
 1699 0686 D6       		.byte	-42
 1700 0687 80       		.byte	-128
 1701 0688 E0       		.byte	-32
 1702 0689 20       		.byte	32
 1703 068a E4       		.byte	-28
 1704 068b 40       		.byte	64
 1705 068c E6       		.byte	-26
 1706 068d 20       		.byte	32
 1707 068e EE       		.byte	-18
 1708 068f 80       		.byte	-128
 1709 0690 00       		.byte	0
 1710 0691 03       		.byte	3
ARM GAS  C:\Users\MARKHU~1\AppData\Local\Temp\ccWaiE9b.s 			page 31


 1711 0692 08       		.byte	8
 1712 0693 03       		.byte	3
 1713 0694 0A       		.byte	10
 1714 0695 03       		.byte	3
 1715 0696 10       		.byte	16
 1716 0697 03       		.byte	3
 1717 0698 1A       		.byte	26
 1718 0699 03       		.byte	3
 1719 069a 00       		.byte	0
 1720 069b 03       		.byte	3
 1721 069c 00       		.byte	0
 1722 069d 0B       		.byte	11
 1723 069e 0B       		.byte	11
 1724 069f 00       		.byte	0
 1725 06a0 00       		.byte	0
 1726 06a1 00       		.byte	0
 1727 06a2 00       		.byte	0
 1728 06a3 00       		.byte	0
 1729 06a4 12       		.byte	18
 1730 06a5 00       		.byte	0
 1731 06a6 21       		.byte	33
 1732 06a7 92       		.byte	-110
 1733 06a8 92       		.byte	-110
 1734 06a9 00       		.byte	0
 1735 06aa 12       		.byte	18
 1736 06ab 00       		.byte	0
 1737 06ac 00       		.byte	0
 1738 06ad 00       		.byte	0
 1739 06ae 00       		.byte	0
 1740 06af 00       		.byte	0
 1741              		.section	.cywolatch,"a",%progbits
 1742              		.align	2
 1743              		.type	cy_meta_wonvl, %object
 1744              		.size	cy_meta_wonvl, 4
 1745              	cy_meta_wonvl:
 1746 0000 BC       		.byte	-68
 1747 0001 90       		.byte	-112
 1748 0002 AC       		.byte	-84
 1749 0003 AF       		.byte	-81
 1750              		.section	.cycustnvl,"a",%progbits
 1751              		.align	2
 1752              		.type	cy_meta_custnvl, %object
 1753              		.size	cy_meta_custnvl, 4
 1754              	cy_meta_custnvl:
 1755 0000 00       		.byte	0
 1756 0001 00       		.byte	0
 1757 0002 40       		.byte	64
 1758 0003 05       		.byte	5
 1759              		.section	.cymeta,"a",%progbits
 1760              		.align	2
 1761              		.type	cy_metadata, %object
 1762              		.size	cy_metadata, 12
 1763              	cy_metadata:
 1764 0000 00       		.byte	0
 1765 0001 01       		.byte	1
 1766 0002 2E       		.byte	46
 1767 0003 15       		.byte	21
ARM GAS  C:\Users\MARKHU~1\AppData\Local\Temp\ccWaiE9b.s 			page 32


 1768 0004 90       		.byte	-112
 1769 0005 69       		.byte	105
 1770 0006 00       		.byte	0
 1771 0007 01       		.byte	1
 1772 0008 00       		.byte	0
 1773 0009 00       		.byte	0
 1774 000a 00       		.byte	0
 1775 000b 00       		.byte	0
 1776              		.section	.cyflashprotect,"a",%progbits
 1777              		.align	2
 1778              		.type	cy_meta_flashprotect, %object
 1779              		.size	cy_meta_flashprotect, 128
 1780              	cy_meta_flashprotect:
 1781 0000 00000000 		.space	128
 1781      00000000 
 1781      00000000 
 1781      00000000 
 1781      00000000 
 1782              		.text
 1783              	.Letext0:
 1784              		.file 1 "c:\\program files (x86)\\cypress\\psoc creator\\4.4\\psoc creator\\import\\gnu\\arm\\5.4.
 1785              		.file 2 "c:\\program files (x86)\\cypress\\psoc creator\\4.4\\psoc creator\\import\\gnu\\arm\\5.4.
 1786              		.file 3 "Generated_Source\\PSoC5\\cymetadata.c"
 1787              		.section	.debug_info,"",%progbits
 1788              	.Ldebug_info0:
 1789 0000 35010000 		.4byte	0x135
 1790 0004 0400     		.2byte	0x4
 1791 0006 00000000 		.4byte	.Ldebug_abbrev0
 1792 000a 04       		.byte	0x4
 1793 000b 01       		.uleb128 0x1
 1794 000c 24000000 		.4byte	.LASF17
 1795 0010 0C       		.byte	0xc
 1796 0011 DA010000 		.4byte	.LASF18
 1797 0015 69010000 		.4byte	.LASF19
 1798 0019 00000000 		.4byte	.Ldebug_line0
 1799 001d 02       		.uleb128 0x2
 1800 001e 01       		.byte	0x1
 1801 001f 06       		.byte	0x6
 1802 0020 CE010000 		.4byte	.LASF0
 1803 0024 03       		.uleb128 0x3
 1804 0025 00000000 		.4byte	.LASF9
 1805 0029 01       		.byte	0x1
 1806 002a 1D       		.byte	0x1d
 1807 002b 2F000000 		.4byte	0x2f
 1808 002f 02       		.uleb128 0x2
 1809 0030 01       		.byte	0x1
 1810 0031 08       		.byte	0x8
 1811 0032 16000000 		.4byte	.LASF1
 1812 0036 02       		.uleb128 0x2
 1813 0037 02       		.byte	0x2
 1814 0038 05       		.byte	0x5
 1815 0039 5F010000 		.4byte	.LASF2
 1816 003d 02       		.uleb128 0x2
 1817 003e 02       		.byte	0x2
 1818 003f 07       		.byte	0x7
 1819 0040 C4000000 		.4byte	.LASF3
 1820 0044 02       		.uleb128 0x2
ARM GAS  C:\Users\MARKHU~1\AppData\Local\Temp\ccWaiE9b.s 			page 33


 1821 0045 04       		.byte	0x4
 1822 0046 05       		.byte	0x5
 1823 0047 C5010000 		.4byte	.LASF4
 1824 004b 02       		.uleb128 0x2
 1825 004c 04       		.byte	0x4
 1826 004d 07       		.byte	0x7
 1827 004e B2000000 		.4byte	.LASF5
 1828 0052 02       		.uleb128 0x2
 1829 0053 08       		.byte	0x8
 1830 0054 05       		.byte	0x5
 1831 0055 51010000 		.4byte	.LASF6
 1832 0059 02       		.uleb128 0x2
 1833 005a 08       		.byte	0x8
 1834 005b 07       		.byte	0x7
 1835 005c 06010000 		.4byte	.LASF7
 1836 0060 04       		.uleb128 0x4
 1837 0061 04       		.byte	0x4
 1838 0062 05       		.byte	0x5
 1839 0063 696E7400 		.ascii	"int\000"
 1840 0067 02       		.uleb128 0x2
 1841 0068 04       		.byte	0x4
 1842 0069 07       		.byte	0x7
 1843 006a F9000000 		.4byte	.LASF8
 1844 006e 03       		.uleb128 0x3
 1845 006f 1D010000 		.4byte	.LASF10
 1846 0073 02       		.byte	0x2
 1847 0074 18       		.byte	0x18
 1848 0075 24000000 		.4byte	0x24
 1849 0079 05       		.uleb128 0x5
 1850 007a 91000000 		.4byte	0x91
 1851 007e 8A000000 		.4byte	0x8a
 1852 0082 06       		.uleb128 0x6
 1853 0083 8A000000 		.4byte	0x8a
 1854 0087 AF06     		.2byte	0x6af
 1855 0089 00       		.byte	0
 1856 008a 02       		.uleb128 0x2
 1857 008b 04       		.byte	0x4
 1858 008c 07       		.byte	0x7
 1859 008d 48010000 		.4byte	.LASF11
 1860 0091 07       		.uleb128 0x7
 1861 0092 6E000000 		.4byte	0x6e
 1862 0096 08       		.uleb128 0x8
 1863 0097 E7000000 		.4byte	.LASF12
 1864 009b 03       		.byte	0x3
 1865 009c 1F       		.byte	0x1f
 1866 009d A7000000 		.4byte	0xa7
 1867 00a1 05       		.uleb128 0x5
 1868 00a2 03       		.byte	0x3
 1869 00a3 00000000 		.4byte	cy_meta_configecc
 1870 00a7 07       		.uleb128 0x7
 1871 00a8 79000000 		.4byte	0x79
 1872 00ac 05       		.uleb128 0x5
 1873 00ad 91000000 		.4byte	0x91
 1874 00b1 BC000000 		.4byte	0xbc
 1875 00b5 09       		.uleb128 0x9
 1876 00b6 8A000000 		.4byte	0x8a
 1877 00ba 03       		.byte	0x3
ARM GAS  C:\Users\MARKHU~1\AppData\Local\Temp\ccWaiE9b.s 			page 34


 1878 00bb 00       		.byte	0
 1879 00bc 0A       		.uleb128 0xa
 1880 00bd D7000000 		.4byte	.LASF13
 1881 00c1 03       		.byte	0x3
 1882 00c2 0201     		.2byte	0x102
 1883 00c4 CE000000 		.4byte	0xce
 1884 00c8 05       		.uleb128 0x5
 1885 00c9 03       		.byte	0x3
 1886 00ca 00000000 		.4byte	cy_meta_custnvl
 1887 00ce 07       		.uleb128 0x7
 1888 00cf AC000000 		.4byte	0xac
 1889 00d3 0A       		.uleb128 0xa
 1890 00d4 3A010000 		.4byte	.LASF14
 1891 00d8 03       		.byte	0x3
 1892 00d9 1001     		.2byte	0x110
 1893 00db E5000000 		.4byte	0xe5
 1894 00df 05       		.uleb128 0x5
 1895 00e0 03       		.byte	0x3
 1896 00e1 00000000 		.4byte	cy_meta_wonvl
 1897 00e5 07       		.uleb128 0x7
 1898 00e6 AC000000 		.4byte	0xac
 1899 00ea 05       		.uleb128 0x5
 1900 00eb 91000000 		.4byte	0x91
 1901 00ef FA000000 		.4byte	0xfa
 1902 00f3 09       		.uleb128 0x9
 1903 00f4 8A000000 		.4byte	0x8a
 1904 00f8 7F       		.byte	0x7f
 1905 00f9 00       		.byte	0
 1906 00fa 0A       		.uleb128 0xa
 1907 00fb 25010000 		.4byte	.LASF15
 1908 00ff 03       		.byte	0x3
 1909 0100 1E01     		.2byte	0x11e
 1910 0102 0C010000 		.4byte	0x10c
 1911 0106 05       		.uleb128 0x5
 1912 0107 03       		.byte	0x3
 1913 0108 00000000 		.4byte	cy_meta_flashprotect
 1914 010c 07       		.uleb128 0x7
 1915 010d EA000000 		.4byte	0xea
 1916 0111 05       		.uleb128 0x5
 1917 0112 91000000 		.4byte	0x91
 1918 0116 21010000 		.4byte	0x121
 1919 011a 09       		.uleb128 0x9
 1920 011b 8A000000 		.4byte	0x8a
 1921 011f 0B       		.byte	0xb
 1922 0120 00       		.byte	0
 1923 0121 0A       		.uleb128 0xa
 1924 0122 0A000000 		.4byte	.LASF16
 1925 0126 03       		.byte	0x3
 1926 0127 3B01     		.2byte	0x13b
 1927 0129 33010000 		.4byte	0x133
 1928 012d 05       		.uleb128 0x5
 1929 012e 03       		.byte	0x3
 1930 012f 00000000 		.4byte	cy_metadata
 1931 0133 07       		.uleb128 0x7
 1932 0134 11010000 		.4byte	0x111
 1933 0138 00       		.byte	0
 1934              		.section	.debug_abbrev,"",%progbits
ARM GAS  C:\Users\MARKHU~1\AppData\Local\Temp\ccWaiE9b.s 			page 35


 1935              	.Ldebug_abbrev0:
 1936 0000 01       		.uleb128 0x1
 1937 0001 11       		.uleb128 0x11
 1938 0002 01       		.byte	0x1
 1939 0003 25       		.uleb128 0x25
 1940 0004 0E       		.uleb128 0xe
 1941 0005 13       		.uleb128 0x13
 1942 0006 0B       		.uleb128 0xb
 1943 0007 03       		.uleb128 0x3
 1944 0008 0E       		.uleb128 0xe
 1945 0009 1B       		.uleb128 0x1b
 1946 000a 0E       		.uleb128 0xe
 1947 000b 10       		.uleb128 0x10
 1948 000c 17       		.uleb128 0x17
 1949 000d 00       		.byte	0
 1950 000e 00       		.byte	0
 1951 000f 02       		.uleb128 0x2
 1952 0010 24       		.uleb128 0x24
 1953 0011 00       		.byte	0
 1954 0012 0B       		.uleb128 0xb
 1955 0013 0B       		.uleb128 0xb
 1956 0014 3E       		.uleb128 0x3e
 1957 0015 0B       		.uleb128 0xb
 1958 0016 03       		.uleb128 0x3
 1959 0017 0E       		.uleb128 0xe
 1960 0018 00       		.byte	0
 1961 0019 00       		.byte	0
 1962 001a 03       		.uleb128 0x3
 1963 001b 16       		.uleb128 0x16
 1964 001c 00       		.byte	0
 1965 001d 03       		.uleb128 0x3
 1966 001e 0E       		.uleb128 0xe
 1967 001f 3A       		.uleb128 0x3a
 1968 0020 0B       		.uleb128 0xb
 1969 0021 3B       		.uleb128 0x3b
 1970 0022 0B       		.uleb128 0xb
 1971 0023 49       		.uleb128 0x49
 1972 0024 13       		.uleb128 0x13
 1973 0025 00       		.byte	0
 1974 0026 00       		.byte	0
 1975 0027 04       		.uleb128 0x4
 1976 0028 24       		.uleb128 0x24
 1977 0029 00       		.byte	0
 1978 002a 0B       		.uleb128 0xb
 1979 002b 0B       		.uleb128 0xb
 1980 002c 3E       		.uleb128 0x3e
 1981 002d 0B       		.uleb128 0xb
 1982 002e 03       		.uleb128 0x3
 1983 002f 08       		.uleb128 0x8
 1984 0030 00       		.byte	0
 1985 0031 00       		.byte	0
 1986 0032 05       		.uleb128 0x5
 1987 0033 01       		.uleb128 0x1
 1988 0034 01       		.byte	0x1
 1989 0035 49       		.uleb128 0x49
 1990 0036 13       		.uleb128 0x13
 1991 0037 01       		.uleb128 0x1
ARM GAS  C:\Users\MARKHU~1\AppData\Local\Temp\ccWaiE9b.s 			page 36


 1992 0038 13       		.uleb128 0x13
 1993 0039 00       		.byte	0
 1994 003a 00       		.byte	0
 1995 003b 06       		.uleb128 0x6
 1996 003c 21       		.uleb128 0x21
 1997 003d 00       		.byte	0
 1998 003e 49       		.uleb128 0x49
 1999 003f 13       		.uleb128 0x13
 2000 0040 2F       		.uleb128 0x2f
 2001 0041 05       		.uleb128 0x5
 2002 0042 00       		.byte	0
 2003 0043 00       		.byte	0
 2004 0044 07       		.uleb128 0x7
 2005 0045 26       		.uleb128 0x26
 2006 0046 00       		.byte	0
 2007 0047 49       		.uleb128 0x49
 2008 0048 13       		.uleb128 0x13
 2009 0049 00       		.byte	0
 2010 004a 00       		.byte	0
 2011 004b 08       		.uleb128 0x8
 2012 004c 34       		.uleb128 0x34
 2013 004d 00       		.byte	0
 2014 004e 03       		.uleb128 0x3
 2015 004f 0E       		.uleb128 0xe
 2016 0050 3A       		.uleb128 0x3a
 2017 0051 0B       		.uleb128 0xb
 2018 0052 3B       		.uleb128 0x3b
 2019 0053 0B       		.uleb128 0xb
 2020 0054 49       		.uleb128 0x49
 2021 0055 13       		.uleb128 0x13
 2022 0056 3F       		.uleb128 0x3f
 2023 0057 19       		.uleb128 0x19
 2024 0058 02       		.uleb128 0x2
 2025 0059 18       		.uleb128 0x18
 2026 005a 00       		.byte	0
 2027 005b 00       		.byte	0
 2028 005c 09       		.uleb128 0x9
 2029 005d 21       		.uleb128 0x21
 2030 005e 00       		.byte	0
 2031 005f 49       		.uleb128 0x49
 2032 0060 13       		.uleb128 0x13
 2033 0061 2F       		.uleb128 0x2f
 2034 0062 0B       		.uleb128 0xb
 2035 0063 00       		.byte	0
 2036 0064 00       		.byte	0
 2037 0065 0A       		.uleb128 0xa
 2038 0066 34       		.uleb128 0x34
 2039 0067 00       		.byte	0
 2040 0068 03       		.uleb128 0x3
 2041 0069 0E       		.uleb128 0xe
 2042 006a 3A       		.uleb128 0x3a
 2043 006b 0B       		.uleb128 0xb
 2044 006c 3B       		.uleb128 0x3b
 2045 006d 05       		.uleb128 0x5
 2046 006e 49       		.uleb128 0x49
 2047 006f 13       		.uleb128 0x13
 2048 0070 3F       		.uleb128 0x3f
ARM GAS  C:\Users\MARKHU~1\AppData\Local\Temp\ccWaiE9b.s 			page 37


 2049 0071 19       		.uleb128 0x19
 2050 0072 02       		.uleb128 0x2
 2051 0073 18       		.uleb128 0x18
 2052 0074 00       		.byte	0
 2053 0075 00       		.byte	0
 2054 0076 00       		.byte	0
 2055              		.section	.debug_aranges,"",%progbits
 2056 0000 14000000 		.4byte	0x14
 2057 0004 0200     		.2byte	0x2
 2058 0006 00000000 		.4byte	.Ldebug_info0
 2059 000a 04       		.byte	0x4
 2060 000b 00       		.byte	0
 2061 000c 0000     		.2byte	0
 2062 000e 0000     		.2byte	0
 2063 0010 00000000 		.4byte	0
 2064 0014 00000000 		.4byte	0
 2065              		.section	.debug_line,"",%progbits
 2066              	.Ldebug_line0:
 2067 0000 3D010000 		.section	.debug_str,"MS",%progbits,1
 2067      02003701 
 2067      00000201 
 2067      FB0E0D00 
 2067      01010101 
 2068              	.LASF9:
 2069 0000 5F5F7569 		.ascii	"__uint8_t\000"
 2069      6E74385F 
 2069      7400
 2070              	.LASF16:
 2071 000a 63795F6D 		.ascii	"cy_metadata\000"
 2071      65746164 
 2071      61746100 
 2072              	.LASF1:
 2073 0016 756E7369 		.ascii	"unsigned char\000"
 2073      676E6564 
 2073      20636861 
 2073      7200
 2074              	.LASF17:
 2075 0024 474E5520 		.ascii	"GNU C11 5.4.1 20160609 (release) [ARM/embedded-5-br"
 2075      43313120 
 2075      352E342E 
 2075      31203230 
 2075      31363036 
 2076 0057 616E6368 		.ascii	"anch revision 237715] -mcpu=cortex-m3 -mthumb -g -O"
 2076      20726576 
 2076      6973696F 
 2076      6E203233 
 2076      37373135 
 2077 008a 67202D66 		.ascii	"g -ffunction-sections -ffat-lto-objects\000"
 2077      66756E63 
 2077      74696F6E 
 2077      2D736563 
 2077      74696F6E 
 2078              	.LASF5:
 2079 00b2 6C6F6E67 		.ascii	"long unsigned int\000"
 2079      20756E73 
 2079      69676E65 
 2079      6420696E 
ARM GAS  C:\Users\MARKHU~1\AppData\Local\Temp\ccWaiE9b.s 			page 38


 2079      7400
 2080              	.LASF3:
 2081 00c4 73686F72 		.ascii	"short unsigned int\000"
 2081      7420756E 
 2081      7369676E 
 2081      65642069 
 2081      6E7400
 2082              	.LASF13:
 2083 00d7 63795F6D 		.ascii	"cy_meta_custnvl\000"
 2083      6574615F 
 2083      63757374 
 2083      6E766C00 
 2084              	.LASF12:
 2085 00e7 63795F6D 		.ascii	"cy_meta_configecc\000"
 2085      6574615F 
 2085      636F6E66 
 2085      69676563 
 2085      6300
 2086              	.LASF8:
 2087 00f9 756E7369 		.ascii	"unsigned int\000"
 2087      676E6564 
 2087      20696E74 
 2087      00
 2088              	.LASF7:
 2089 0106 6C6F6E67 		.ascii	"long long unsigned int\000"
 2089      206C6F6E 
 2089      6720756E 
 2089      7369676E 
 2089      65642069 
 2090              	.LASF10:
 2091 011d 75696E74 		.ascii	"uint8_t\000"
 2091      385F7400 
 2092              	.LASF15:
 2093 0125 63795F6D 		.ascii	"cy_meta_flashprotect\000"
 2093      6574615F 
 2093      666C6173 
 2093      6870726F 
 2093      74656374 
 2094              	.LASF14:
 2095 013a 63795F6D 		.ascii	"cy_meta_wonvl\000"
 2095      6574615F 
 2095      776F6E76 
 2095      6C00
 2096              	.LASF11:
 2097 0148 73697A65 		.ascii	"sizetype\000"
 2097      74797065 
 2097      00
 2098              	.LASF6:
 2099 0151 6C6F6E67 		.ascii	"long long int\000"
 2099      206C6F6E 
 2099      6720696E 
 2099      7400
 2100              	.LASF2:
 2101 015f 73686F72 		.ascii	"short int\000"
 2101      7420696E 
 2101      7400
 2102              	.LASF19:
ARM GAS  C:\Users\MARKHU~1\AppData\Local\Temp\ccWaiE9b.s 			page 39


 2103 0169 433A5C55 		.ascii	"C:\\Users\\Mark Hughes\\Desktop\\Work\\WORK\\WORK\\"
 2103      73657273 
 2103      5C4D6172 
 2103      6B204875 
 2103      67686573 
 2104 0195 53747564 		.ascii	"Study\\Cypress_Study\\Study\\UART_GPS_Serial.cydsn\000"
 2104      795C4379 
 2104      70726573 
 2104      735F5374 
 2104      7564795C 
 2105              	.LASF4:
 2106 01c5 6C6F6E67 		.ascii	"long int\000"
 2106      20696E74 
 2106      00
 2107              	.LASF0:
 2108 01ce 7369676E 		.ascii	"signed char\000"
 2108      65642063 
 2108      68617200 
 2109              	.LASF18:
 2110 01da 47656E65 		.ascii	"Generated_Source\\PSoC5\\cymetadata.c\000"
 2110      72617465 
 2110      645F536F 
 2110      75726365 
 2110      5C50536F 
 2111              		.ident	"GCC: (GNU Tools for ARM Embedded Processors) 5.4.1 20160609 (release) [ARM/embedded-5-bran
