--------------- Build Started: 03/28/2023 09:55:42 Project: UARTBypass, Configuration: ARM GCC 5.4-2016-q2-update Debug ---------------
cydsfit.exe -.appdatapath "C:\Users\Mark Hughes\AppData\Local\Cypress Semiconductor\PSoC Creator\4.4" -.fdsnotice -.fdswarpdepfile=warp_dependencies.txt -.fdselabdepfile=elab_dependencies.txt -.fdsbldfile=generated_files.txt -.fdsreffile=referenced_files.txt -p "C:\Users\Mark Hughes\Desktop\Work\WORK\WORK\Study\Cypress_Study\Study\UARTBypass.cydsn\UARTBypass.cyprj" -d CY8C5267LTI-LP089 -s "C:\Users\Mark Hughes\Desktop\Work\WORK\WORK\Study\Cypress_Study\Study\UARTBypass.cydsn\Generated_Source\PSoC5" -- -yv2 -q10 -ygs -o2 -v3 -.fftcfgtype=LE
Elaborating Design...
ADD: fit.M0032: warning: Clock Warning: (GPS_IntClock's accuracy range '76.677 kHz +/- 4%, (73.61 kHz - 79.744 kHz)' is not within the specified tolerance range '76.8 kHz +/- 3.937%, (73.776 kHz - 79.824 kHz)'.).
 * C:\Program Files (x86)\Cypress\PSoC Creator\4.4\PSoC Creator\psoc\content\CyComponentLibrary\CyComponentLibrary.cylib\UART_v2_50\UART_v2_50.cysch (Instance:IntClock)
 * C:\Users\Mark Hughes\Desktop\Work\WORK\WORK\Study\Cypress_Study\Study\UARTBypass.cydsn\UARTBypass.cydwr (GPS_IntClock)
ADD: fit.M0032: warning: Clock Warning: (UART_IntClock's accuracy range '76.677 kHz +/- 4%, (73.61 kHz - 79.744 kHz)' is not within the specified tolerance range '76.8 kHz +/- 3.937%, (73.776 kHz - 79.824 kHz)'.).
 * C:\Program Files (x86)\Cypress\PSoC Creator\4.4\PSoC Creator\psoc\content\CyComponentLibrary\CyComponentLibrary.cylib\UART_v2_50\UART_v2_50.cysch (Instance:IntClock)
 * C:\Users\Mark Hughes\Desktop\Work\WORK\WORK\Study\Cypress_Study\Study\UARTBypass.cydsn\UARTBypass.cydwr (UART_IntClock)
HDL Generation...
Synthesis...
Tech Mapping...
Analog Placement...
Analog Routing...
Analog Code Generation...
Digital Placement...
Digital Routing...
Bitstream Generation...
Bitstream Verification...
Static timing analysis...
API Generation...
Dependency Generation...
Cleanup...
--------------- Build Skipped: 03/28/2023 09:55:49 ---------------
