--------------- Build Started: 03/28/2023 14:13:53 Project: GPS_Enhanced, Configuration: ARM GCC 5.4-2016-q2-update Debug ---------------
The code generation step is up to date.
arm-none-eabi-gcc.exe -mcpu=cortex-m3 -mthumb -I. -IGenerated_Source\PSoC5 -Wa,-alh=.\CortexM3\ARM_GCC_541\Debug/main.lst -g -D DEBUG -D CY_CORE_ID=0 -Wall -ffunction-sections -ffat-lto-objects -Og -c main.c -o .\CortexM3\ARM_GCC_541\Debug\main.o
main.c: In function 'main':
main.c:46:36: warning: format '%[^,' expects argument of type 'char *', but argument 3 has type 'char (*)[10]' [-Wformat=]
                 sscanf(gps_buffer, "$GNRMC,%[^,],%*c,%[^,],%*c,%[^,],%*c,%[^,],%*c,%*c,%*c,%*c,%*c,%*c,%*c,%*c,%*c", &time_str, &lat_str, &lon_str, &date_str);
                                    ^
main.c:46:36: warning: format '%[^,' expects argument of type 'char *', but argument 4 has type 'char (*)[12]' [-Wformat=]
main.c:46:36: warning: format '%[^,' expects argument of type 'char *', but argument 5 has type 'char (*)[12]' [-Wformat=]
main.c:46:36: warning: format '%[^,' expects argument of type 'char *', but argument 6 has type 'char (*)[10]' [-Wformat=]
main.c:46:36: warning: format '%[^,' expects argument of type 'char *', but argument 3 has type 'char (*)[10]' [-Wformat=]
main.c:46:36: warning: format '%[^,' expects argument of type 'char *', but argument 4 has type 'char (*)[12]' [-Wformat=]
main.c:46:36: warning: format '%[^,' expects argument of type 'char *', but argument 5 has type 'char (*)[12]' [-Wformat=]
main.c:46:36: warning: format '%[^,' expects argument of type 'char *', but argument 6 has type 'char (*)[10]' [-Wformat=]
arm-none-eabi-ar.exe -rs .\CortexM3\ARM_GCC_541\Debug\GPS_Enhanced.a .\CortexM3\ARM_GCC_541\Debug\GPS_UART.o .\CortexM3\ARM_GCC_541\Debug\GPS_UART_PM.o .\CortexM3\ARM_GCC_541\Debug\GPS_UART_INT.o .\CortexM3\ARM_GCC_541\Debug\GPS_UART_BOOT.o .\CortexM3\ARM_GCC_541\Debug\OUTPUT_UART.o .\CortexM3\ARM_GCC_541\Debug\OUTPUT_UART_PM.o .\CortexM3\ARM_GCC_541\Debug\OUTPUT_UART_INT.o .\CortexM3\ARM_GCC_541\Debug\OUTPUT_UART_BOOT.o .\CortexM3\ARM_GCC_541\Debug\PW_GPS.o .\CortexM3\ARM_GCC_541\Debug\GPS_UART_IntClock.o .\CortexM3\ARM_GCC_541\Debug\OUTPUT_UART_IntClock.o .\CortexM3\ARM_GCC_541\Debug\CyDmac.o .\CortexM3\ARM_GCC_541\Debug\CyFlash.o .\CortexM3\ARM_GCC_541\Debug\CyLib.o .\CortexM3\ARM_GCC_541\Debug\cyPm.o .\CortexM3\ARM_GCC_541\Debug\CySpc.o .\CortexM3\ARM_GCC_541\Debug\cyutils.o .\CortexM3\ARM_GCC_541\Debug\cy_em_eeprom.o .\CortexM3\ARM_GCC_541\Debug\CyBootAsmGnu.o
arm-none-eabi-ar.exe: creating .\CortexM3\ARM_GCC_541\Debug\GPS_Enhanced.a
arm-none-eabi-gcc.exe -Wl,--start-group -o "C:\Users\Mark Hughes\Desktop\Work\WORK\WORK\Study\Cypress_Study\Study\GPS_Enhanced.cydsn\CortexM3\ARM_GCC_541\Debug\GPS_Enhanced.elf" .\CortexM3\ARM_GCC_541\Debug\main.o .\CortexM3\ARM_GCC_541\Debug\cyfitter_cfg.o .\CortexM3\ARM_GCC_541\Debug\cymetadata.o .\CortexM3\ARM_GCC_541\Debug\Cm3Start.o .\CortexM3\ARM_GCC_541\Debug\GPS_Enhanced.a "C:\Program Files (x86)\Cypress\PSoC Creator\4.4\PSoC Creator\psoc\content\cycomponentlibrary\CyComponentLibrary.cylib\CortexM3\ARM_GCC_541\Debug\CyComponentLibrary.a" -mcpu=cortex-m3 -mthumb -L Generated_Source\PSoC5 -Wl,-Map,.\CortexM3\ARM_GCC_541\Debug/GPS_Enhanced.map -T Generated_Source\PSoC5\cm3gcc.ld -specs=nano.specs -Wl,--gc-sections -g -ffunction-sections -Og -ffat-lto-objects -Wl,--end-group
cyelftool.exe -C "C:\Users\Mark Hughes\Desktop\Work\WORK\WORK\Study\Cypress_Study\Study\GPS_Enhanced.cydsn\CortexM3\ARM_GCC_541\Debug\GPS_Enhanced.elf" --flash_row_size 256 --flash_size 131072 --flash_offset 0x00000000
No ELF section .cychecksum found, creating one
Application checksum calculated and stored in ELF section .cychecksum
Checksum calculated and stored in ELF section .cymeta
cyelftool.exe -S "C:\Users\Mark Hughes\Desktop\Work\WORK\WORK\Study\Cypress_Study\Study\GPS_Enhanced.cydsn\CortexM3\ARM_GCC_541\Debug\GPS_Enhanced.elf"
Flash used: 17108 of 131072 bytes (13.1%).
SRAM used: 2721 of 32768 bytes (8.3%). Stack: 2048 bytes. Heap: 128 bytes.
--------------- Build Succeeded: 03/28/2023 14:13:54 ---------------
