--------------- Build Started: 03/28/2023 11:03:47 Project: GPS_Enhanced, Configuration: ARM GCC 5.4-2016-q2-update Debug ---------------
cydsfit.exe -.appdatapath "C:\Users\Mark Hughes\AppData\Local\Cypress Semiconductor\PSoC Creator\4.4" -.fdsnotice -.fdswarpdepfile=warp_dependencies.txt -.fdselabdepfile=elab_dependencies.txt -.fdsbldfile=generated_files.txt -.fdsreffile=referenced_files.txt -p "C:\Users\Mark Hughes\Desktop\Work\WORK\WORK\Study\Cypress_Study\Study\GPS_Enhanced.cydsn\GPS_Enhanced.cyprj" -d CY8C5267LTI-LP089 -s "C:\Users\Mark Hughes\Desktop\Work\WORK\WORK\Study\Cypress_Study\Study\GPS_Enhanced.cydsn\Generated_Source\PSoC5" -- -yv2 -q10 -ygs -o2 -v3 -.fftcfgtype=LE
Elaborating Design...
ADD: fit.M0032: warning: Clock Warning: (GPS_UART_IntClock's accuracy range '153.355 kHz +/- 5%, (145.687 kHz - 161.022 kHz)' is not within the specified tolerance range '153.6 kHz +/- 4.595%, (146.542 kHz - 160.658 kHz)'.).
 * C:\Program Files (x86)\Cypress\PSoC Creator\4.4\PSoC Creator\psoc\content\CyComponentLibrary\CyComponentLibrary.cylib\UART_v2_50\UART_v2_50.cysch (Instance:IntClock)
 * C:\Users\Mark Hughes\Desktop\Work\WORK\WORK\Study\Cypress_Study\Study\GPS_Enhanced.cydsn\GPS_Enhanced.cydwr (GPS_UART_IntClock)
ADD: fit.M0032: warning: Clock Warning: (OUTPUT_UART_IntClock's accuracy range '153.355 kHz +/- 5%, (145.687 kHz - 161.022 kHz)' is not within the specified tolerance range '153.6 kHz +/- 4.595%, (146.542 kHz - 160.658 kHz)'.).
 * C:\Program Files (x86)\Cypress\PSoC Creator\4.4\PSoC Creator\psoc\content\CyComponentLibrary\CyComponentLibrary.cylib\UART_v2_50\UART_v2_50.cysch (Instance:IntClock)
 * C:\Users\Mark Hughes\Desktop\Work\WORK\WORK\Study\Cypress_Study\Study\GPS_Enhanced.cydsn\GPS_Enhanced.cydwr (OUTPUT_UART_IntClock)
HDL Generation...
Synthesis...
Tech Mapping...
Analog Placement...
Analog Routing...
Analog Code Generation...
Digital Placement...
Digital Routing...
Bitstream Generation...
Bitstream Verification...
Static timing analysis...
API Generation...
Dependency Generation...
Cleanup...
--------------- Build Succeeded: 03/28/2023 11:03:54 ---------------
