ARM GAS  C:\Users\MARKHU~1\AppData\Local\Temp\ccCc9GMB.s 			page 1


   1              		.syntax unified
   2              		.cpu cortex-m3
   3              		.fpu softvfp
   4              		.eabi_attribute 20, 1
   5              		.eabi_attribute 21, 1
   6              		.eabi_attribute 23, 3
   7              		.eabi_attribute 24, 1
   8              		.eabi_attribute 25, 1
   9              		.eabi_attribute 26, 1
  10              		.eabi_attribute 30, 1
  11              		.eabi_attribute 34, 1
  12              		.eabi_attribute 18, 4
  13              		.thumb
  14              		.syntax unified
  15              		.file	"cymetadata.c"
  16              		.text
  17              	.Ltext0:
  18              		.cfi_sections	.debug_frame
  19              		.global	cy_metadata
  20              		.global	cy_meta_flashprotect
  21              		.global	cy_meta_wonvl
  22              		.global	cy_meta_custnvl
  23              		.global	cy_meta_configecc
  24              		.section	.cyconfigecc,"a",%progbits
  25              		.align	2
  26              		.type	cy_meta_configecc, %object
  27              		.size	cy_meta_configecc, 1496
  28              	cy_meta_configecc:
  29 0000 03       		.byte	3
  30 0001 52       		.byte	82
  31 0002 00       		.byte	0
  32 0003 40       		.byte	64
  33 0004 03       		.byte	3
  34 0005 64       		.byte	100
  35 0006 00       		.byte	0
  36 0007 40       		.byte	64
  37 0008 03       		.byte	3
  38 0009 65       		.byte	101
  39 000a 00       		.byte	0
  40 000b 40       		.byte	64
  41 000c 01       		.byte	1
  42 000d 03       		.byte	3
  43 000e 01       		.byte	1
  44 000f 40       		.byte	64
  45 0010 5F       		.byte	95
  46 0011 04       		.byte	4
  47 0012 01       		.byte	1
  48 0013 40       		.byte	64
  49 0014 36       		.byte	54
  50 0015 05       		.byte	5
  51 0016 01       		.byte	1
  52 0017 40       		.byte	64
  53 0018 53       		.byte	83
  54 0019 06       		.byte	6
  55 001a 01       		.byte	1
  56 001b 40       		.byte	64
  57 001c 40       		.byte	64
ARM GAS  C:\Users\MARKHU~1\AppData\Local\Temp\ccCc9GMB.s 			page 2


  58 001d 07       		.byte	7
  59 001e 01       		.byte	1
  60 001f 40       		.byte	64
  61 0020 21       		.byte	33
  62 0021 14       		.byte	20
  63 0022 01       		.byte	1
  64 0023 40       		.byte	64
  65 0024 50       		.byte	80
  66 0025 15       		.byte	21
  67 0026 01       		.byte	1
  68 0027 40       		.byte	64
  69 0028 6A       		.byte	106
  70 0029 16       		.byte	22
  71 002a 01       		.byte	1
  72 002b 40       		.byte	64
  73 002c 51       		.byte	81
  74 002d 17       		.byte	23
  75 002e 01       		.byte	1
  76 002f 40       		.byte	64
  77 0030 02       		.byte	2
  78 0031 40       		.byte	64
  79 0032 01       		.byte	1
  80 0033 40       		.byte	64
  81 0034 03       		.byte	3
  82 0035 41       		.byte	65
  83 0036 01       		.byte	1
  84 0037 40       		.byte	64
  85 0038 02       		.byte	2
  86 0039 42       		.byte	66
  87 003a 01       		.byte	1
  88 003b 40       		.byte	64
  89 003c 01       		.byte	1
  90 003d 43       		.byte	67
  91 003e 01       		.byte	1
  92 003f 40       		.byte	64
  93 0040 01       		.byte	1
  94 0041 48       		.byte	72
  95 0042 01       		.byte	1
  96 0043 40       		.byte	64
  97 0044 0E       		.byte	14
  98 0045 49       		.byte	73
  99 0046 01       		.byte	1
 100 0047 40       		.byte	64
 101 0048 04       		.byte	4
 102 0049 50       		.byte	80
 103 004a 01       		.byte	1
 104 004b 40       		.byte	64
 105 004c 01       		.byte	1
 106 004d 51       		.byte	81
 107 004e 01       		.byte	1
 108 004f 40       		.byte	64
 109 0050 18       		.byte	24
 110 0051 02       		.byte	2
 111 0052 19       		.byte	25
 112 0053 10       		.byte	16
 113 0054 1C       		.byte	28
 114 0055 21       		.byte	33
ARM GAS  C:\Users\MARKHU~1\AppData\Local\Temp\ccCc9GMB.s 			page 3


 115 0056 84       		.byte	-124
 116 0057 0F       		.byte	15
 117 0058 85       		.byte	-123
 118 0059 38       		.byte	56
 119 005a 86       		.byte	-122
 120 005b 72       		.byte	114
 121 005c 84       		.byte	-124
 122 005d 72       		.byte	114
 123 005e 85       		.byte	-123
 124 005f 38       		.byte	56
 125 0060 87       		.byte	-121
 126 0061 0F       		.byte	15
 127 0062 86       		.byte	-122
 128 0063 02       		.byte	2
 129 0064 00       		.byte	0
 130 0065 09       		.byte	9
 131 0066 02       		.byte	2
 132 0067 10       		.byte	16
 133 0068 03       		.byte	3
 134 0069 08       		.byte	8
 135 006a 04       		.byte	4
 136 006b 2C       		.byte	44
 137 006c 05       		.byte	5
 138 006d 73       		.byte	115
 139 006e 06       		.byte	6
 140 006f 11       		.byte	17
 141 0070 07       		.byte	7
 142 0071 04       		.byte	4
 143 0072 09       		.byte	9
 144 0073 03       		.byte	3
 145 0074 0B       		.byte	11
 146 0075 14       		.byte	20
 147 0076 0D       		.byte	13
 148 0077 73       		.byte	115
 149 0078 0F       		.byte	15
 150 0079 0C       		.byte	12
 151 007a 14       		.byte	20
 152 007b 80       		.byte	-128
 153 007c 16       		.byte	22
 154 007d 03       		.byte	3
 155 007e 17       		.byte	23
 156 007f 35       		.byte	53
 157 0080 1C       		.byte	28
 158 0081 30       		.byte	48
 159 0082 1E       		.byte	30
 160 0083 0C       		.byte	12
 161 0084 20       		.byte	32
 162 0085 10       		.byte	16
 163 0086 24       		.byte	36
 164 0087 14       		.byte	20
 165 0088 28       		.byte	40
 166 0089 40       		.byte	64
 167 008a 2C       		.byte	44
 168 008b 1C       		.byte	28
 169 008c 2D       		.byte	45
 170 008d 4A       		.byte	74
 171 008e 2E       		.byte	46
ARM GAS  C:\Users\MARKHU~1\AppData\Local\Temp\ccCc9GMB.s 			page 4


 172 008f 22       		.byte	34
 173 0090 2F       		.byte	47
 174 0091 14       		.byte	20
 175 0092 30       		.byte	48
 176 0093 80       		.byte	-128
 177 0094 31       		.byte	49
 178 0095 0F       		.byte	15
 179 0096 32       		.byte	50
 180 0097 1F       		.byte	31
 181 0098 33       		.byte	51
 182 0099 60       		.byte	96
 183 009a 35       		.byte	53
 184 009b 10       		.byte	16
 185 009c 36       		.byte	54
 186 009d 60       		.byte	96
 187 009e 38       		.byte	56
 188 009f 80       		.byte	-128
 189 00a0 39       		.byte	57
 190 00a1 08       		.byte	8
 191 00a2 3B       		.byte	59
 192 00a3 02       		.byte	2
 193 00a4 3E       		.byte	62
 194 00a5 01       		.byte	1
 195 00a6 3F       		.byte	63
 196 00a7 14       		.byte	20
 197 00a8 40       		.byte	64
 198 00a9 46       		.byte	70
 199 00aa 41       		.byte	65
 200 00ab 02       		.byte	2
 201 00ac 45       		.byte	69
 202 00ad 0B       		.byte	11
 203 00ae 46       		.byte	70
 204 00af CE       		.byte	-50
 205 00b0 48       		.byte	72
 206 00b1 0D       		.byte	13
 207 00b2 49       		.byte	73
 208 00b3 FF       		.byte	-1
 209 00b4 4A       		.byte	74
 210 00b5 FF       		.byte	-1
 211 00b6 4B       		.byte	75
 212 00b7 FF       		.byte	-1
 213 00b8 4E       		.byte	78
 214 00b9 F0       		.byte	-16
 215 00ba 4F       		.byte	79
 216 00bb 44       		.byte	68
 217 00bc 50       		.byte	80
 218 00bd 0C       		.byte	12
 219 00be 54       		.byte	84
 220 00bf 01       		.byte	1
 221 00c0 58       		.byte	88
 222 00c1 04       		.byte	4
 223 00c2 59       		.byte	89
 224 00c3 04       		.byte	4
 225 00c4 5A       		.byte	90
 226 00c5 04       		.byte	4
 227 00c6 5B       		.byte	91
 228 00c7 04       		.byte	4
ARM GAS  C:\Users\MARKHU~1\AppData\Local\Temp\ccCc9GMB.s 			page 5


 229 00c8 5F       		.byte	95
 230 00c9 01       		.byte	1
 231 00ca 66       		.byte	102
 232 00cb C0       		.byte	-64
 233 00cc 6A       		.byte	106
 234 00cd 40       		.byte	64
 235 00ce 6B       		.byte	107
 236 00cf 02       		.byte	2
 237 00d0 86       		.byte	-122
 238 00d1 01       		.byte	1
 239 00d2 8A       		.byte	-118
 240 00d3 06       		.byte	6
 241 00d4 8B       		.byte	-117
 242 00d5 0B       		.byte	11
 243 00d6 8C       		.byte	-116
 244 00d7 12       		.byte	18
 245 00d8 8D       		.byte	-115
 246 00d9 14       		.byte	20
 247 00da 8E       		.byte	-114
 248 00db 20       		.byte	32
 249 00dc 8F       		.byte	-113
 250 00dd 09       		.byte	9
 251 00de 90       		.byte	-112
 252 00df 38       		.byte	56
 253 00e0 91       		.byte	-111
 254 00e1 07       		.byte	7
 255 00e2 92       		.byte	-110
 256 00e3 04       		.byte	4
 257 00e4 93       		.byte	-109
 258 00e5 18       		.byte	24
 259 00e6 95       		.byte	-107
 260 00e7 07       		.byte	7
 261 00e8 96       		.byte	-106
 262 00e9 40       		.byte	64
 263 00ea 97       		.byte	-105
 264 00eb 08       		.byte	8
 265 00ec 98       		.byte	-104
 266 00ed 18       		.byte	24
 267 00ee 9A       		.byte	-102
 268 00ef 22       		.byte	34
 269 00f0 9E       		.byte	-98
 270 00f1 40       		.byte	64
 271 00f2 9F       		.byte	-97
 272 00f3 10       		.byte	16
 273 00f4 A0       		.byte	-96
 274 00f5 20       		.byte	32
 275 00f6 A2       		.byte	-94
 276 00f7 18       		.byte	24
 277 00f8 A5       		.byte	-91
 278 00f9 06       		.byte	6
 279 00fa A6       		.byte	-90
 280 00fb 01       		.byte	1
 281 00fc A7       		.byte	-89
 282 00fd 09       		.byte	9
 283 00fe A8       		.byte	-88
 284 00ff 20       		.byte	32
 285 0100 AC       		.byte	-84
ARM GAS  C:\Users\MARKHU~1\AppData\Local\Temp\ccCc9GMB.s 			page 6


 286 0101 28       		.byte	40
 287 0102 B1       		.byte	-79
 288 0103 01       		.byte	1
 289 0104 B2       		.byte	-78
 290 0105 01       		.byte	1
 291 0106 B4       		.byte	-76
 292 0107 3E       		.byte	62
 293 0108 B6       		.byte	-74
 294 0109 40       		.byte	64
 295 010a B7       		.byte	-73
 296 010b 1E       		.byte	30
 297 010c BB       		.byte	-69
 298 010d 80       		.byte	-128
 299 010e BE       		.byte	-66
 300 010f 44       		.byte	68
 301 0110 BF       		.byte	-65
 302 0111 01       		.byte	1
 303 0112 D4       		.byte	-44
 304 0113 18       		.byte	24
 305 0114 D6       		.byte	-42
 306 0115 04       		.byte	4
 307 0116 D8       		.byte	-40
 308 0117 04       		.byte	4
 309 0118 D9       		.byte	-39
 310 0119 04       		.byte	4
 311 011a DB       		.byte	-37
 312 011b 04       		.byte	4
 313 011c DC       		.byte	-36
 314 011d 11       		.byte	17
 315 011e DD       		.byte	-35
 316 011f 10       		.byte	16
 317 0120 DF       		.byte	-33
 318 0121 01       		.byte	1
 319 0122 00       		.byte	0
 320 0123 05       		.byte	5
 321 0124 04       		.byte	4
 322 0125 08       		.byte	8
 323 0126 05       		.byte	5
 324 0127 90       		.byte	-112
 325 0128 0A       		.byte	10
 326 0129 22       		.byte	34
 327 012a 0C       		.byte	12
 328 012b 40       		.byte	64
 329 012c 0E       		.byte	14
 330 012d 49       		.byte	73
 331 012e 0F       		.byte	15
 332 012f 20       		.byte	32
 333 0130 10       		.byte	16
 334 0131 A9       		.byte	-87
 335 0132 15       		.byte	21
 336 0133 84       		.byte	-124
 337 0134 16       		.byte	22
 338 0135 04       		.byte	4
 339 0136 17       		.byte	23
 340 0137 01       		.byte	1
 341 0138 18       		.byte	24
 342 0139 01       		.byte	1
ARM GAS  C:\Users\MARKHU~1\AppData\Local\Temp\ccCc9GMB.s 			page 7


 343 013a 19       		.byte	25
 344 013b 01       		.byte	1
 345 013c 1A       		.byte	26
 346 013d 20       		.byte	32
 347 013e 1D       		.byte	29
 348 013f 50       		.byte	80
 349 0140 1F       		.byte	31
 350 0141 04       		.byte	4
 351 0142 20       		.byte	32
 352 0143 48       		.byte	72
 353 0144 22       		.byte	34
 354 0145 09       		.byte	9
 355 0146 27       		.byte	39
 356 0147 41       		.byte	65
 357 0148 28       		.byte	40
 358 0149 01       		.byte	1
 359 014a 2B       		.byte	43
 360 014b 01       		.byte	1
 361 014c 2F       		.byte	47
 362 014d 20       		.byte	32
 363 014e 30       		.byte	48
 364 014f 08       		.byte	8
 365 0150 35       		.byte	53
 366 0151 80       		.byte	-128
 367 0152 36       		.byte	54
 368 0153 04       		.byte	4
 369 0154 37       		.byte	55
 370 0155 01       		.byte	1
 371 0156 38       		.byte	56
 372 0157 65       		.byte	101
 373 0158 3E       		.byte	62
 374 0159 60       		.byte	96
 375 015a 40       		.byte	64
 376 015b 44       		.byte	68
 377 015c 48       		.byte	72
 378 015d 28       		.byte	40
 379 015e 50       		.byte	80
 380 015f 10       		.byte	16
 381 0160 52       		.byte	82
 382 0161 40       		.byte	64
 383 0162 53       		.byte	83
 384 0163 10       		.byte	16
 385 0164 58       		.byte	88
 386 0165 92       		.byte	-110
 387 0166 5A       		.byte	90
 388 0167 08       		.byte	8
 389 0168 5F       		.byte	95
 390 0169 02       		.byte	2
 391 016a 60       		.byte	96
 392 016b 02       		.byte	2
 393 016c 62       		.byte	98
 394 016d 40       		.byte	64
 395 016e 64       		.byte	100
 396 016f 10       		.byte	16
 397 0170 65       		.byte	101
 398 0171 40       		.byte	64
 399 0172 66       		.byte	102
ARM GAS  C:\Users\MARKHU~1\AppData\Local\Temp\ccCc9GMB.s 			page 8


 400 0173 02       		.byte	2
 401 0174 67       		.byte	103
 402 0175 28       		.byte	40
 403 0176 81       		.byte	-127
 404 0177 01       		.byte	1
 405 0178 9E       		.byte	-98
 406 0179 02       		.byte	2
 407 017a C0       		.byte	-64
 408 017b EC       		.byte	-20
 409 017c C2       		.byte	-62
 410 017d F5       		.byte	-11
 411 017e C4       		.byte	-60
 412 017f FF       		.byte	-1
 413 0180 CA       		.byte	-54
 414 0181 48       		.byte	72
 415 0182 CC       		.byte	-52
 416 0183 D2       		.byte	-46
 417 0184 CE       		.byte	-50
 418 0185 3F       		.byte	63
 419 0186 D0       		.byte	-48
 420 0187 05       		.byte	5
 421 0188 D2       		.byte	-46
 422 0189 04       		.byte	4
 423 018a D6       		.byte	-42
 424 018b 8F       		.byte	-113
 425 018c D8       		.byte	-40
 426 018d B0       		.byte	-80
 427 018e 00       		.byte	0
 428 018f 1F       		.byte	31
 429 0190 01       		.byte	1
 430 0191 10       		.byte	16
 431 0192 02       		.byte	2
 432 0193 60       		.byte	96
 433 0194 05       		.byte	5
 434 0195 08       		.byte	8
 435 0196 08       		.byte	8
 436 0197 01       		.byte	1
 437 0198 0B       		.byte	11
 438 0199 04       		.byte	4
 439 019a 0C       		.byte	12
 440 019b 02       		.byte	2
 441 019c 0D       		.byte	13
 442 019d 40       		.byte	64
 443 019e 11       		.byte	17
 444 019f 1C       		.byte	28
 445 01a0 12       		.byte	18
 446 01a1 63       		.byte	99
 447 01a2 13       		.byte	19
 448 01a3 E1       		.byte	-31
 449 01a4 14       		.byte	20
 450 01a5 7F       		.byte	127
 451 01a6 15       		.byte	21
 452 01a7 18       		.byte	24
 453 01a8 18       		.byte	24
 454 01a9 73       		.byte	115
 455 01aa 19       		.byte	25
 456 01ab 1C       		.byte	28
ARM GAS  C:\Users\MARKHU~1\AppData\Local\Temp\ccCc9GMB.s 			page 9


 457 01ac 1A       		.byte	26
 458 01ad 0C       		.byte	12
 459 01ae 1B       		.byte	27
 460 01af E2       		.byte	-30
 461 01b0 1C       		.byte	28
 462 01b1 5C       		.byte	92
 463 01b2 1D       		.byte	29
 464 01b3 60       		.byte	96
 465 01b4 1E       		.byte	30
 466 01b5 23       		.byte	35
 467 01b6 20       		.byte	32
 468 01b7 03       		.byte	3
 469 01b8 23       		.byte	35
 470 01b9 63       		.byte	99
 471 01ba 24       		.byte	36
 472 01bb 04       		.byte	4
 473 01bc 25       		.byte	37
 474 01bd 24       		.byte	36
 475 01be 28       		.byte	40
 476 01bf 0C       		.byte	12
 477 01c0 29       		.byte	41
 478 01c1 FF       		.byte	-1
 479 01c2 2C       		.byte	44
 480 01c3 08       		.byte	8
 481 01c4 2D       		.byte	45
 482 01c5 E7       		.byte	-25
 483 01c6 2F       		.byte	47
 484 01c7 18       		.byte	24
 485 01c8 30       		.byte	48
 486 01c9 2C       		.byte	44
 487 01ca 31       		.byte	49
 488 01cb 1F       		.byte	31
 489 01cc 32       		.byte	50
 490 01cd 10       		.byte	16
 491 01ce 34       		.byte	52
 492 01cf 0F       		.byte	15
 493 01d0 35       		.byte	53
 494 01d1 80       		.byte	-128
 495 01d2 36       		.byte	54
 496 01d3 4C       		.byte	76
 497 01d4 37       		.byte	55
 498 01d5 60       		.byte	96
 499 01d6 39       		.byte	57
 500 01d7 20       		.byte	32
 501 01d8 3A       		.byte	58
 502 01d9 22       		.byte	34
 503 01da 3B       		.byte	59
 504 01db 02       		.byte	2
 505 01dc 3E       		.byte	62
 506 01dd 04       		.byte	4
 507 01de 56       		.byte	86
 508 01df 02       		.byte	2
 509 01e0 57       		.byte	87
 510 01e1 11       		.byte	17
 511 01e2 58       		.byte	88
 512 01e3 04       		.byte	4
 513 01e4 59       		.byte	89
ARM GAS  C:\Users\MARKHU~1\AppData\Local\Temp\ccCc9GMB.s 			page 10


 514 01e5 04       		.byte	4
 515 01e6 5B       		.byte	91
 516 01e7 04       		.byte	4
 517 01e8 5C       		.byte	92
 518 01e9 11       		.byte	17
 519 01ea 5D       		.byte	93
 520 01eb 10       		.byte	16
 521 01ec 5F       		.byte	95
 522 01ed 01       		.byte	1
 523 01ee 82       		.byte	-126
 524 01ef 1C       		.byte	28
 525 01f0 84       		.byte	-124
 526 01f1 01       		.byte	1
 527 01f2 86       		.byte	-122
 528 01f3 0E       		.byte	14
 529 01f4 8E       		.byte	-114
 530 01f5 20       		.byte	32
 531 01f6 90       		.byte	-112
 532 01f7 1C       		.byte	28
 533 01f8 92       		.byte	-110
 534 01f9 03       		.byte	3
 535 01fa 9C       		.byte	-100
 536 01fb 01       		.byte	1
 537 01fc 9E       		.byte	-98
 538 01fd 16       		.byte	22
 539 01fe A2       		.byte	-94
 540 01ff 08       		.byte	8
 541 0200 AA       		.byte	-86
 542 0201 03       		.byte	3
 543 0202 AD       		.byte	-83
 544 0203 01       		.byte	1
 545 0204 B0       		.byte	-80
 546 0205 0F       		.byte	15
 547 0206 B2       		.byte	-78
 548 0207 20       		.byte	32
 549 0208 B3       		.byte	-77
 550 0209 01       		.byte	1
 551 020a B4       		.byte	-76
 552 020b 1A       		.byte	26
 553 020c BA       		.byte	-70
 554 020d 22       		.byte	34
 555 020e BF       		.byte	-65
 556 020f 04       		.byte	4
 557 0210 C0       		.byte	-64
 558 0211 06       		.byte	6
 559 0212 C6       		.byte	-58
 560 0213 04       		.byte	4
 561 0214 C9       		.byte	-55
 562 0215 FF       		.byte	-1
 563 0216 CA       		.byte	-54
 564 0217 07       		.byte	7
 565 0218 CB       		.byte	-53
 566 0219 FF       		.byte	-1
 567 021a CC       		.byte	-52
 568 021b 40       		.byte	64
 569 021c CD       		.byte	-51
 570 021d 20       		.byte	32
ARM GAS  C:\Users\MARKHU~1\AppData\Local\Temp\ccCc9GMB.s 			page 11


 571 021e CE       		.byte	-50
 572 021f F0       		.byte	-16
 573 0220 CF       		.byte	-49
 574 0221 05       		.byte	5
 575 0222 D0       		.byte	-48
 576 0223 08       		.byte	8
 577 0224 D8       		.byte	-40
 578 0225 04       		.byte	4
 579 0226 D9       		.byte	-39
 580 0227 04       		.byte	4
 581 0228 DA       		.byte	-38
 582 0229 04       		.byte	4
 583 022a DF       		.byte	-33
 584 022b 01       		.byte	1
 585 022c E0       		.byte	-32
 586 022d 40       		.byte	64
 587 022e E1       		.byte	-31
 588 022f A8       		.byte	-88
 589 0230 E2       		.byte	-30
 590 0231 40       		.byte	64
 591 0232 E3       		.byte	-29
 592 0233 20       		.byte	32
 593 0234 00       		.byte	0
 594 0235 85       		.byte	-123
 595 0236 04       		.byte	4
 596 0237 40       		.byte	64
 597 0238 05       		.byte	5
 598 0239 21       		.byte	33
 599 023a 0A       		.byte	10
 600 023b 82       		.byte	-126
 601 023c 0C       		.byte	12
 602 023d 04       		.byte	4
 603 023e 0D       		.byte	13
 604 023f 20       		.byte	32
 605 0240 0E       		.byte	14
 606 0241 22       		.byte	34
 607 0242 0F       		.byte	15
 608 0243 40       		.byte	64
 609 0244 10       		.byte	16
 610 0245 88       		.byte	-120
 611 0246 14       		.byte	20
 612 0247 80       		.byte	-128
 613 0248 16       		.byte	22
 614 0249 01       		.byte	1
 615 024a 17       		.byte	23
 616 024b 28       		.byte	40
 617 024c 18       		.byte	24
 618 024d 04       		.byte	4
 619 024e 1A       		.byte	26
 620 024f 80       		.byte	-128
 621 0250 1B       		.byte	27
 622 0251 09       		.byte	9
 623 0252 1C       		.byte	28
 624 0253 10       		.byte	16
 625 0254 1D       		.byte	29
 626 0255 21       		.byte	33
 627 0256 1E       		.byte	30
ARM GAS  C:\Users\MARKHU~1\AppData\Local\Temp\ccCc9GMB.s 			page 12


 628 0257 01       		.byte	1
 629 0258 22       		.byte	34
 630 0259 04       		.byte	4
 631 025a 24       		.byte	36
 632 025b 08       		.byte	8
 633 025c 26       		.byte	38
 634 025d 01       		.byte	1
 635 025e 27       		.byte	39
 636 025f 02       		.byte	2
 637 0260 2A       		.byte	42
 638 0261 40       		.byte	64
 639 0262 2C       		.byte	44
 640 0263 04       		.byte	4
 641 0264 2F       		.byte	47
 642 0265 52       		.byte	82
 643 0266 34       		.byte	52
 644 0267 80       		.byte	-128
 645 0268 35       		.byte	53
 646 0269 05       		.byte	5
 647 026a 36       		.byte	54
 648 026b 20       		.byte	32
 649 026c 3C       		.byte	60
 650 026d 40       		.byte	64
 651 026e 3D       		.byte	61
 652 026f 20       		.byte	32
 653 0270 3E       		.byte	62
 654 0271 0A       		.byte	10
 655 0272 4A       		.byte	74
 656 0273 08       		.byte	8
 657 0274 50       		.byte	80
 658 0275 88       		.byte	-120
 659 0276 5C       		.byte	92
 660 0277 10       		.byte	16
 661 0278 6D       		.byte	109
 662 0279 40       		.byte	64
 663 027a 6F       		.byte	111
 664 027b 14       		.byte	20
 665 027c 75       		.byte	117
 666 027d 04       		.byte	4
 667 027e 76       		.byte	118
 668 027f 0B       		.byte	11
 669 0280 77       		.byte	119
 670 0281 28       		.byte	40
 671 0282 90       		.byte	-112
 672 0283 01       		.byte	1
 673 0284 92       		.byte	-110
 674 0285 02       		.byte	2
 675 0286 94       		.byte	-108
 676 0287 0C       		.byte	12
 677 0288 95       		.byte	-107
 678 0289 84       		.byte	-124
 679 028a 96       		.byte	-106
 680 028b 49       		.byte	73
 681 028c 98       		.byte	-104
 682 028d 40       		.byte	64
 683 028e 99       		.byte	-103
 684 028f 10       		.byte	16
ARM GAS  C:\Users\MARKHU~1\AppData\Local\Temp\ccCc9GMB.s 			page 13


 685 0290 9A       		.byte	-102
 686 0291 40       		.byte	64
 687 0292 9B       		.byte	-101
 688 0293 41       		.byte	65
 689 0294 9D       		.byte	-99
 690 0295 80       		.byte	-128
 691 0296 9E       		.byte	-98
 692 0297 24       		.byte	36
 693 0298 9F       		.byte	-97
 694 0299 02       		.byte	2
 695 029a A2       		.byte	-94
 696 029b 08       		.byte	8
 697 029c A4       		.byte	-92
 698 029d 88       		.byte	-120
 699 029e A6       		.byte	-90
 700 029f 04       		.byte	4
 701 02a0 A7       		.byte	-89
 702 02a1 31       		.byte	49
 703 02a2 AC       		.byte	-84
 704 02a3 84       		.byte	-124
 705 02a4 C0       		.byte	-64
 706 02a5 DD       		.byte	-35
 707 02a6 C2       		.byte	-62
 708 02a7 F9       		.byte	-7
 709 02a8 C4       		.byte	-60
 710 02a9 FA       		.byte	-6
 711 02aa CA       		.byte	-54
 712 02ab F8       		.byte	-8
 713 02ac CC       		.byte	-52
 714 02ad F0       		.byte	-16
 715 02ae CE       		.byte	-50
 716 02af F0       		.byte	-16
 717 02b0 D2       		.byte	-46
 718 02b1 04       		.byte	4
 719 02b2 D6       		.byte	-42
 720 02b3 20       		.byte	32
 721 02b4 82       		.byte	-126
 722 02b5 01       		.byte	1
 723 02b6 86       		.byte	-122
 724 02b7 02       		.byte	2
 725 02b8 8E       		.byte	-114
 726 02b9 01       		.byte	1
 727 02ba 99       		.byte	-103
 728 02bb 01       		.byte	1
 729 02bc 9E       		.byte	-98
 730 02bd 02       		.byte	2
 731 02be B0       		.byte	-80
 732 02bf 02       		.byte	2
 733 02c0 B2       		.byte	-78
 734 02c1 01       		.byte	1
 735 02c2 B3       		.byte	-77
 736 02c3 01       		.byte	1
 737 02c4 BB       		.byte	-69
 738 02c5 20       		.byte	32
 739 02c6 BE       		.byte	-66
 740 02c7 05       		.byte	5
 741 02c8 BF       		.byte	-65
ARM GAS  C:\Users\MARKHU~1\AppData\Local\Temp\ccCc9GMB.s 			page 14


 742 02c9 04       		.byte	4
 743 02ca C0       		.byte	-64
 744 02cb 03       		.byte	3
 745 02cc C7       		.byte	-57
 746 02cd 04       		.byte	4
 747 02ce C9       		.byte	-55
 748 02cf FF       		.byte	-1
 749 02d0 CA       		.byte	-54
 750 02d1 07       		.byte	7
 751 02d2 CB       		.byte	-53
 752 02d3 FF       		.byte	-1
 753 02d4 CC       		.byte	-52
 754 02d5 40       		.byte	64
 755 02d6 CD       		.byte	-51
 756 02d7 20       		.byte	32
 757 02d8 CE       		.byte	-50
 758 02d9 F0       		.byte	-16
 759 02da CF       		.byte	-49
 760 02db 05       		.byte	5
 761 02dc D0       		.byte	-48
 762 02dd 08       		.byte	8
 763 02de D4       		.byte	-44
 764 02df 18       		.byte	24
 765 02e0 D8       		.byte	-40
 766 02e1 04       		.byte	4
 767 02e2 D9       		.byte	-39
 768 02e3 04       		.byte	4
 769 02e4 DA       		.byte	-38
 770 02e5 04       		.byte	4
 771 02e6 DB       		.byte	-37
 772 02e7 04       		.byte	4
 773 02e8 DC       		.byte	-36
 774 02e9 10       		.byte	16
 775 02ea DD       		.byte	-35
 776 02eb 01       		.byte	1
 777 02ec DF       		.byte	-33
 778 02ed 01       		.byte	1
 779 02ee E0       		.byte	-32
 780 02ef 40       		.byte	64
 781 02f0 E1       		.byte	-31
 782 02f1 A8       		.byte	-88
 783 02f2 E2       		.byte	-30
 784 02f3 40       		.byte	64
 785 02f4 E3       		.byte	-29
 786 02f5 20       		.byte	32
 787 02f6 00       		.byte	0
 788 02f7 A8       		.byte	-88
 789 02f8 02       		.byte	2
 790 02f9 80       		.byte	-128
 791 02fa 05       		.byte	5
 792 02fb 06       		.byte	6
 793 02fc 07       		.byte	7
 794 02fd 02       		.byte	2
 795 02fe 08       		.byte	8
 796 02ff 40       		.byte	64
 797 0300 09       		.byte	9
 798 0301 10       		.byte	16
ARM GAS  C:\Users\MARKHU~1\AppData\Local\Temp\ccCc9GMB.s 			page 15


 799 0302 0A       		.byte	10
 800 0303 16       		.byte	22
 801 0304 0E       		.byte	14
 802 0305 01       		.byte	1
 803 0306 10       		.byte	16
 804 0307 90       		.byte	-112
 805 0308 12       		.byte	18
 806 0309 02       		.byte	2
 807 030a 13       		.byte	19
 808 030b 14       		.byte	20
 809 030c 19       		.byte	25
 810 030d 01       		.byte	1
 811 030e 1A       		.byte	26
 812 030f 15       		.byte	21
 813 0310 1B       		.byte	27
 814 0311 04       		.byte	4
 815 0312 1F       		.byte	31
 816 0313 05       		.byte	5
 817 0314 20       		.byte	32
 818 0315 20       		.byte	32
 819 0316 21       		.byte	33
 820 0317 04       		.byte	4
 821 0318 22       		.byte	34
 822 0319 22       		.byte	34
 823 031a 23       		.byte	35
 824 031b 02       		.byte	2
 825 031c 26       		.byte	38
 826 031d 10       		.byte	16
 827 031e 27       		.byte	39
 828 031f 18       		.byte	24
 829 0320 28       		.byte	40
 830 0321 40       		.byte	64
 831 0322 2A       		.byte	42
 832 0323 88       		.byte	-120
 833 0324 2B       		.byte	43
 834 0325 08       		.byte	8
 835 0326 30       		.byte	48
 836 0327 10       		.byte	16
 837 0328 32       		.byte	50
 838 0329 06       		.byte	6
 839 032a 33       		.byte	51
 840 032b 80       		.byte	-128
 841 032c 35       		.byte	53
 842 032d 10       		.byte	16
 843 032e 38       		.byte	56
 844 032f 80       		.byte	-128
 845 0330 39       		.byte	57
 846 0331 08       		.byte	8
 847 0332 3B       		.byte	59
 848 0333 11       		.byte	17
 849 0334 3C       		.byte	60
 850 0335 08       		.byte	8
 851 0336 3E       		.byte	62
 852 0337 08       		.byte	8
 853 0338 41       		.byte	65
 854 0339 04       		.byte	4
 855 033a 42       		.byte	66
ARM GAS  C:\Users\MARKHU~1\AppData\Local\Temp\ccCc9GMB.s 			page 16


 856 033b 05       		.byte	5
 857 033c 45       		.byte	69
 858 033d 08       		.byte	8
 859 033e 48       		.byte	72
 860 033f 05       		.byte	5
 861 0340 49       		.byte	73
 862 0341 06       		.byte	6
 863 0342 56       		.byte	86
 864 0343 24       		.byte	36
 865 0344 59       		.byte	89
 866 0345 01       		.byte	1
 867 0346 5E       		.byte	94
 868 0347 02       		.byte	2
 869 0348 67       		.byte	103
 870 0349 0A       		.byte	10
 871 034a 68       		.byte	104
 872 034b 20       		.byte	32
 873 034c 69       		.byte	105
 874 034d 10       		.byte	16
 875 034e 6A       		.byte	106
 876 034f 80       		.byte	-128
 877 0350 70       		.byte	112
 878 0351 C0       		.byte	-64
 879 0352 73       		.byte	115
 880 0353 14       		.byte	20
 881 0354 81       		.byte	-127
 882 0355 10       		.byte	16
 883 0356 83       		.byte	-125
 884 0357 85       		.byte	-123
 885 0358 84       		.byte	-124
 886 0359 40       		.byte	64
 887 035a 85       		.byte	-123
 888 035b 20       		.byte	32
 889 035c 86       		.byte	-122
 890 035d 80       		.byte	-128
 891 035e 87       		.byte	-121
 892 035f 10       		.byte	16
 893 0360 8E       		.byte	-114
 894 0361 21       		.byte	33
 895 0362 8F       		.byte	-113
 896 0363 10       		.byte	16
 897 0364 92       		.byte	-110
 898 0365 0A       		.byte	10
 899 0366 95       		.byte	-107
 900 0367 10       		.byte	16
 901 0368 96       		.byte	-106
 902 0369 80       		.byte	-128
 903 036a 97       		.byte	-105
 904 036b 20       		.byte	32
 905 036c 99       		.byte	-103
 906 036d 10       		.byte	16
 907 036e 9D       		.byte	-99
 908 036f 20       		.byte	32
 909 0370 9E       		.byte	-98
 910 0371 A4       		.byte	-92
 911 0372 9F       		.byte	-97
 912 0373 08       		.byte	8
ARM GAS  C:\Users\MARKHU~1\AppData\Local\Temp\ccCc9GMB.s 			page 17


 913 0374 A0       		.byte	-96
 914 0375 05       		.byte	5
 915 0376 A1       		.byte	-95
 916 0377 08       		.byte	8
 917 0378 A2       		.byte	-94
 918 0379 80       		.byte	-128
 919 037a A3       		.byte	-93
 920 037b 08       		.byte	8
 921 037c A4       		.byte	-92
 922 037d 60       		.byte	96
 923 037e A6       		.byte	-90
 924 037f 10       		.byte	16
 925 0380 C0       		.byte	-64
 926 0381 BF       		.byte	-65
 927 0382 C2       		.byte	-62
 928 0383 87       		.byte	-121
 929 0384 C4       		.byte	-60
 930 0385 0F       		.byte	15
 931 0386 CA       		.byte	-54
 932 0387 0F       		.byte	15
 933 0388 CC       		.byte	-52
 934 0389 2F       		.byte	47
 935 038a CE       		.byte	-50
 936 038b 0F       		.byte	15
 937 038c D0       		.byte	-48
 938 038d 4E       		.byte	78
 939 038e D2       		.byte	-46
 940 038f 0C       		.byte	12
 941 0390 D6       		.byte	-42
 942 0391 81       		.byte	-127
 943 0392 D8       		.byte	-40
 944 0393 30       		.byte	48
 945 0394 E6       		.byte	-26
 946 0395 40       		.byte	64
 947 0396 06       		.byte	6
 948 0397 23       		.byte	35
 949 0398 0A       		.byte	10
 950 0399 08       		.byte	8
 951 039a 0C       		.byte	12
 952 039b 61       		.byte	97
 953 039c 0D       		.byte	13
 954 039d 02       		.byte	2
 955 039e 0E       		.byte	14
 956 039f 16       		.byte	22
 957 03a0 0F       		.byte	15
 958 03a1 45       		.byte	69
 959 03a2 10       		.byte	16
 960 03a3 5C       		.byte	92
 961 03a4 11       		.byte	17
 962 03a5 14       		.byte	20
 963 03a6 12       		.byte	18
 964 03a7 03       		.byte	3
 965 03a8 13       		.byte	19
 966 03a9 2A       		.byte	42
 967 03aa 15       		.byte	21
 968 03ab 1F       		.byte	31
 969 03ac 18       		.byte	24
ARM GAS  C:\Users\MARKHU~1\AppData\Local\Temp\ccCc9GMB.s 			page 18


 970 03ad 61       		.byte	97
 971 03ae 19       		.byte	25
 972 03af 1F       		.byte	31
 973 03b0 1A       		.byte	26
 974 03b1 0E       		.byte	14
 975 03b2 1E       		.byte	30
 976 03b3 1C       		.byte	28
 977 03b4 24       		.byte	36
 978 03b5 80       		.byte	-128
 979 03b6 25       		.byte	37
 980 03b7 09       		.byte	9
 981 03b8 27       		.byte	39
 982 03b9 B2       		.byte	-78
 983 03ba 28       		.byte	40
 984 03bb 80       		.byte	-128
 985 03bc 2C       		.byte	44
 986 03bd 80       		.byte	-128
 987 03be 30       		.byte	48
 988 03bf 0F       		.byte	15
 989 03c0 31       		.byte	49
 990 03c1 18       		.byte	24
 991 03c2 32       		.byte	50
 992 03c3 60       		.byte	96
 993 03c4 33       		.byte	51
 994 03c5 60       		.byte	96
 995 03c6 34       		.byte	52
 996 03c7 1A       		.byte	26
 997 03c8 35       		.byte	53
 998 03c9 80       		.byte	-128
 999 03ca 36       		.byte	54
 1000 03cb 80       		.byte	-128
 1001 03cc 37       		.byte	55
 1002 03cd 07       		.byte	7
 1003 03ce 38       		.byte	56
 1004 03cf 08       		.byte	8
 1005 03d0 3A       		.byte	58
 1006 03d1 22       		.byte	34
 1007 03d2 3E       		.byte	62
 1008 03d3 04       		.byte	4
 1009 03d4 3F       		.byte	63
 1010 03d5 04       		.byte	4
 1011 03d6 40       		.byte	64
 1012 03d7 65       		.byte	101
 1013 03d8 41       		.byte	65
 1014 03d9 03       		.byte	3
 1015 03da 42       		.byte	66
 1016 03db 04       		.byte	4
 1017 03dc 44       		.byte	68
 1018 03dd 02       		.byte	2
 1019 03de 45       		.byte	69
 1020 03df 0E       		.byte	14
 1021 03e0 46       		.byte	70
 1022 03e1 C0       		.byte	-64
 1023 03e2 48       		.byte	72
 1024 03e3 09       		.byte	9
 1025 03e4 49       		.byte	73
 1026 03e5 FF       		.byte	-1
ARM GAS  C:\Users\MARKHU~1\AppData\Local\Temp\ccCc9GMB.s 			page 19


 1027 03e6 4A       		.byte	74
 1028 03e7 FF       		.byte	-1
 1029 03e8 4B       		.byte	75
 1030 03e9 FF       		.byte	-1
 1031 03ea 4C       		.byte	76
 1032 03eb 62       		.byte	98
 1033 03ec 4D       		.byte	77
 1034 03ed A0       		.byte	-96
 1035 03ee 4E       		.byte	78
 1036 03ef F0       		.byte	-16
 1037 03f0 4F       		.byte	79
 1038 03f1 41       		.byte	65
 1039 03f2 50       		.byte	80
 1040 03f3 0C       		.byte	12
 1041 03f4 58       		.byte	88
 1042 03f5 04       		.byte	4
 1043 03f6 59       		.byte	89
 1044 03f7 04       		.byte	4
 1045 03f8 5A       		.byte	90
 1046 03f9 04       		.byte	4
 1047 03fa 5C       		.byte	92
 1048 03fb 11       		.byte	17
 1049 03fc 5D       		.byte	93
 1050 03fd 01       		.byte	1
 1051 03fe 5F       		.byte	95
 1052 03ff 01       		.byte	1
 1053 0400 66       		.byte	102
 1054 0401 40       		.byte	64
 1055 0402 67       		.byte	103
 1056 0403 02       		.byte	2
 1057 0404 69       		.byte	105
 1058 0405 10       		.byte	16
 1059 0406 6A       		.byte	106
 1060 0407 30       		.byte	48
 1061 0408 6B       		.byte	107
 1062 0409 10       		.byte	16
 1063 040a 6D       		.byte	109
 1064 040b 10       		.byte	16
 1065 040c 6E       		.byte	110
 1066 040d 10       		.byte	16
 1067 040e 6F       		.byte	111
 1068 040f 12       		.byte	18
 1069 0410 81       		.byte	-127
 1070 0411 01       		.byte	1
 1071 0412 83       		.byte	-125
 1072 0413 0E       		.byte	14
 1073 0414 84       		.byte	-124
 1074 0415 01       		.byte	1
 1075 0416 89       		.byte	-119
 1076 0417 E7       		.byte	-25
 1077 0418 8C       		.byte	-116
 1078 0419 01       		.byte	1
 1079 041a 92       		.byte	-110
 1080 041b 01       		.byte	1
 1081 041c 95       		.byte	-107
 1082 041d 44       		.byte	68
 1083 041e 97       		.byte	-105
ARM GAS  C:\Users\MARKHU~1\AppData\Local\Temp\ccCc9GMB.s 			page 20


 1084 041f 31       		.byte	49
 1085 0420 99       		.byte	-103
 1086 0421 E7       		.byte	-25
 1087 0422 9D       		.byte	-99
 1088 0423 80       		.byte	-128
 1089 0424 A0       		.byte	-96
 1090 0425 04       		.byte	4
 1091 0426 A4       		.byte	-92
 1092 0427 02       		.byte	2
 1093 0428 AD       		.byte	-83
 1094 0429 22       		.byte	34
 1095 042a AF       		.byte	-81
 1096 042b 51       		.byte	81
 1097 042c B1       		.byte	-79
 1098 042d 07       		.byte	7
 1099 042e B2       		.byte	-78
 1100 042f 04       		.byte	4
 1101 0430 B3       		.byte	-77
 1102 0431 60       		.byte	96
 1103 0432 B5       		.byte	-75
 1104 0433 80       		.byte	-128
 1105 0434 B6       		.byte	-74
 1106 0435 03       		.byte	3
 1107 0436 B7       		.byte	-73
 1108 0437 18       		.byte	24
 1109 0438 B8       		.byte	-72
 1110 0439 80       		.byte	-128
 1111 043a BE       		.byte	-66
 1112 043b 04       		.byte	4
 1113 043c BF       		.byte	-65
 1114 043d 40       		.byte	64
 1115 043e C0       		.byte	-64
 1116 043f 43       		.byte	67
 1117 0440 C1       		.byte	-63
 1118 0441 06       		.byte	6
 1119 0442 C5       		.byte	-59
 1120 0443 E0       		.byte	-32
 1121 0444 C6       		.byte	-58
 1122 0445 CB       		.byte	-53
 1123 0446 C8       		.byte	-56
 1124 0447 0E       		.byte	14
 1125 0448 C9       		.byte	-55
 1126 0449 FF       		.byte	-1
 1127 044a CA       		.byte	-54
 1128 044b FF       		.byte	-1
 1129 044c CB       		.byte	-53
 1130 044d FF       		.byte	-1
 1131 044e CE       		.byte	-50
 1132 044f F0       		.byte	-16
 1133 0450 CF       		.byte	-49
 1134 0451 44       		.byte	68
 1135 0452 D0       		.byte	-48
 1136 0453 0C       		.byte	12
 1137 0454 D4       		.byte	-44
 1138 0455 01       		.byte	1
 1139 0456 D8       		.byte	-40
 1140 0457 04       		.byte	4
ARM GAS  C:\Users\MARKHU~1\AppData\Local\Temp\ccCc9GMB.s 			page 21


 1141 0458 D9       		.byte	-39
 1142 0459 04       		.byte	4
 1143 045a DA       		.byte	-38
 1144 045b 04       		.byte	4
 1145 045c DB       		.byte	-37
 1146 045d 04       		.byte	4
 1147 045e DC       		.byte	-36
 1148 045f 01       		.byte	1
 1149 0460 DD       		.byte	-35
 1150 0461 11       		.byte	17
 1151 0462 DF       		.byte	-33
 1152 0463 01       		.byte	1
 1153 0464 E6       		.byte	-26
 1154 0465 C0       		.byte	-64
 1155 0466 EA       		.byte	-22
 1156 0467 40       		.byte	64
 1157 0468 EB       		.byte	-21
 1158 0469 02       		.byte	2
 1159 046a 00       		.byte	0
 1160 046b 04       		.byte	4
 1161 046c 03       		.byte	3
 1162 046d 01       		.byte	1
 1163 046e 06       		.byte	6
 1164 046f 34       		.byte	52
 1165 0470 07       		.byte	7
 1166 0471 01       		.byte	1
 1167 0472 0A       		.byte	10
 1168 0473 40       		.byte	64
 1169 0474 0E       		.byte	14
 1170 0475 49       		.byte	73
 1171 0476 10       		.byte	16
 1172 0477 80       		.byte	-128
 1173 0478 12       		.byte	18
 1174 0479 10       		.byte	16
 1175 047a 15       		.byte	21
 1176 047b 40       		.byte	64
 1177 047c 17       		.byte	23
 1178 047d 14       		.byte	20
 1179 047e 19       		.byte	25
 1180 047f 84       		.byte	-124
 1181 0480 1A       		.byte	26
 1182 0481 01       		.byte	1
 1183 0482 1C       		.byte	28
 1184 0483 04       		.byte	4
 1185 0484 1D       		.byte	29
 1186 0485 08       		.byte	8
 1187 0486 1E       		.byte	30
 1188 0487 48       		.byte	72
 1189 0488 1F       		.byte	31
 1190 0489 40       		.byte	64
 1191 048a 20       		.byte	32
 1192 048b 0A       		.byte	10
 1193 048c 21       		.byte	33
 1194 048d 01       		.byte	1
 1195 048e 22       		.byte	34
 1196 048f 05       		.byte	5
 1197 0490 24       		.byte	36
ARM GAS  C:\Users\MARKHU~1\AppData\Local\Temp\ccCc9GMB.s 			page 22


 1198 0491 40       		.byte	64
 1199 0492 25       		.byte	37
 1200 0493 50       		.byte	80
 1201 0494 26       		.byte	38
 1202 0495 01       		.byte	1
 1203 0496 27       		.byte	39
 1204 0497 20       		.byte	32
 1205 0498 28       		.byte	40
 1206 0499 10       		.byte	16
 1207 049a 2A       		.byte	42
 1208 049b 80       		.byte	-128
 1209 049c 2B       		.byte	43
 1210 049d 20       		.byte	32
 1211 049e 2F       		.byte	47
 1212 049f 10       		.byte	16
 1213 04a0 30       		.byte	48
 1214 04a1 20       		.byte	32
 1215 04a2 32       		.byte	50
 1216 04a3 44       		.byte	68
 1217 04a4 36       		.byte	54
 1218 04a5 01       		.byte	1
 1219 04a6 37       		.byte	55
 1220 04a7 14       		.byte	20
 1221 04a8 39       		.byte	57
 1222 04a9 12       		.byte	18
 1223 04aa 3B       		.byte	59
 1224 04ab C0       		.byte	-64
 1225 04ac 3D       		.byte	61
 1226 04ad 80       		.byte	-128
 1227 04ae 42       		.byte	66
 1228 04af 20       		.byte	32
 1229 04b0 43       		.byte	67
 1230 04b1 01       		.byte	1
 1231 04b2 44       		.byte	68
 1232 04b3 40       		.byte	64
 1233 04b4 47       		.byte	71
 1234 04b5 28       		.byte	40
 1235 04b6 48       		.byte	72
 1236 04b7 80       		.byte	-128
 1237 04b8 49       		.byte	73
 1238 04b9 01       		.byte	1
 1239 04ba 4A       		.byte	74
 1240 04bb 04       		.byte	4
 1241 04bc 4D       		.byte	77
 1242 04bd 04       		.byte	4
 1243 04be 4F       		.byte	79
 1244 04bf 50       		.byte	80
 1245 04c0 51       		.byte	81
 1246 04c1 40       		.byte	64
 1247 04c2 53       		.byte	83
 1248 04c3 20       		.byte	32
 1249 04c4 57       		.byte	87
 1250 04c5 10       		.byte	16
 1251 04c6 58       		.byte	88
 1252 04c7 10       		.byte	16
 1253 04c8 59       		.byte	89
 1254 04c9 05       		.byte	5
ARM GAS  C:\Users\MARKHU~1\AppData\Local\Temp\ccCc9GMB.s 			page 23


 1255 04ca 5B       		.byte	91
 1256 04cb 40       		.byte	64
 1257 04cc 7C       		.byte	124
 1258 04cd 80       		.byte	-128
 1259 04ce 7D       		.byte	125
 1260 04cf 80       		.byte	-128
 1261 04d0 86       		.byte	-122
 1262 04d1 84       		.byte	-124
 1263 04d2 91       		.byte	-111
 1264 04d3 40       		.byte	64
 1265 04d4 93       		.byte	-109
 1266 04d5 10       		.byte	16
 1267 04d6 94       		.byte	-108
 1268 04d7 40       		.byte	64
 1269 04d8 95       		.byte	-107
 1270 04d9 84       		.byte	-124
 1271 04da 96       		.byte	-106
 1272 04db 40       		.byte	64
 1273 04dc 97       		.byte	-105
 1274 04dd E0       		.byte	-32
 1275 04de 98       		.byte	-104
 1276 04df 40       		.byte	64
 1277 04e0 99       		.byte	-103
 1278 04e1 10       		.byte	16
 1279 04e2 9B       		.byte	-101
 1280 04e3 55       		.byte	85
 1281 04e4 9C       		.byte	-100
 1282 04e5 80       		.byte	-128
 1283 04e6 9D       		.byte	-99
 1284 04e7 A0       		.byte	-96
 1285 04e8 9E       		.byte	-98
 1286 04e9 24       		.byte	36
 1287 04ea A3       		.byte	-93
 1288 04eb 08       		.byte	8
 1289 04ec A4       		.byte	-92
 1290 04ed 40       		.byte	64
 1291 04ee A5       		.byte	-91
 1292 04ef 10       		.byte	16
 1293 04f0 A6       		.byte	-90
 1294 04f1 14       		.byte	20
 1295 04f2 A7       		.byte	-89
 1296 04f3 30       		.byte	48
 1297 04f4 AA       		.byte	-86
 1298 04f5 21       		.byte	33
 1299 04f6 AD       		.byte	-83
 1300 04f7 20       		.byte	32
 1301 04f8 AF       		.byte	-81
 1302 04f9 12       		.byte	18
 1303 04fa C0       		.byte	-64
 1304 04fb E5       		.byte	-27
 1305 04fc C2       		.byte	-62
 1306 04fd D8       		.byte	-40
 1307 04fe C4       		.byte	-60
 1308 04ff EC       		.byte	-20
 1309 0500 CA       		.byte	-54
 1310 0501 48       		.byte	72
 1311 0502 CC       		.byte	-52
ARM GAS  C:\Users\MARKHU~1\AppData\Local\Temp\ccCc9GMB.s 			page 24


 1312 0503 EE       		.byte	-18
 1313 0504 CE       		.byte	-50
 1314 0505 15       		.byte	21
 1315 0506 D0       		.byte	-48
 1316 0507 E3       		.byte	-29
 1317 0508 D2       		.byte	-46
 1318 0509 34       		.byte	52
 1319 050a D6       		.byte	-42
 1320 050b 0F       		.byte	15
 1321 050c 30       		.byte	48
 1322 050d 40       		.byte	64
 1323 050e CC       		.byte	-52
 1324 050f 10       		.byte	16
 1325 0510 84       		.byte	-124
 1326 0511 40       		.byte	64
 1327 0512 9C       		.byte	-100
 1328 0513 40       		.byte	64
 1329 0514 E6       		.byte	-26
 1330 0515 10       		.byte	16
 1331 0516 82       		.byte	-126
 1332 0517 20       		.byte	32
 1333 0518 E2       		.byte	-30
 1334 0519 20       		.byte	32
 1335 051a 9A       		.byte	-102
 1336 051b 20       		.byte	32
 1337 051c 9A       		.byte	-102
 1338 051d 20       		.byte	32
 1339 051e 02       		.byte	2
 1340 051f 10       		.byte	16
 1341 0520 0F       		.byte	15
 1342 0521 40       		.byte	64
 1343 0522 56       		.byte	86
 1344 0523 20       		.byte	32
 1345 0524 62       		.byte	98
 1346 0525 01       		.byte	1
 1347 0526 86       		.byte	-122
 1348 0527 10       		.byte	16
 1349 0528 87       		.byte	-121
 1350 0529 40       		.byte	64
 1351 052a 8E       		.byte	-114
 1352 052b 01       		.byte	1
 1353 052c 9A       		.byte	-102
 1354 052d 20       		.byte	32
 1355 052e C0       		.byte	-64
 1356 052f 10       		.byte	16
 1357 0530 C2       		.byte	-62
 1358 0531 20       		.byte	32
 1359 0532 D4       		.byte	-44
 1360 0533 40       		.byte	64
 1361 0534 D8       		.byte	-40
 1362 0535 40       		.byte	64
 1363 0536 E0       		.byte	-32
 1364 0537 40       		.byte	64
 1365 0538 E4       		.byte	-28
 1366 0539 40       		.byte	64
 1367 053a 00       		.byte	0
 1368 053b 03       		.byte	3
ARM GAS  C:\Users\MARKHU~1\AppData\Local\Temp\ccCc9GMB.s 			page 25


 1369 053c 0A       		.byte	10
 1370 053d 03       		.byte	3
 1371 053e 10       		.byte	16
 1372 053f 03       		.byte	3
 1373 0540 1A       		.byte	26
 1374 0541 03       		.byte	3
 1375 0542 00       		.byte	0
 1376 0543 03       		.byte	3
 1377 0544 02       		.byte	2
 1378 0545 E7       		.byte	-25
 1379 0546 00       		.byte	0
 1380 0547 18       		.byte	24
 1381 0548 00       		.byte	0
 1382 0549 FF       		.byte	-1
 1383 054a 63       		.byte	99
 1384 054b 00       		.byte	0
 1385 054c 7F       		.byte	127
 1386 054d 18       		.byte	24
 1387 054e 00       		.byte	0
 1388 054f 00       		.byte	0
 1389 0550 01       		.byte	1
 1390 0551 10       		.byte	16
 1391 0552 00       		.byte	0
 1392 0553 00       		.byte	0
 1393 0554 00       		.byte	0
 1394 0555 1C       		.byte	28
 1395 0556 00       		.byte	0
 1396 0557 E2       		.byte	-30
 1397 0558 1F       		.byte	31
 1398 0559 40       		.byte	64
 1399 055a 60       		.byte	96
 1400 055b 00       		.byte	0
 1401 055c 73       		.byte	115
 1402 055d 08       		.byte	8
 1403 055e 0C       		.byte	12
 1404 055f 00       		.byte	0
 1405 0560 03       		.byte	3
 1406 0561 1C       		.byte	28
 1407 0562 00       		.byte	0
 1408 0563 E1       		.byte	-31
 1409 0564 08       		.byte	8
 1410 0565 60       		.byte	96
 1411 0566 00       		.byte	0
 1412 0567 00       		.byte	0
 1413 0568 04       		.byte	4
 1414 0569 00       		.byte	0
 1415 056a 00       		.byte	0
 1416 056b 63       		.byte	99
 1417 056c 0C       		.byte	12
 1418 056d 00       		.byte	0
 1419 056e 00       		.byte	0
 1420 056f 04       		.byte	4
 1421 0570 5C       		.byte	92
 1422 0571 24       		.byte	36
 1423 0572 23       		.byte	35
 1424 0573 00       		.byte	0
 1425 0574 10       		.byte	16
ARM GAS  C:\Users\MARKHU~1\AppData\Local\Temp\ccCc9GMB.s 			page 26


 1426 0575 1F       		.byte	31
 1427 0576 2C       		.byte	44
 1428 0577 00       		.byte	0
 1429 0578 0F       		.byte	15
 1430 0579 60       		.byte	96
 1431 057a 4C       		.byte	76
 1432 057b 80       		.byte	-128
 1433 057c 00       		.byte	0
 1434 057d 80       		.byte	-128
 1435 057e 28       		.byte	40
 1436 057f 0A       		.byte	10
 1437 0580 00       		.byte	0
 1438 0581 00       		.byte	0
 1439 0582 01       		.byte	1
 1440 0583 00       		.byte	0
 1441 0584 26       		.byte	38
 1442 0585 03       		.byte	3
 1443 0586 01       		.byte	1
 1444 0587 00       		.byte	0
 1445 0588 05       		.byte	5
 1446 0589 EC       		.byte	-20
 1447 058a 00       		.byte	0
 1448 058b 00       		.byte	0
 1449 058c 03       		.byte	3
 1450 058d FF       		.byte	-1
 1451 058e FF       		.byte	-1
 1452 058f FF       		.byte	-1
 1453 0590 62       		.byte	98
 1454 0591 A0       		.byte	-96
 1455 0592 F0       		.byte	-16
 1456 0593 41       		.byte	65
 1457 0594 0C       		.byte	12
 1458 0595 00       		.byte	0
 1459 0596 00       		.byte	0
 1460 0597 00       		.byte	0
 1461 0598 00       		.byte	0
 1462 0599 00       		.byte	0
 1463 059a 02       		.byte	2
 1464 059b 13       		.byte	19
 1465 059c 04       		.byte	4
 1466 059d 04       		.byte	4
 1467 059e 04       		.byte	4
 1468 059f 04       		.byte	4
 1469 05a0 00       		.byte	0
 1470 05a1 00       		.byte	0
 1471 05a2 00       		.byte	0
 1472 05a3 01       		.byte	1
 1473 05a4 00       		.byte	0
 1474 05a5 00       		.byte	0
 1475 05a6 00       		.byte	0
 1476 05a7 00       		.byte	0
 1477 05a8 00       		.byte	0
 1478 05a9 00       		.byte	0
 1479 05aa 40       		.byte	64
 1480 05ab 02       		.byte	2
 1481 05ac 00       		.byte	0
 1482 05ad 10       		.byte	16
ARM GAS  C:\Users\MARKHU~1\AppData\Local\Temp\ccCc9GMB.s 			page 27


 1483 05ae 30       		.byte	48
 1484 05af 10       		.byte	16
 1485 05b0 00       		.byte	0
 1486 05b1 10       		.byte	16
 1487 05b2 10       		.byte	16
 1488 05b3 12       		.byte	18
 1489 05b4 00       		.byte	0
 1490 05b5 00       		.byte	0
 1491 05b6 00       		.byte	0
 1492 05b7 00       		.byte	0
 1493 05b8 00       		.byte	0
 1494 05b9 00       		.byte	0
 1495 05ba 00       		.byte	0
 1496 05bb 00       		.byte	0
 1497 05bc 00       		.byte	0
 1498 05bd 00       		.byte	0
 1499 05be 00       		.byte	0
 1500 05bf 00       		.byte	0
 1501 05c0 00       		.byte	0
 1502 05c1 00       		.byte	0
 1503 05c2 00       		.byte	0
 1504 05c3 00       		.byte	0
 1505 05c4 00       		.byte	0
 1506 05c5 0B       		.byte	11
 1507 05c6 0B       		.byte	11
 1508 05c7 00       		.byte	0
 1509 05c8 00       		.byte	0
 1510 05c9 00       		.byte	0
 1511 05ca 00       		.byte	0
 1512 05cb 00       		.byte	0
 1513 05cc 12       		.byte	18
 1514 05cd 00       		.byte	0
 1515 05ce 21       		.byte	33
 1516 05cf 92       		.byte	-110
 1517 05d0 92       		.byte	-110
 1518 05d1 00       		.byte	0
 1519 05d2 12       		.byte	18
 1520 05d3 00       		.byte	0
 1521 05d4 00       		.byte	0
 1522 05d5 00       		.byte	0
 1523 05d6 00       		.byte	0
 1524 05d7 00       		.byte	0
 1525              		.section	.cywolatch,"a",%progbits
 1526              		.align	2
 1527              		.type	cy_meta_wonvl, %object
 1528              		.size	cy_meta_wonvl, 4
 1529              	cy_meta_wonvl:
 1530 0000 BC       		.byte	-68
 1531 0001 90       		.byte	-112
 1532 0002 AC       		.byte	-84
 1533 0003 AF       		.byte	-81
 1534              		.section	.cycustnvl,"a",%progbits
 1535              		.align	2
 1536              		.type	cy_meta_custnvl, %object
 1537              		.size	cy_meta_custnvl, 4
 1538              	cy_meta_custnvl:
 1539 0000 00       		.byte	0
ARM GAS  C:\Users\MARKHU~1\AppData\Local\Temp\ccCc9GMB.s 			page 28


 1540 0001 00       		.byte	0
 1541 0002 40       		.byte	64
 1542 0003 05       		.byte	5
 1543              		.section	.cymeta,"a",%progbits
 1544              		.align	2
 1545              		.type	cy_metadata, %object
 1546              		.size	cy_metadata, 12
 1547              	cy_metadata:
 1548 0000 00       		.byte	0
 1549 0001 01       		.byte	1
 1550 0002 2E       		.byte	46
 1551 0003 15       		.byte	21
 1552 0004 90       		.byte	-112
 1553 0005 69       		.byte	105
 1554 0006 00       		.byte	0
 1555 0007 01       		.byte	1
 1556 0008 00       		.byte	0
 1557 0009 00       		.byte	0
 1558 000a 00       		.byte	0
 1559 000b 00       		.byte	0
 1560              		.section	.cyflashprotect,"a",%progbits
 1561              		.align	2
 1562              		.type	cy_meta_flashprotect, %object
 1563              		.size	cy_meta_flashprotect, 128
 1564              	cy_meta_flashprotect:
 1565 0000 00000000 		.space	128
 1565      00000000 
 1565      00000000 
 1565      00000000 
 1565      00000000 
 1566              		.text
 1567              	.Letext0:
 1568              		.file 1 "c:\\program files (x86)\\cypress\\psoc creator\\4.4\\psoc creator\\import\\gnu\\arm\\5.4.
 1569              		.file 2 "c:\\program files (x86)\\cypress\\psoc creator\\4.4\\psoc creator\\import\\gnu\\arm\\5.4.
 1570              		.file 3 "Generated_Source\\PSoC5\\cymetadata.c"
 1571              		.section	.debug_info,"",%progbits
 1572              	.Ldebug_info0:
 1573 0000 33010000 		.4byte	0x133
 1574 0004 0400     		.2byte	0x4
 1575 0006 00000000 		.4byte	.Ldebug_abbrev0
 1576 000a 04       		.byte	0x4
 1577 000b 01       		.uleb128 0x1
 1578 000c 24000000 		.4byte	.LASF17
 1579 0010 0C       		.byte	0xc
 1580 0011 D8010000 		.4byte	.LASF18
 1581 0015 7E010000 		.4byte	.LASF19
 1582 0019 00000000 		.4byte	.Ldebug_line0
 1583 001d 02       		.uleb128 0x2
 1584 001e 01       		.byte	0x1
 1585 001f 06       		.byte	0x6
 1586 0020 72010000 		.4byte	.LASF0
 1587 0024 03       		.uleb128 0x3
 1588 0025 00000000 		.4byte	.LASF9
 1589 0029 01       		.byte	0x1
 1590 002a 1D       		.byte	0x1d
 1591 002b 2F000000 		.4byte	0x2f
 1592 002f 02       		.uleb128 0x2
ARM GAS  C:\Users\MARKHU~1\AppData\Local\Temp\ccCc9GMB.s 			page 29


 1593 0030 01       		.byte	0x1
 1594 0031 08       		.byte	0x8
 1595 0032 16000000 		.4byte	.LASF1
 1596 0036 02       		.uleb128 0x2
 1597 0037 02       		.byte	0x2
 1598 0038 05       		.byte	0x5
 1599 0039 5F010000 		.4byte	.LASF2
 1600 003d 02       		.uleb128 0x2
 1601 003e 02       		.byte	0x2
 1602 003f 07       		.byte	0x7
 1603 0040 C4000000 		.4byte	.LASF3
 1604 0044 02       		.uleb128 0x2
 1605 0045 04       		.byte	0x4
 1606 0046 05       		.byte	0x5
 1607 0047 69010000 		.4byte	.LASF4
 1608 004b 02       		.uleb128 0x2
 1609 004c 04       		.byte	0x4
 1610 004d 07       		.byte	0x7
 1611 004e B2000000 		.4byte	.LASF5
 1612 0052 02       		.uleb128 0x2
 1613 0053 08       		.byte	0x8
 1614 0054 05       		.byte	0x5
 1615 0055 51010000 		.4byte	.LASF6
 1616 0059 02       		.uleb128 0x2
 1617 005a 08       		.byte	0x8
 1618 005b 07       		.byte	0x7
 1619 005c 06010000 		.4byte	.LASF7
 1620 0060 04       		.uleb128 0x4
 1621 0061 04       		.byte	0x4
 1622 0062 05       		.byte	0x5
 1623 0063 696E7400 		.ascii	"int\000"
 1624 0067 02       		.uleb128 0x2
 1625 0068 04       		.byte	0x4
 1626 0069 07       		.byte	0x7
 1627 006a F9000000 		.4byte	.LASF8
 1628 006e 03       		.uleb128 0x3
 1629 006f 1D010000 		.4byte	.LASF10
 1630 0073 02       		.byte	0x2
 1631 0074 18       		.byte	0x18
 1632 0075 24000000 		.4byte	0x24
 1633 0079 05       		.uleb128 0x5
 1634 007a 91000000 		.4byte	0x91
 1635 007e 8A000000 		.4byte	0x8a
 1636 0082 06       		.uleb128 0x6
 1637 0083 8A000000 		.4byte	0x8a
 1638 0087 D705     		.2byte	0x5d7
 1639 0089 00       		.byte	0
 1640 008a 02       		.uleb128 0x2
 1641 008b 04       		.byte	0x4
 1642 008c 07       		.byte	0x7
 1643 008d 48010000 		.4byte	.LASF11
 1644 0091 07       		.uleb128 0x7
 1645 0092 6E000000 		.4byte	0x6e
 1646 0096 08       		.uleb128 0x8
 1647 0097 E7000000 		.4byte	.LASF12
 1648 009b 03       		.byte	0x3
 1649 009c 1F       		.byte	0x1f
ARM GAS  C:\Users\MARKHU~1\AppData\Local\Temp\ccCc9GMB.s 			page 30


 1650 009d A7000000 		.4byte	0xa7
 1651 00a1 05       		.uleb128 0x5
 1652 00a2 03       		.byte	0x3
 1653 00a3 00000000 		.4byte	cy_meta_configecc
 1654 00a7 07       		.uleb128 0x7
 1655 00a8 79000000 		.4byte	0x79
 1656 00ac 05       		.uleb128 0x5
 1657 00ad 91000000 		.4byte	0x91
 1658 00b1 BC000000 		.4byte	0xbc
 1659 00b5 09       		.uleb128 0x9
 1660 00b6 8A000000 		.4byte	0x8a
 1661 00ba 03       		.byte	0x3
 1662 00bb 00       		.byte	0
 1663 00bc 08       		.uleb128 0x8
 1664 00bd D7000000 		.4byte	.LASF13
 1665 00c1 03       		.byte	0x3
 1666 00c2 E7       		.byte	0xe7
 1667 00c3 CD000000 		.4byte	0xcd
 1668 00c7 05       		.uleb128 0x5
 1669 00c8 03       		.byte	0x3
 1670 00c9 00000000 		.4byte	cy_meta_custnvl
 1671 00cd 07       		.uleb128 0x7
 1672 00ce AC000000 		.4byte	0xac
 1673 00d2 08       		.uleb128 0x8
 1674 00d3 3A010000 		.4byte	.LASF14
 1675 00d7 03       		.byte	0x3
 1676 00d8 F5       		.byte	0xf5
 1677 00d9 E3000000 		.4byte	0xe3
 1678 00dd 05       		.uleb128 0x5
 1679 00de 03       		.byte	0x3
 1680 00df 00000000 		.4byte	cy_meta_wonvl
 1681 00e3 07       		.uleb128 0x7
 1682 00e4 AC000000 		.4byte	0xac
 1683 00e8 05       		.uleb128 0x5
 1684 00e9 91000000 		.4byte	0x91
 1685 00ed F8000000 		.4byte	0xf8
 1686 00f1 09       		.uleb128 0x9
 1687 00f2 8A000000 		.4byte	0x8a
 1688 00f6 7F       		.byte	0x7f
 1689 00f7 00       		.byte	0
 1690 00f8 0A       		.uleb128 0xa
 1691 00f9 25010000 		.4byte	.LASF15
 1692 00fd 03       		.byte	0x3
 1693 00fe 0301     		.2byte	0x103
 1694 0100 0A010000 		.4byte	0x10a
 1695 0104 05       		.uleb128 0x5
 1696 0105 03       		.byte	0x3
 1697 0106 00000000 		.4byte	cy_meta_flashprotect
 1698 010a 07       		.uleb128 0x7
 1699 010b E8000000 		.4byte	0xe8
 1700 010f 05       		.uleb128 0x5
 1701 0110 91000000 		.4byte	0x91
 1702 0114 1F010000 		.4byte	0x11f
 1703 0118 09       		.uleb128 0x9
 1704 0119 8A000000 		.4byte	0x8a
 1705 011d 0B       		.byte	0xb
 1706 011e 00       		.byte	0
ARM GAS  C:\Users\MARKHU~1\AppData\Local\Temp\ccCc9GMB.s 			page 31


 1707 011f 0A       		.uleb128 0xa
 1708 0120 0A000000 		.4byte	.LASF16
 1709 0124 03       		.byte	0x3
 1710 0125 2001     		.2byte	0x120
 1711 0127 31010000 		.4byte	0x131
 1712 012b 05       		.uleb128 0x5
 1713 012c 03       		.byte	0x3
 1714 012d 00000000 		.4byte	cy_metadata
 1715 0131 07       		.uleb128 0x7
 1716 0132 0F010000 		.4byte	0x10f
 1717 0136 00       		.byte	0
 1718              		.section	.debug_abbrev,"",%progbits
 1719              	.Ldebug_abbrev0:
 1720 0000 01       		.uleb128 0x1
 1721 0001 11       		.uleb128 0x11
 1722 0002 01       		.byte	0x1
 1723 0003 25       		.uleb128 0x25
 1724 0004 0E       		.uleb128 0xe
 1725 0005 13       		.uleb128 0x13
 1726 0006 0B       		.uleb128 0xb
 1727 0007 03       		.uleb128 0x3
 1728 0008 0E       		.uleb128 0xe
 1729 0009 1B       		.uleb128 0x1b
 1730 000a 0E       		.uleb128 0xe
 1731 000b 10       		.uleb128 0x10
 1732 000c 17       		.uleb128 0x17
 1733 000d 00       		.byte	0
 1734 000e 00       		.byte	0
 1735 000f 02       		.uleb128 0x2
 1736 0010 24       		.uleb128 0x24
 1737 0011 00       		.byte	0
 1738 0012 0B       		.uleb128 0xb
 1739 0013 0B       		.uleb128 0xb
 1740 0014 3E       		.uleb128 0x3e
 1741 0015 0B       		.uleb128 0xb
 1742 0016 03       		.uleb128 0x3
 1743 0017 0E       		.uleb128 0xe
 1744 0018 00       		.byte	0
 1745 0019 00       		.byte	0
 1746 001a 03       		.uleb128 0x3
 1747 001b 16       		.uleb128 0x16
 1748 001c 00       		.byte	0
 1749 001d 03       		.uleb128 0x3
 1750 001e 0E       		.uleb128 0xe
 1751 001f 3A       		.uleb128 0x3a
 1752 0020 0B       		.uleb128 0xb
 1753 0021 3B       		.uleb128 0x3b
 1754 0022 0B       		.uleb128 0xb
 1755 0023 49       		.uleb128 0x49
 1756 0024 13       		.uleb128 0x13
 1757 0025 00       		.byte	0
 1758 0026 00       		.byte	0
 1759 0027 04       		.uleb128 0x4
 1760 0028 24       		.uleb128 0x24
 1761 0029 00       		.byte	0
 1762 002a 0B       		.uleb128 0xb
 1763 002b 0B       		.uleb128 0xb
ARM GAS  C:\Users\MARKHU~1\AppData\Local\Temp\ccCc9GMB.s 			page 32


 1764 002c 3E       		.uleb128 0x3e
 1765 002d 0B       		.uleb128 0xb
 1766 002e 03       		.uleb128 0x3
 1767 002f 08       		.uleb128 0x8
 1768 0030 00       		.byte	0
 1769 0031 00       		.byte	0
 1770 0032 05       		.uleb128 0x5
 1771 0033 01       		.uleb128 0x1
 1772 0034 01       		.byte	0x1
 1773 0035 49       		.uleb128 0x49
 1774 0036 13       		.uleb128 0x13
 1775 0037 01       		.uleb128 0x1
 1776 0038 13       		.uleb128 0x13
 1777 0039 00       		.byte	0
 1778 003a 00       		.byte	0
 1779 003b 06       		.uleb128 0x6
 1780 003c 21       		.uleb128 0x21
 1781 003d 00       		.byte	0
 1782 003e 49       		.uleb128 0x49
 1783 003f 13       		.uleb128 0x13
 1784 0040 2F       		.uleb128 0x2f
 1785 0041 05       		.uleb128 0x5
 1786 0042 00       		.byte	0
 1787 0043 00       		.byte	0
 1788 0044 07       		.uleb128 0x7
 1789 0045 26       		.uleb128 0x26
 1790 0046 00       		.byte	0
 1791 0047 49       		.uleb128 0x49
 1792 0048 13       		.uleb128 0x13
 1793 0049 00       		.byte	0
 1794 004a 00       		.byte	0
 1795 004b 08       		.uleb128 0x8
 1796 004c 34       		.uleb128 0x34
 1797 004d 00       		.byte	0
 1798 004e 03       		.uleb128 0x3
 1799 004f 0E       		.uleb128 0xe
 1800 0050 3A       		.uleb128 0x3a
 1801 0051 0B       		.uleb128 0xb
 1802 0052 3B       		.uleb128 0x3b
 1803 0053 0B       		.uleb128 0xb
 1804 0054 49       		.uleb128 0x49
 1805 0055 13       		.uleb128 0x13
 1806 0056 3F       		.uleb128 0x3f
 1807 0057 19       		.uleb128 0x19
 1808 0058 02       		.uleb128 0x2
 1809 0059 18       		.uleb128 0x18
 1810 005a 00       		.byte	0
 1811 005b 00       		.byte	0
 1812 005c 09       		.uleb128 0x9
 1813 005d 21       		.uleb128 0x21
 1814 005e 00       		.byte	0
 1815 005f 49       		.uleb128 0x49
 1816 0060 13       		.uleb128 0x13
 1817 0061 2F       		.uleb128 0x2f
 1818 0062 0B       		.uleb128 0xb
 1819 0063 00       		.byte	0
 1820 0064 00       		.byte	0
ARM GAS  C:\Users\MARKHU~1\AppData\Local\Temp\ccCc9GMB.s 			page 33


 1821 0065 0A       		.uleb128 0xa
 1822 0066 34       		.uleb128 0x34
 1823 0067 00       		.byte	0
 1824 0068 03       		.uleb128 0x3
 1825 0069 0E       		.uleb128 0xe
 1826 006a 3A       		.uleb128 0x3a
 1827 006b 0B       		.uleb128 0xb
 1828 006c 3B       		.uleb128 0x3b
 1829 006d 05       		.uleb128 0x5
 1830 006e 49       		.uleb128 0x49
 1831 006f 13       		.uleb128 0x13
 1832 0070 3F       		.uleb128 0x3f
 1833 0071 19       		.uleb128 0x19
 1834 0072 02       		.uleb128 0x2
 1835 0073 18       		.uleb128 0x18
 1836 0074 00       		.byte	0
 1837 0075 00       		.byte	0
 1838 0076 00       		.byte	0
 1839              		.section	.debug_aranges,"",%progbits
 1840 0000 14000000 		.4byte	0x14
 1841 0004 0200     		.2byte	0x2
 1842 0006 00000000 		.4byte	.Ldebug_info0
 1843 000a 04       		.byte	0x4
 1844 000b 00       		.byte	0
 1845 000c 0000     		.2byte	0
 1846 000e 0000     		.2byte	0
 1847 0010 00000000 		.4byte	0
 1848 0014 00000000 		.4byte	0
 1849              		.section	.debug_line,"",%progbits
 1850              	.Ldebug_line0:
 1851 0000 3D010000 		.section	.debug_str,"MS",%progbits,1
 1851      02003701 
 1851      00000201 
 1851      FB0E0D00 
 1851      01010101 
 1852              	.LASF9:
 1853 0000 5F5F7569 		.ascii	"__uint8_t\000"
 1853      6E74385F 
 1853      7400
 1854              	.LASF16:
 1855 000a 63795F6D 		.ascii	"cy_metadata\000"
 1855      65746164 
 1855      61746100 
 1856              	.LASF1:
 1857 0016 756E7369 		.ascii	"unsigned char\000"
 1857      676E6564 
 1857      20636861 
 1857      7200
 1858              	.LASF17:
 1859 0024 474E5520 		.ascii	"GNU C11 5.4.1 20160609 (release) [ARM/embedded-5-br"
 1859      43313120 
 1859      352E342E 
 1859      31203230 
 1859      31363036 
 1860 0057 616E6368 		.ascii	"anch revision 237715] -mcpu=cortex-m3 -mthumb -g -O"
 1860      20726576 
 1860      6973696F 
ARM GAS  C:\Users\MARKHU~1\AppData\Local\Temp\ccCc9GMB.s 			page 34


 1860      6E203233 
 1860      37373135 
 1861 008a 67202D66 		.ascii	"g -ffunction-sections -ffat-lto-objects\000"
 1861      66756E63 
 1861      74696F6E 
 1861      2D736563 
 1861      74696F6E 
 1862              	.LASF5:
 1863 00b2 6C6F6E67 		.ascii	"long unsigned int\000"
 1863      20756E73 
 1863      69676E65 
 1863      6420696E 
 1863      7400
 1864              	.LASF3:
 1865 00c4 73686F72 		.ascii	"short unsigned int\000"
 1865      7420756E 
 1865      7369676E 
 1865      65642069 
 1865      6E7400
 1866              	.LASF13:
 1867 00d7 63795F6D 		.ascii	"cy_meta_custnvl\000"
 1867      6574615F 
 1867      63757374 
 1867      6E766C00 
 1868              	.LASF12:
 1869 00e7 63795F6D 		.ascii	"cy_meta_configecc\000"
 1869      6574615F 
 1869      636F6E66 
 1869      69676563 
 1869      6300
 1870              	.LASF8:
 1871 00f9 756E7369 		.ascii	"unsigned int\000"
 1871      676E6564 
 1871      20696E74 
 1871      00
 1872              	.LASF7:
 1873 0106 6C6F6E67 		.ascii	"long long unsigned int\000"
 1873      206C6F6E 
 1873      6720756E 
 1873      7369676E 
 1873      65642069 
 1874              	.LASF10:
 1875 011d 75696E74 		.ascii	"uint8_t\000"
 1875      385F7400 
 1876              	.LASF15:
 1877 0125 63795F6D 		.ascii	"cy_meta_flashprotect\000"
 1877      6574615F 
 1877      666C6173 
 1877      6870726F 
 1877      74656374 
 1878              	.LASF14:
 1879 013a 63795F6D 		.ascii	"cy_meta_wonvl\000"
 1879      6574615F 
 1879      776F6E76 
 1879      6C00
 1880              	.LASF11:
 1881 0148 73697A65 		.ascii	"sizetype\000"
ARM GAS  C:\Users\MARKHU~1\AppData\Local\Temp\ccCc9GMB.s 			page 35


 1881      74797065 
 1881      00
 1882              	.LASF6:
 1883 0151 6C6F6E67 		.ascii	"long long int\000"
 1883      206C6F6E 
 1883      6720696E 
 1883      7400
 1884              	.LASF2:
 1885 015f 73686F72 		.ascii	"short int\000"
 1885      7420696E 
 1885      7400
 1886              	.LASF4:
 1887 0169 6C6F6E67 		.ascii	"long int\000"
 1887      20696E74 
 1887      00
 1888              	.LASF0:
 1889 0172 7369676E 		.ascii	"signed char\000"
 1889      65642063 
 1889      68617200 
 1890              	.LASF19:
 1891 017e 433A5C55 		.ascii	"C:\\Users\\Mark Hughes\\Desktop\\Work\\WORK\\WORK\\"
 1891      73657273 
 1891      5C4D6172 
 1891      6B204875 
 1891      67686573 
 1892 01aa 53747564 		.ascii	"Study\\Cypress_Study\\Study\\GPS_ExtractV2.cydsn\000"
 1892      795C4379 
 1892      70726573 
 1892      735F5374 
 1892      7564795C 
 1893              	.LASF18:
 1894 01d8 47656E65 		.ascii	"Generated_Source\\PSoC5\\cymetadata.c\000"
 1894      72617465 
 1894      645F536F 
 1894      75726365 
 1894      5C50536F 
 1895              		.ident	"GCC: (GNU Tools for ARM Embedded Processors) 5.4.1 20160609 (release) [ARM/embedded-5-bran
