ARM GAS  C:\Users\MARKHU~1\AppData\Local\Temp\cczuEH71.s 			page 1


   1              		.syntax unified
   2              		.cpu cortex-m3
   3              		.fpu softvfp
   4              		.eabi_attribute 20, 1
   5              		.eabi_attribute 21, 1
   6              		.eabi_attribute 23, 3
   7              		.eabi_attribute 24, 1
   8              		.eabi_attribute 25, 1
   9              		.eabi_attribute 26, 1
  10              		.eabi_attribute 30, 1
  11              		.eabi_attribute 34, 1
  12              		.eabi_attribute 18, 4
  13              		.thumb
  14              		.syntax unified
  15              		.file	"main.c"
  16              		.text
  17              	.Ltext0:
  18              		.cfi_sections	.debug_frame
  19              		.section	.text.parse_gnrmc_message,"ax",%progbits
  20              		.align	2
  21              		.global	parse_gnrmc_message
  22              		.thumb
  23              		.thumb_func
  24              		.type	parse_gnrmc_message, %function
  25              	parse_gnrmc_message:
  26              	.LFB64:
  27              		.file 1 "main.c"
   1:main.c        **** /* ========================================
   2:main.c        ****  *
   3:main.c        ****  * Copyright YOUR COMPANY, THE YEAR
   4:main.c        ****  * All Rights Reserved
   5:main.c        ****  * UNPUBLISHED, LICENSED SOFTWARE.
   6:main.c        ****  *
   7:main.c        ****  * CONFIDENTIAL AND PROPRIETARY INFORMATION
   8:main.c        ****  * WHICH IS THE PROPERTY OF your company.
   9:main.c        ****  *
  10:main.c        ****  * ========================================
  11:main.c        **** */
  12:main.c        **** #include "project.h"
  13:main.c        **** #include <stdio.h>
  14:main.c        **** #include <stdlib.h>
  15:main.c        **** #include <string.h>
  16:main.c        **** 
  17:main.c        **** #define UART1_BUFFER_SIZE 128
  18:main.c        **** #define UART2_BUFFER_SIZE 128
  19:main.c        **** 
  20:main.c        **** // Global variables to store the GPS data
  21:main.c        **** char utc_time[10];
  22:main.c        **** char latitude[11];
  23:main.c        **** char longitude[12];
  24:main.c        **** char speed_over_ground[6];
  25:main.c        **** char date[7];
  26:main.c        **** 
  27:main.c        **** // Function to parse the GNRMC message and extract the required data
  28:main.c        **** void parse_gnrmc_message(char* message)
  29:main.c        **** {
  28              		.loc 1 29 0
ARM GAS  C:\Users\MARKHU~1\AppData\Local\Temp\cczuEH71.s 			page 2


  29              		.cfi_startproc
  30              		@ args = 0, pretend = 0, frame = 0
  31              		@ frame_needed = 0, uses_anonymous_args = 0
  32              	.LVL0:
  33 0000 10B5     		push	{r4, lr}
  34              		.cfi_def_cfa_offset 8
  35              		.cfi_offset 4, -8
  36              		.cfi_offset 14, -4
  37              	.LVL1:
  30:main.c        ****     // Split the message into individual fields
  31:main.c        ****     char* field;
  32:main.c        ****     int field_count = 0;
  33:main.c        ****     field = strtok(message, ",");
  38              		.loc 1 33 0
  39 0002 1A49     		ldr	r1, .L10
  40 0004 FFF7FEFF 		bl	strtok
  41              	.LVL2:
  32:main.c        ****     field = strtok(message, ",");
  42              		.loc 1 32 0
  43 0008 0024     		movs	r4, #0
  34:main.c        ****     while (field != NULL)
  44              		.loc 1 34 0
  45 000a 2BE0     		b	.L2
  46              	.LVL3:
  47              	.L8:
  35:main.c        ****     {
  36:main.c        ****         if (field_count == 1)
  48              		.loc 1 36 0
  49 000c 012C     		cmp	r4, #1
  50 000e 05D1     		bne	.L3
  37:main.c        ****         {
  38:main.c        ****             // Extract the UTC time
  39:main.c        ****             strncpy(utc_time, field, 10);
  51              		.loc 1 39 0
  52 0010 0A22     		movs	r2, #10
  53 0012 0146     		mov	r1, r0
  54 0014 1648     		ldr	r0, .L10+4
  55              	.LVL4:
  56 0016 FFF7FEFF 		bl	strncpy
  57              	.LVL5:
  58 001a 1EE0     		b	.L4
  59              	.LVL6:
  60              	.L3:
  40:main.c        ****         }
  41:main.c        ****         else if (field_count == 3)
  61              		.loc 1 41 0
  62 001c 032C     		cmp	r4, #3
  63 001e 05D1     		bne	.L5
  42:main.c        ****         {
  43:main.c        ****             // Extract the latitude
  44:main.c        ****             strncpy(latitude, field, 11);
  64              		.loc 1 44 0
  65 0020 0B22     		movs	r2, #11
  66 0022 0146     		mov	r1, r0
  67 0024 1348     		ldr	r0, .L10+8
  68              	.LVL7:
  69 0026 FFF7FEFF 		bl	strncpy
ARM GAS  C:\Users\MARKHU~1\AppData\Local\Temp\cczuEH71.s 			page 3


  70              	.LVL8:
  71 002a 16E0     		b	.L4
  72              	.LVL9:
  73              	.L5:
  45:main.c        ****         }
  46:main.c        ****         else if (field_count == 5)
  74              		.loc 1 46 0
  75 002c 052C     		cmp	r4, #5
  76 002e 05D1     		bne	.L6
  47:main.c        ****         {
  48:main.c        ****             // Extract the longitude
  49:main.c        ****             strncpy(longitude, field, 12);
  77              		.loc 1 49 0
  78 0030 0C22     		movs	r2, #12
  79 0032 0146     		mov	r1, r0
  80 0034 1048     		ldr	r0, .L10+12
  81              	.LVL10:
  82 0036 FFF7FEFF 		bl	strncpy
  83              	.LVL11:
  84 003a 0EE0     		b	.L4
  85              	.LVL12:
  86              	.L6:
  50:main.c        ****         }
  51:main.c        ****         else if (field_count == 7)
  87              		.loc 1 51 0
  88 003c 072C     		cmp	r4, #7
  89 003e 05D1     		bne	.L7
  52:main.c        ****         {
  53:main.c        ****             // Extract the speed over ground
  54:main.c        ****             strncpy(speed_over_ground, field, 6);
  90              		.loc 1 54 0
  91 0040 0622     		movs	r2, #6
  92 0042 0146     		mov	r1, r0
  93 0044 0D48     		ldr	r0, .L10+16
  94              	.LVL13:
  95 0046 FFF7FEFF 		bl	strncpy
  96              	.LVL14:
  97 004a 06E0     		b	.L4
  98              	.LVL15:
  99              	.L7:
  55:main.c        ****         }
  56:main.c        ****         else if (field_count == 9)
 100              		.loc 1 56 0
 101 004c 092C     		cmp	r4, #9
 102 004e 04D1     		bne	.L4
  57:main.c        ****         {
  58:main.c        ****             // Extract the date
  59:main.c        ****             strncpy(date, field, 7);
 103              		.loc 1 59 0
 104 0050 0722     		movs	r2, #7
 105 0052 0146     		mov	r1, r0
 106 0054 0A48     		ldr	r0, .L10+20
 107              	.LVL16:
 108 0056 FFF7FEFF 		bl	strncpy
 109              	.LVL17:
 110              	.L4:
  60:main.c        ****         }
ARM GAS  C:\Users\MARKHU~1\AppData\Local\Temp\cczuEH71.s 			page 4


  61:main.c        ****         
  62:main.c        ****         field = strtok(NULL, ",");
 111              		.loc 1 62 0
 112 005a 0449     		ldr	r1, .L10
 113 005c 0020     		movs	r0, #0
 114 005e FFF7FEFF 		bl	strtok
 115              	.LVL18:
  63:main.c        ****         field_count++;
 116              		.loc 1 63 0
 117 0062 0134     		adds	r4, r4, #1
 118              	.LVL19:
 119              	.L2:
  34:main.c        ****     {
 120              		.loc 1 34 0
 121 0064 0028     		cmp	r0, #0
 122 0066 D1D1     		bne	.L8
  64:main.c        ****     }
  65:main.c        **** }
 123              		.loc 1 65 0
 124 0068 10BD     		pop	{r4, pc}
 125              	.LVL20:
 126              	.L11:
 127 006a 00BF     		.align	2
 128              	.L10:
 129 006c 00000000 		.word	.LC0
 130 0070 00000000 		.word	utc_time
 131 0074 00000000 		.word	latitude
 132 0078 00000000 		.word	longitude
 133 007c 00000000 		.word	speed_over_ground
 134 0080 00000000 		.word	date
 135              		.cfi_endproc
 136              	.LFE64:
 137              		.size	parse_gnrmc_message, .-parse_gnrmc_message
 138              		.section	.text.main,"ax",%progbits
 139              		.align	2
 140              		.global	main
 141              		.thumb
 142              		.thumb_func
 143              		.type	main, %function
 144              	main:
 145              	.LFB65:
  66:main.c        **** 
  67:main.c        **** int main(void)
  68:main.c        **** {
 146              		.loc 1 68 0
 147              		.cfi_startproc
 148              		@ args = 0, pretend = 0, frame = 256
 149              		@ frame_needed = 0, uses_anonymous_args = 0
 150 0000 10B5     		push	{r4, lr}
 151              		.cfi_def_cfa_offset 8
 152              		.cfi_offset 4, -8
 153              		.cfi_offset 14, -4
 154 0002 C2B0     		sub	sp, sp, #264
 155              		.cfi_def_cfa_offset 272
  69:main.c        ****     CyGlobalIntEnable; /* Enable global interrupts. */
 156              		.loc 1 69 0
 157              		.syntax unified
ARM GAS  C:\Users\MARKHU~1\AppData\Local\Temp\cczuEH71.s 			page 5


 158              	@ 69 "main.c" 1
 159 0004 62B6     		CPSIE   i
 160              	@ 0 "" 2
  70:main.c        ****     
  71:main.c        ****     PW_GPS_Write(1); //power on GPS.
 161              		.loc 1 71 0
 162              		.thumb
 163              		.syntax unified
 164 0006 0120     		movs	r0, #1
 165 0008 FFF7FEFF 		bl	PW_GPS_Write
 166              	.LVL21:
  72:main.c        ****     
  73:main.c        ****     UART_Start();
 167              		.loc 1 73 0
 168 000c FFF7FEFF 		bl	UART_Start
 169              	.LVL22:
  74:main.c        ****     GPS_Start();
 170              		.loc 1 74 0
 171 0010 FFF7FEFF 		bl	GPS_Start
 172              	.LVL23:
  75:main.c        ****     
  76:main.c        ****     UART_PutString("Initializing...\r\n");
 173              		.loc 1 76 0
 174 0014 1E48     		ldr	r0, .L20
 175 0016 FFF7FEFF 		bl	UART_PutString
 176              	.LVL24:
  77:main.c        ****     
  78:main.c        ****     CyDelay(500); // Wait for GPS module to initialize
 177              		.loc 1 78 0
 178 001a 4FF4FA70 		mov	r0, #500
 179 001e FFF7FEFF 		bl	CyDelay
 180              	.LVL25:
  79:main.c        ****     
  80:main.c        ****     UART_PutString("Getting GPS Data...\r\n");
 181              		.loc 1 80 0
 182 0022 1C48     		ldr	r0, .L20+4
 183 0024 FFF7FEFF 		bl	UART_PutString
 184              	.LVL26:
  81:main.c        ****     //GPS_PutString("$PMTK314,0,1,0,1,0,0,0,0,0,0,0,0,0,0,0,0,0,0,0*28\r\n");
  82:main.c        ****     GPS_PutString("$PMTK314,0,1,0,0,0,0,0,0,0,0,0,0,0,0,0,0,0,0,0*28\r\n");
 185              		.loc 1 82 0
 186 0028 1B48     		ldr	r0, .L20+8
 187 002a FFF7FEFF 		bl	GPS_PutString
 188              	.LVL27:
  83:main.c        ****     /* Place your initialization/startup code here (e.g. MyInst_Start()) */
  84:main.c        ****     char uart1_rx_buffer[UART1_BUFFER_SIZE];
  85:main.c        ****     uint32_t uart1_rx_buffer_pos = 0;
 189              		.loc 1 85 0
 190 002e 0024     		movs	r4, #0
 191 0030 00E0     		b	.L14
 192              	.LVL28:
 193              	.L18:
 194              	.LBB2:
  86:main.c        ****     
  87:main.c        ****     char uart2_tx_buffer[UART2_BUFFER_SIZE];
  88:main.c        ****     
  89:main.c        ****     while(1) //loop forever
ARM GAS  C:\Users\MARKHU~1\AppData\Local\Temp\cczuEH71.s 			page 6


  90:main.c        ****     {
  91:main.c        ****         /* Place your application code here. */
  92:main.c        ****         // Read data from UART1 (GPS)
  93:main.c        ****         if (GPS_GetRxBufferSize() > 0)
  94:main.c        ****         {
  95:main.c        ****             char rx_byte = GPS_GetChar();
  96:main.c        ****             //UART_PutChar(rx_byte);
  97:main.c        ****             // Check if we have received a complete message
  98:main.c        ****             if (rx_byte == '\n' || uart1_rx_buffer_pos == UART1_BUFFER_SIZE - 1)
  99:main.c        ****             {
 100:main.c        ****                 uart1_rx_buffer[uart1_rx_buffer_pos] = '\0';
 101:main.c        ****                 
 102:main.c        ****                 // Check if the message is a GNRMC message
 103:main.c        ****                 if (strncmp(uart1_rx_buffer, "$GNRMC", 6) == 0)
 104:main.c        ****                 {
 105:main.c        ****                     // Parse the message and extract the required data
 106:main.c        ****                     parse_gnrmc_message(uart1_rx_buffer);
 107:main.c        ****                     
 108:main.c        ****                     // Transmit the data over UART2
 109:main.c        ****                     /*snprintf(uart2_tx_buffer, UART2_BUFFER_SIZE, "Time: %s, Lat: %s, Long: %s, Sp
 110:main.c        ****                              utc_time, latitude, longitude, speed_over_ground, date);
 111:main.c        ****                     UART_PutString(uart2_tx_buffer);*/
 112:main.c        ****                     /*UART_PutString(latitude);
 113:main.c        ****                     UART_PutString("\r\n");
 114:main.c        ****                     UART_PutString(longitude);
 115:main.c        ****                     UART_PutString("\r\n");*/
 116:main.c        ****                     snprintf(uart2_tx_buffer, UART2_BUFFER_SIZE, "Latitude: %s, Longtitude: %s ,Tim
 117:main.c        ****                     UART_PutString(uart2_tx_buffer);
 118:main.c        ****                 }
 119:main.c        ****                 
 120:main.c        ****                 uart1_rx_buffer_pos = 0;
 195              		.loc 1 120 0
 196 0032 0024     		movs	r4, #0
 197              	.L14:
 198              	.LVL29:
 199              	.LBE2:
  93:main.c        ****         {
 200              		.loc 1 93 0
 201 0034 FFF7FEFF 		bl	GPS_GetRxBufferSize
 202              	.LVL30:
 203 0038 0028     		cmp	r0, #0
 204 003a FBD0     		beq	.L14
 205              	.LBB3:
  95:main.c        ****             //UART_PutChar(rx_byte);
 206              		.loc 1 95 0
 207 003c FFF7FEFF 		bl	GPS_GetChar
 208              	.LVL31:
  98:main.c        ****             {
 209              		.loc 1 98 0
 210 0040 0A28     		cmp	r0, #10
 211 0042 01D0     		beq	.L15
  98:main.c        ****             {
 212              		.loc 1 98 0 is_stmt 0 discriminator 1
 213 0044 7F2C     		cmp	r4, #127
 214 0046 1DD1     		bne	.L16
 215              	.L15:
 100:main.c        ****                 
ARM GAS  C:\Users\MARKHU~1\AppData\Local\Temp\cczuEH71.s 			page 7


 216              		.loc 1 100 0 is_stmt 1
 217 0048 42AB     		add	r3, sp, #264
 218 004a 1C44     		add	r4, r4, r3
 219              	.LVL32:
 220 004c 0023     		movs	r3, #0
 221 004e 04F8803C 		strb	r3, [r4, #-128]
 103:main.c        ****                 {
 222              		.loc 1 103 0
 223 0052 0622     		movs	r2, #6
 224 0054 1149     		ldr	r1, .L20+12
 225 0056 22A8     		add	r0, sp, #136
 226              	.LVL33:
 227 0058 FFF7FEFF 		bl	strncmp
 228              	.LVL34:
 229 005c 0028     		cmp	r0, #0
 230 005e E8D1     		bne	.L18
 106:main.c        ****                     
 231              		.loc 1 106 0
 232 0060 22A8     		add	r0, sp, #136
 233 0062 FFF7FEFF 		bl	parse_gnrmc_message
 234              	.LVL35:
 116:main.c        ****                     UART_PutString(uart2_tx_buffer);
 235              		.loc 1 116 0
 236 0066 0E4B     		ldr	r3, .L20+16
 237 0068 0193     		str	r3, [sp, #4]
 238 006a 0E4B     		ldr	r3, .L20+20
 239 006c 0093     		str	r3, [sp]
 240 006e 0E4B     		ldr	r3, .L20+24
 241 0070 0E4A     		ldr	r2, .L20+28
 242 0072 8021     		movs	r1, #128
 243 0074 02A8     		add	r0, sp, #8
 244 0076 FFF7FEFF 		bl	snprintf
 245              	.LVL36:
 117:main.c        ****                 }
 246              		.loc 1 117 0
 247 007a 02A8     		add	r0, sp, #8
 248 007c FFF7FEFF 		bl	UART_PutString
 249              	.LVL37:
 250              		.loc 1 120 0
 251 0080 0024     		movs	r4, #0
 252 0082 D7E7     		b	.L14
 253              	.LVL38:
 254              	.L16:
 121:main.c        ****             }
 122:main.c        ****             else
 123:main.c        ****             {
 124:main.c        ****                 uart1_rx_buffer[uart1_rx_buffer_pos] = rx_byte;
 255              		.loc 1 124 0
 256 0084 42AB     		add	r3, sp, #264
 257 0086 2344     		add	r3, r3, r4
 258 0088 03F8800C 		strb	r0, [r3, #-128]
 125:main.c        ****                 uart1_rx_buffer_pos++;
 259              		.loc 1 125 0
 260 008c 0134     		adds	r4, r4, #1
 261              	.LVL39:
 262 008e D1E7     		b	.L14
 263              	.L21:
ARM GAS  C:\Users\MARKHU~1\AppData\Local\Temp\cczuEH71.s 			page 8


 264              		.align	2
 265              	.L20:
 266 0090 04000000 		.word	.LC1
 267 0094 18000000 		.word	.LC2
 268 0098 30000000 		.word	.LC3
 269 009c 64000000 		.word	.LC4
 270 00a0 00000000 		.word	utc_time
 271 00a4 00000000 		.word	longitude
 272 00a8 00000000 		.word	latitude
 273 00ac 6C000000 		.word	.LC5
 274              	.LBE3:
 275              		.cfi_endproc
 276              	.LFE65:
 277              		.size	main, .-main
 278              		.comm	date,7,4
 279              		.comm	speed_over_ground,6,4
 280              		.comm	longitude,12,4
 281              		.comm	latitude,11,4
 282              		.comm	utc_time,10,4
 283              		.section	.rodata.str1.4,"aMS",%progbits,1
 284              		.align	2
 285              	.LC0:
 286 0000 2C00     		.ascii	",\000"
 287 0002 0000     		.space	2
 288              	.LC1:
 289 0004 496E6974 		.ascii	"Initializing...\015\012\000"
 289      69616C69 
 289      7A696E67 
 289      2E2E2E0D 
 289      0A00
 290 0016 0000     		.space	2
 291              	.LC2:
 292 0018 47657474 		.ascii	"Getting GPS Data...\015\012\000"
 292      696E6720 
 292      47505320 
 292      44617461 
 292      2E2E2E0D 
 293 002e 0000     		.space	2
 294              	.LC3:
 295 0030 24504D54 		.ascii	"$PMTK314,0,1,0,0,0,0,0,0,0,0,0,0,0,0,0,0,0,0,0*28\015"
 295      4B333134 
 295      2C302C31 
 295      2C302C30 
 295      2C302C30 
 296 0062 0A00     		.ascii	"\012\000"
 297              	.LC4:
 298 0064 24474E52 		.ascii	"$GNRMC\000"
 298      4D4300
 299 006b 00       		.space	1
 300              	.LC5:
 301 006c 4C617469 		.ascii	"Latitude: %s, Longtitude: %s ,Time: %s \015\012\000"
 301      74756465 
 301      3A202573 
 301      2C204C6F 
 301      6E677469 
 302              		.text
 303              	.Letext0:
ARM GAS  C:\Users\MARKHU~1\AppData\Local\Temp\cczuEH71.s 			page 9


 304              		.file 2 "c:\\program files (x86)\\cypress\\psoc creator\\4.4\\psoc creator\\import\\gnu\\arm\\5.4.
 305              		.file 3 "c:\\program files (x86)\\cypress\\psoc creator\\4.4\\psoc creator\\import\\gnu\\arm\\5.4.
 306              		.file 4 "Generated_Source\\PSoC5/core_cm3.h"
 307              		.file 5 "c:\\program files (x86)\\cypress\\psoc creator\\4.4\\psoc creator\\import\\gnu\\arm\\5.4.
 308              		.file 6 "Generated_Source\\PSoC5/GPS.h"
 309              		.file 7 "c:\\program files (x86)\\cypress\\psoc creator\\4.4\\psoc creator\\import\\gnu\\arm\\5.4.
 310              		.file 8 "Generated_Source\\PSoC5/UART.h"
 311              		.file 9 "Generated_Source\\PSoC5/PW_GPS.h"
 312              		.file 10 "Generated_Source\\PSoC5/CyLib.h"
 313              		.section	.debug_info,"",%progbits
 314              	.Ldebug_info0:
 315 0000 87040000 		.4byte	0x487
 316 0004 0400     		.2byte	0x4
 317 0006 00000000 		.4byte	.Ldebug_abbrev0
 318 000a 04       		.byte	0x4
 319 000b 01       		.uleb128 0x1
 320 000c 83000000 		.4byte	.LASF42
 321 0010 0C       		.byte	0xc
 322 0011 22020000 		.4byte	.LASF43
 323 0015 5D020000 		.4byte	.LASF44
 324 0019 18000000 		.4byte	.Ldebug_ranges0+0x18
 325 001d 00000000 		.4byte	0
 326 0021 00000000 		.4byte	.Ldebug_line0
 327 0025 02       		.uleb128 0x2
 328 0026 01       		.byte	0x1
 329 0027 06       		.byte	0x6
 330 0028 D1020000 		.4byte	.LASF0
 331 002c 02       		.uleb128 0x2
 332 002d 01       		.byte	0x1
 333 002e 08       		.byte	0x8
 334 002f 68010000 		.4byte	.LASF1
 335 0033 02       		.uleb128 0x2
 336 0034 02       		.byte	0x2
 337 0035 05       		.byte	0x5
 338 0036 36020000 		.4byte	.LASF2
 339 003a 02       		.uleb128 0x2
 340 003b 02       		.byte	0x2
 341 003c 07       		.byte	0x7
 342 003d 23010000 		.4byte	.LASF3
 343 0041 03       		.uleb128 0x3
 344 0042 38000000 		.4byte	.LASF5
 345 0046 02       		.byte	0x2
 346 0047 3F       		.byte	0x3f
 347 0048 4C000000 		.4byte	0x4c
 348 004c 02       		.uleb128 0x2
 349 004d 04       		.byte	0x4
 350 004e 05       		.byte	0x5
 351 004f 41010000 		.4byte	.LASF4
 352 0053 03       		.uleb128 0x3
 353 0054 91010000 		.4byte	.LASF6
 354 0058 02       		.byte	0x2
 355 0059 41       		.byte	0x41
 356 005a 5E000000 		.4byte	0x5e
 357 005e 02       		.uleb128 0x2
 358 005f 04       		.byte	0x4
 359 0060 07       		.byte	0x7
 360 0061 11010000 		.4byte	.LASF7
ARM GAS  C:\Users\MARKHU~1\AppData\Local\Temp\cczuEH71.s 			page 10


 361 0065 02       		.uleb128 0x2
 362 0066 08       		.byte	0x8
 363 0067 05       		.byte	0x5
 364 0068 02020000 		.4byte	.LASF8
 365 006c 02       		.uleb128 0x2
 366 006d 08       		.byte	0x8
 367 006e 07       		.byte	0x7
 368 006f B5010000 		.4byte	.LASF9
 369 0073 04       		.uleb128 0x4
 370 0074 04       		.byte	0x4
 371 0075 05       		.byte	0x5
 372 0076 696E7400 		.ascii	"int\000"
 373 007a 02       		.uleb128 0x2
 374 007b 04       		.byte	0x4
 375 007c 07       		.byte	0x7
 376 007d A1010000 		.4byte	.LASF10
 377 0081 03       		.uleb128 0x3
 378 0082 E9010000 		.4byte	.LASF11
 379 0086 03       		.byte	0x3
 380 0087 2C       		.byte	0x2c
 381 0088 41000000 		.4byte	0x41
 382 008c 03       		.uleb128 0x3
 383 008d 54020000 		.4byte	.LASF12
 384 0091 03       		.byte	0x3
 385 0092 30       		.byte	0x30
 386 0093 53000000 		.4byte	0x53
 387 0097 02       		.uleb128 0x2
 388 0098 04       		.byte	0x4
 389 0099 04       		.byte	0x4
 390 009a 5F000000 		.4byte	.LASF13
 391 009e 02       		.uleb128 0x2
 392 009f 08       		.byte	0x8
 393 00a0 04       		.byte	0x4
 394 00a1 8A010000 		.4byte	.LASF14
 395 00a5 02       		.uleb128 0x2
 396 00a6 01       		.byte	0x1
 397 00a7 08       		.byte	0x8
 398 00a8 29020000 		.4byte	.LASF15
 399 00ac 02       		.uleb128 0x2
 400 00ad 08       		.byte	0x8
 401 00ae 04       		.byte	0x4
 402 00af C5020000 		.4byte	.LASF16
 403 00b3 02       		.uleb128 0x2
 404 00b4 04       		.byte	0x4
 405 00b5 07       		.byte	0x7
 406 00b6 F1010000 		.4byte	.LASF17
 407 00ba 05       		.uleb128 0x5
 408 00bb 04       		.byte	0x4
 409 00bc A5000000 		.4byte	0xa5
 410 00c0 06       		.uleb128 0x6
 411 00c1 CC010000 		.4byte	.LASF45
 412 00c5 01       		.byte	0x1
 413 00c6 1C       		.byte	0x1c
 414 00c7 00000000 		.4byte	.LFB64
 415 00cb 84000000 		.4byte	.LFE64-.LFB64
 416 00cf 01       		.uleb128 0x1
 417 00d0 9C       		.byte	0x9c
ARM GAS  C:\Users\MARKHU~1\AppData\Local\Temp\cczuEH71.s 			page 11


 418 00d1 C5010000 		.4byte	0x1c5
 419 00d5 07       		.uleb128 0x7
 420 00d6 00000000 		.4byte	.LASF46
 421 00da 01       		.byte	0x1
 422 00db 1C       		.byte	0x1c
 423 00dc BA000000 		.4byte	0xba
 424 00e0 00000000 		.4byte	.LLST0
 425 00e4 08       		.uleb128 0x8
 426 00e5 4E020000 		.4byte	.LASF18
 427 00e9 01       		.byte	0x1
 428 00ea 1F       		.byte	0x1f
 429 00eb BA000000 		.4byte	0xba
 430 00ef 21000000 		.4byte	.LLST1
 431 00f3 08       		.uleb128 0x8
 432 00f4 08000000 		.4byte	.LASF19
 433 00f8 01       		.byte	0x1
 434 00f9 20       		.byte	0x20
 435 00fa 73000000 		.4byte	0x73
 436 00fe A2000000 		.4byte	.LLST2
 437 0102 09       		.uleb128 0x9
 438 0103 08000000 		.4byte	.LVL2
 439 0107 06040000 		.4byte	0x406
 440 010b 20010000 		.4byte	0x120
 441 010f 0A       		.uleb128 0xa
 442 0110 01       		.uleb128 0x1
 443 0111 50       		.byte	0x50
 444 0112 03       		.uleb128 0x3
 445 0113 F3       		.byte	0xf3
 446 0114 01       		.uleb128 0x1
 447 0115 50       		.byte	0x50
 448 0116 0A       		.uleb128 0xa
 449 0117 01       		.uleb128 0x1
 450 0118 51       		.byte	0x51
 451 0119 05       		.uleb128 0x5
 452 011a 03       		.byte	0x3
 453 011b 00000000 		.4byte	.LC0
 454 011f 00       		.byte	0
 455 0120 09       		.uleb128 0x9
 456 0121 1A000000 		.4byte	.LVL5
 457 0125 11040000 		.4byte	0x411
 458 0129 3C010000 		.4byte	0x13c
 459 012d 0A       		.uleb128 0xa
 460 012e 01       		.uleb128 0x1
 461 012f 50       		.byte	0x50
 462 0130 05       		.uleb128 0x5
 463 0131 03       		.byte	0x3
 464 0132 00000000 		.4byte	utc_time
 465 0136 0A       		.uleb128 0xa
 466 0137 01       		.uleb128 0x1
 467 0138 52       		.byte	0x52
 468 0139 01       		.uleb128 0x1
 469 013a 3A       		.byte	0x3a
 470 013b 00       		.byte	0
 471 013c 09       		.uleb128 0x9
 472 013d 2A000000 		.4byte	.LVL8
 473 0141 11040000 		.4byte	0x411
 474 0145 58010000 		.4byte	0x158
ARM GAS  C:\Users\MARKHU~1\AppData\Local\Temp\cczuEH71.s 			page 12


 475 0149 0A       		.uleb128 0xa
 476 014a 01       		.uleb128 0x1
 477 014b 50       		.byte	0x50
 478 014c 05       		.uleb128 0x5
 479 014d 03       		.byte	0x3
 480 014e 00000000 		.4byte	latitude
 481 0152 0A       		.uleb128 0xa
 482 0153 01       		.uleb128 0x1
 483 0154 52       		.byte	0x52
 484 0155 01       		.uleb128 0x1
 485 0156 3B       		.byte	0x3b
 486 0157 00       		.byte	0
 487 0158 09       		.uleb128 0x9
 488 0159 3A000000 		.4byte	.LVL11
 489 015d 11040000 		.4byte	0x411
 490 0161 74010000 		.4byte	0x174
 491 0165 0A       		.uleb128 0xa
 492 0166 01       		.uleb128 0x1
 493 0167 50       		.byte	0x50
 494 0168 05       		.uleb128 0x5
 495 0169 03       		.byte	0x3
 496 016a 00000000 		.4byte	longitude
 497 016e 0A       		.uleb128 0xa
 498 016f 01       		.uleb128 0x1
 499 0170 52       		.byte	0x52
 500 0171 01       		.uleb128 0x1
 501 0172 3C       		.byte	0x3c
 502 0173 00       		.byte	0
 503 0174 09       		.uleb128 0x9
 504 0175 4A000000 		.4byte	.LVL14
 505 0179 11040000 		.4byte	0x411
 506 017d 90010000 		.4byte	0x190
 507 0181 0A       		.uleb128 0xa
 508 0182 01       		.uleb128 0x1
 509 0183 50       		.byte	0x50
 510 0184 05       		.uleb128 0x5
 511 0185 03       		.byte	0x3
 512 0186 00000000 		.4byte	speed_over_ground
 513 018a 0A       		.uleb128 0xa
 514 018b 01       		.uleb128 0x1
 515 018c 52       		.byte	0x52
 516 018d 01       		.uleb128 0x1
 517 018e 36       		.byte	0x36
 518 018f 00       		.byte	0
 519 0190 09       		.uleb128 0x9
 520 0191 5A000000 		.4byte	.LVL17
 521 0195 11040000 		.4byte	0x411
 522 0199 AC010000 		.4byte	0x1ac
 523 019d 0A       		.uleb128 0xa
 524 019e 01       		.uleb128 0x1
 525 019f 50       		.byte	0x50
 526 01a0 05       		.uleb128 0x5
 527 01a1 03       		.byte	0x3
 528 01a2 00000000 		.4byte	date
 529 01a6 0A       		.uleb128 0xa
 530 01a7 01       		.uleb128 0x1
 531 01a8 52       		.byte	0x52
ARM GAS  C:\Users\MARKHU~1\AppData\Local\Temp\cczuEH71.s 			page 13


 532 01a9 01       		.uleb128 0x1
 533 01aa 37       		.byte	0x37
 534 01ab 00       		.byte	0
 535 01ac 0B       		.uleb128 0xb
 536 01ad 62000000 		.4byte	.LVL18
 537 01b1 06040000 		.4byte	0x406
 538 01b5 0A       		.uleb128 0xa
 539 01b6 01       		.uleb128 0x1
 540 01b7 50       		.byte	0x50
 541 01b8 01       		.uleb128 0x1
 542 01b9 30       		.byte	0x30
 543 01ba 0A       		.uleb128 0xa
 544 01bb 01       		.uleb128 0x1
 545 01bc 51       		.byte	0x51
 546 01bd 05       		.uleb128 0x5
 547 01be 03       		.byte	0x3
 548 01bf 00000000 		.4byte	.LC0
 549 01c3 00       		.byte	0
 550 01c4 00       		.byte	0
 551 01c5 0C       		.uleb128 0xc
 552 01c6 9C010000 		.4byte	.LASF47
 553 01ca 01       		.byte	0x1
 554 01cb 43       		.byte	0x43
 555 01cc 73000000 		.4byte	0x73
 556 01d0 00000000 		.4byte	.LFB65
 557 01d4 B0000000 		.4byte	.LFE65-.LFB65
 558 01d8 01       		.uleb128 0x1
 559 01d9 9C       		.byte	0x9c
 560 01da 40030000 		.4byte	0x340
 561 01de 0D       		.uleb128 0xd
 562 01df B5020000 		.4byte	.LASF20
 563 01e3 01       		.byte	0x1
 564 01e4 54       		.byte	0x54
 565 01e5 40030000 		.4byte	0x340
 566 01e9 03       		.uleb128 0x3
 567 01ea 91       		.byte	0x91
 568 01eb F87E     		.sleb128 -136
 569 01ed 08       		.uleb128 0x8
 570 01ee 76010000 		.4byte	.LASF21
 571 01f2 01       		.byte	0x1
 572 01f3 55       		.byte	0x55
 573 01f4 8C000000 		.4byte	0x8c
 574 01f8 C1000000 		.4byte	.LLST3
 575 01fc 0D       		.uleb128 0xd
 576 01fd 14000000 		.4byte	.LASF22
 577 0201 01       		.byte	0x1
 578 0202 57       		.byte	0x57
 579 0203 40030000 		.4byte	0x340
 580 0207 03       		.uleb128 0x3
 581 0208 91       		.byte	0x91
 582 0209 F87D     		.sleb128 -264
 583 020b 0E       		.uleb128 0xe
 584 020c 00000000 		.4byte	.Ldebug_ranges0+0
 585 0210 B7020000 		.4byte	0x2b7
 586 0214 08       		.uleb128 0x8
 587 0215 FA010000 		.4byte	.LASF23
 588 0219 01       		.byte	0x1
ARM GAS  C:\Users\MARKHU~1\AppData\Local\Temp\cczuEH71.s 			page 14


 589 021a 5F       		.byte	0x5f
 590 021b A5000000 		.4byte	0xa5
 591 021f EB000000 		.4byte	.LLST4
 592 0223 0F       		.uleb128 0xf
 593 0224 40000000 		.4byte	.LVL31
 594 0228 1C040000 		.4byte	0x41c
 595 022c 09       		.uleb128 0x9
 596 022d 5C000000 		.4byte	.LVL34
 597 0231 27040000 		.4byte	0x427
 598 0235 4F020000 		.4byte	0x24f
 599 0239 0A       		.uleb128 0xa
 600 023a 01       		.uleb128 0x1
 601 023b 50       		.byte	0x50
 602 023c 03       		.uleb128 0x3
 603 023d 91       		.byte	0x91
 604 023e F87E     		.sleb128 -136
 605 0240 0A       		.uleb128 0xa
 606 0241 01       		.uleb128 0x1
 607 0242 51       		.byte	0x51
 608 0243 05       		.uleb128 0x5
 609 0244 03       		.byte	0x3
 610 0245 64000000 		.4byte	.LC4
 611 0249 0A       		.uleb128 0xa
 612 024a 01       		.uleb128 0x1
 613 024b 52       		.byte	0x52
 614 024c 01       		.uleb128 0x1
 615 024d 36       		.byte	0x36
 616 024e 00       		.byte	0
 617 024f 09       		.uleb128 0x9
 618 0250 66000000 		.4byte	.LVL35
 619 0254 C0000000 		.4byte	0xc0
 620 0258 64020000 		.4byte	0x264
 621 025c 0A       		.uleb128 0xa
 622 025d 01       		.uleb128 0x1
 623 025e 50       		.byte	0x50
 624 025f 03       		.uleb128 0x3
 625 0260 91       		.byte	0x91
 626 0261 F87E     		.sleb128 -136
 627 0263 00       		.byte	0
 628 0264 09       		.uleb128 0x9
 629 0265 7A000000 		.4byte	.LVL36
 630 0269 32040000 		.4byte	0x432
 631 026d A5020000 		.4byte	0x2a5
 632 0271 0A       		.uleb128 0xa
 633 0272 01       		.uleb128 0x1
 634 0273 50       		.byte	0x50
 635 0274 03       		.uleb128 0x3
 636 0275 91       		.byte	0x91
 637 0276 F87D     		.sleb128 -264
 638 0278 0A       		.uleb128 0xa
 639 0279 01       		.uleb128 0x1
 640 027a 51       		.byte	0x51
 641 027b 02       		.uleb128 0x2
 642 027c 08       		.byte	0x8
 643 027d 80       		.byte	0x80
 644 027e 0A       		.uleb128 0xa
 645 027f 01       		.uleb128 0x1
ARM GAS  C:\Users\MARKHU~1\AppData\Local\Temp\cczuEH71.s 			page 15


 646 0280 52       		.byte	0x52
 647 0281 05       		.uleb128 0x5
 648 0282 03       		.byte	0x3
 649 0283 6C000000 		.4byte	.LC5
 650 0287 0A       		.uleb128 0xa
 651 0288 01       		.uleb128 0x1
 652 0289 53       		.byte	0x53
 653 028a 05       		.uleb128 0x5
 654 028b 03       		.byte	0x3
 655 028c 00000000 		.4byte	latitude
 656 0290 0A       		.uleb128 0xa
 657 0291 02       		.uleb128 0x2
 658 0292 7D       		.byte	0x7d
 659 0293 00       		.sleb128 0
 660 0294 05       		.uleb128 0x5
 661 0295 03       		.byte	0x3
 662 0296 00000000 		.4byte	longitude
 663 029a 0A       		.uleb128 0xa
 664 029b 02       		.uleb128 0x2
 665 029c 7D       		.byte	0x7d
 666 029d 04       		.sleb128 4
 667 029e 05       		.uleb128 0x5
 668 029f 03       		.byte	0x3
 669 02a0 00000000 		.4byte	utc_time
 670 02a4 00       		.byte	0
 671 02a5 0B       		.uleb128 0xb
 672 02a6 80000000 		.4byte	.LVL37
 673 02aa 3D040000 		.4byte	0x43d
 674 02ae 0A       		.uleb128 0xa
 675 02af 01       		.uleb128 0x1
 676 02b0 50       		.byte	0x50
 677 02b1 03       		.uleb128 0x3
 678 02b2 91       		.byte	0x91
 679 02b3 F87D     		.sleb128 -264
 680 02b5 00       		.byte	0
 681 02b6 00       		.byte	0
 682 02b7 09       		.uleb128 0x9
 683 02b8 0C000000 		.4byte	.LVL21
 684 02bc 48040000 		.4byte	0x448
 685 02c0 CA020000 		.4byte	0x2ca
 686 02c4 0A       		.uleb128 0xa
 687 02c5 01       		.uleb128 0x1
 688 02c6 50       		.byte	0x50
 689 02c7 01       		.uleb128 0x1
 690 02c8 31       		.byte	0x31
 691 02c9 00       		.byte	0
 692 02ca 0F       		.uleb128 0xf
 693 02cb 10000000 		.4byte	.LVL22
 694 02cf 53040000 		.4byte	0x453
 695 02d3 0F       		.uleb128 0xf
 696 02d4 14000000 		.4byte	.LVL23
 697 02d8 5E040000 		.4byte	0x45e
 698 02dc 09       		.uleb128 0x9
 699 02dd 1A000000 		.4byte	.LVL24
 700 02e1 3D040000 		.4byte	0x43d
 701 02e5 F3020000 		.4byte	0x2f3
 702 02e9 0A       		.uleb128 0xa
ARM GAS  C:\Users\MARKHU~1\AppData\Local\Temp\cczuEH71.s 			page 16


 703 02ea 01       		.uleb128 0x1
 704 02eb 50       		.byte	0x50
 705 02ec 05       		.uleb128 0x5
 706 02ed 03       		.byte	0x3
 707 02ee 04000000 		.4byte	.LC1
 708 02f2 00       		.byte	0
 709 02f3 09       		.uleb128 0x9
 710 02f4 22000000 		.4byte	.LVL25
 711 02f8 69040000 		.4byte	0x469
 712 02fc 08030000 		.4byte	0x308
 713 0300 0A       		.uleb128 0xa
 714 0301 01       		.uleb128 0x1
 715 0302 50       		.byte	0x50
 716 0303 03       		.uleb128 0x3
 717 0304 0A       		.byte	0xa
 718 0305 F401     		.2byte	0x1f4
 719 0307 00       		.byte	0
 720 0308 09       		.uleb128 0x9
 721 0309 28000000 		.4byte	.LVL26
 722 030d 3D040000 		.4byte	0x43d
 723 0311 1F030000 		.4byte	0x31f
 724 0315 0A       		.uleb128 0xa
 725 0316 01       		.uleb128 0x1
 726 0317 50       		.byte	0x50
 727 0318 05       		.uleb128 0x5
 728 0319 03       		.byte	0x3
 729 031a 18000000 		.4byte	.LC2
 730 031e 00       		.byte	0
 731 031f 09       		.uleb128 0x9
 732 0320 2E000000 		.4byte	.LVL27
 733 0324 74040000 		.4byte	0x474
 734 0328 36030000 		.4byte	0x336
 735 032c 0A       		.uleb128 0xa
 736 032d 01       		.uleb128 0x1
 737 032e 50       		.byte	0x50
 738 032f 05       		.uleb128 0x5
 739 0330 03       		.byte	0x3
 740 0331 30000000 		.4byte	.LC3
 741 0335 00       		.byte	0
 742 0336 0F       		.uleb128 0xf
 743 0337 38000000 		.4byte	.LVL30
 744 033b 7F040000 		.4byte	0x47f
 745 033f 00       		.byte	0
 746 0340 10       		.uleb128 0x10
 747 0341 A5000000 		.4byte	0xa5
 748 0345 50030000 		.4byte	0x350
 749 0349 11       		.uleb128 0x11
 750 034a B3000000 		.4byte	0xb3
 751 034e 7F       		.byte	0x7f
 752 034f 00       		.byte	0
 753 0350 12       		.uleb128 0x12
 754 0351 53010000 		.4byte	.LASF24
 755 0355 04       		.byte	0x4
 756 0356 1207     		.2byte	0x712
 757 0358 5C030000 		.4byte	0x35c
 758 035c 13       		.uleb128 0x13
 759 035d 81000000 		.4byte	0x81
ARM GAS  C:\Users\MARKHU~1\AppData\Local\Temp\cczuEH71.s 			page 17


 760 0361 10       		.uleb128 0x10
 761 0362 A5000000 		.4byte	0xa5
 762 0366 71030000 		.4byte	0x371
 763 036a 11       		.uleb128 0x11
 764 036b B3000000 		.4byte	0xb3
 765 036f 09       		.byte	0x9
 766 0370 00       		.byte	0
 767 0371 14       		.uleb128 0x14
 768 0372 4A010000 		.4byte	.LASF25
 769 0376 01       		.byte	0x1
 770 0377 15       		.byte	0x15
 771 0378 61030000 		.4byte	0x361
 772 037c 05       		.uleb128 0x5
 773 037d 03       		.byte	0x3
 774 037e 00000000 		.4byte	utc_time
 775 0382 10       		.uleb128 0x10
 776 0383 A5000000 		.4byte	0xa5
 777 0387 92030000 		.4byte	0x392
 778 038b 11       		.uleb128 0x11
 779 038c B3000000 		.4byte	0xb3
 780 0390 0A       		.byte	0xa
 781 0391 00       		.byte	0
 782 0392 14       		.uleb128 0x14
 783 0393 E0010000 		.4byte	.LASF26
 784 0397 01       		.byte	0x1
 785 0398 16       		.byte	0x16
 786 0399 82030000 		.4byte	0x382
 787 039d 05       		.uleb128 0x5
 788 039e 03       		.byte	0x3
 789 039f 00000000 		.4byte	latitude
 790 03a3 10       		.uleb128 0x10
 791 03a4 A5000000 		.4byte	0xa5
 792 03a8 B3030000 		.4byte	0x3b3
 793 03ac 11       		.uleb128 0x11
 794 03ad B3000000 		.4byte	0xb3
 795 03b1 0B       		.byte	0xb
 796 03b2 00       		.byte	0
 797 03b3 14       		.uleb128 0x14
 798 03b4 55000000 		.4byte	.LASF27
 799 03b8 01       		.byte	0x1
 800 03b9 17       		.byte	0x17
 801 03ba A3030000 		.4byte	0x3a3
 802 03be 05       		.uleb128 0x5
 803 03bf 03       		.byte	0x3
 804 03c0 00000000 		.4byte	longitude
 805 03c4 10       		.uleb128 0x10
 806 03c5 A5000000 		.4byte	0xa5
 807 03c9 D4030000 		.4byte	0x3d4
 808 03cd 11       		.uleb128 0x11
 809 03ce B3000000 		.4byte	0xb3
 810 03d2 05       		.byte	0x5
 811 03d3 00       		.byte	0
 812 03d4 14       		.uleb128 0x14
 813 03d5 10020000 		.4byte	.LASF28
 814 03d9 01       		.byte	0x1
 815 03da 18       		.byte	0x18
 816 03db C4030000 		.4byte	0x3c4
ARM GAS  C:\Users\MARKHU~1\AppData\Local\Temp\cczuEH71.s 			page 18


 817 03df 05       		.uleb128 0x5
 818 03e0 03       		.byte	0x3
 819 03e1 00000000 		.4byte	speed_over_ground
 820 03e5 10       		.uleb128 0x10
 821 03e6 A5000000 		.4byte	0xa5
 822 03ea F5030000 		.4byte	0x3f5
 823 03ee 11       		.uleb128 0x11
 824 03ef B3000000 		.4byte	0xb3
 825 03f3 06       		.byte	0x6
 826 03f4 00       		.byte	0
 827 03f5 14       		.uleb128 0x14
 828 03f6 7E000000 		.4byte	.LASF29
 829 03fa 01       		.byte	0x1
 830 03fb 19       		.byte	0x19
 831 03fc E5030000 		.4byte	0x3e5
 832 0400 05       		.uleb128 0x5
 833 0401 03       		.byte	0x3
 834 0402 00000000 		.4byte	date
 835 0406 15       		.uleb128 0x15
 836 0407 AE010000 		.4byte	.LASF30
 837 040b AE010000 		.4byte	.LASF30
 838 040f 05       		.byte	0x5
 839 0410 2A       		.byte	0x2a
 840 0411 15       		.uleb128 0x15
 841 0412 60010000 		.4byte	.LASF31
 842 0416 60010000 		.4byte	.LASF31
 843 041a 05       		.byte	0x5
 844 041b 24       		.byte	0x24
 845 041c 15       		.uleb128 0x15
 846 041d 72000000 		.4byte	.LASF32
 847 0421 72000000 		.4byte	.LASF32
 848 0425 06       		.byte	0x6
 849 0426 71       		.byte	0x71
 850 0427 15       		.uleb128 0x15
 851 0428 2E020000 		.4byte	.LASF33
 852 042c 2E020000 		.4byte	.LASF33
 853 0430 05       		.byte	0x5
 854 0431 23       		.byte	0x23
 855 0432 15       		.uleb128 0x15
 856 0433 4C000000 		.4byte	.LASF34
 857 0437 4C000000 		.4byte	.LASF34
 858 043b 07       		.byte	0x7
 859 043c FD       		.byte	0xfd
 860 043d 15       		.uleb128 0x15
 861 043e DD020000 		.4byte	.LASF35
 862 0442 DD020000 		.4byte	.LASF35
 863 0446 08       		.byte	0x8
 864 0447 8B       		.byte	0x8b
 865 0448 15       		.uleb128 0x15
 866 0449 65000000 		.4byte	.LASF36
 867 044d 65000000 		.4byte	.LASF36
 868 0451 09       		.byte	0x9
 869 0452 26       		.byte	0x26
 870 0453 15       		.uleb128 0x15
 871 0454 36010000 		.4byte	.LASF37
 872 0458 36010000 		.4byte	.LASF37
 873 045c 08       		.byte	0x8
ARM GAS  C:\Users\MARKHU~1\AppData\Local\Temp\cczuEH71.s 			page 19


 874 045d 54       		.byte	0x54
 875 045e 15       		.uleb128 0x15
 876 045f 42000000 		.4byte	.LASF38
 877 0463 42000000 		.4byte	.LASF38
 878 0467 06       		.byte	0x6
 879 0468 54       		.byte	0x54
 880 0469 15       		.uleb128 0x15
 881 046a EC020000 		.4byte	.LASF39
 882 046e EC020000 		.4byte	.LASF39
 883 0472 0A       		.byte	0xa
 884 0473 76       		.byte	0x76
 885 0474 15       		.uleb128 0x15
 886 0475 40020000 		.4byte	.LASF40
 887 0479 40020000 		.4byte	.LASF40
 888 047d 06       		.byte	0x6
 889 047e 8B       		.byte	0x8b
 890 047f 15       		.uleb128 0x15
 891 0480 24000000 		.4byte	.LASF41
 892 0484 24000000 		.4byte	.LASF41
 893 0488 06       		.byte	0x6
 894 0489 73       		.byte	0x73
 895 048a 00       		.byte	0
 896              		.section	.debug_abbrev,"",%progbits
 897              	.Ldebug_abbrev0:
 898 0000 01       		.uleb128 0x1
 899 0001 11       		.uleb128 0x11
 900 0002 01       		.byte	0x1
 901 0003 25       		.uleb128 0x25
 902 0004 0E       		.uleb128 0xe
 903 0005 13       		.uleb128 0x13
 904 0006 0B       		.uleb128 0xb
 905 0007 03       		.uleb128 0x3
 906 0008 0E       		.uleb128 0xe
 907 0009 1B       		.uleb128 0x1b
 908 000a 0E       		.uleb128 0xe
 909 000b 55       		.uleb128 0x55
 910 000c 17       		.uleb128 0x17
 911 000d 11       		.uleb128 0x11
 912 000e 01       		.uleb128 0x1
 913 000f 10       		.uleb128 0x10
 914 0010 17       		.uleb128 0x17
 915 0011 00       		.byte	0
 916 0012 00       		.byte	0
 917 0013 02       		.uleb128 0x2
 918 0014 24       		.uleb128 0x24
 919 0015 00       		.byte	0
 920 0016 0B       		.uleb128 0xb
 921 0017 0B       		.uleb128 0xb
 922 0018 3E       		.uleb128 0x3e
 923 0019 0B       		.uleb128 0xb
 924 001a 03       		.uleb128 0x3
 925 001b 0E       		.uleb128 0xe
 926 001c 00       		.byte	0
 927 001d 00       		.byte	0
 928 001e 03       		.uleb128 0x3
 929 001f 16       		.uleb128 0x16
 930 0020 00       		.byte	0
ARM GAS  C:\Users\MARKHU~1\AppData\Local\Temp\cczuEH71.s 			page 20


 931 0021 03       		.uleb128 0x3
 932 0022 0E       		.uleb128 0xe
 933 0023 3A       		.uleb128 0x3a
 934 0024 0B       		.uleb128 0xb
 935 0025 3B       		.uleb128 0x3b
 936 0026 0B       		.uleb128 0xb
 937 0027 49       		.uleb128 0x49
 938 0028 13       		.uleb128 0x13
 939 0029 00       		.byte	0
 940 002a 00       		.byte	0
 941 002b 04       		.uleb128 0x4
 942 002c 24       		.uleb128 0x24
 943 002d 00       		.byte	0
 944 002e 0B       		.uleb128 0xb
 945 002f 0B       		.uleb128 0xb
 946 0030 3E       		.uleb128 0x3e
 947 0031 0B       		.uleb128 0xb
 948 0032 03       		.uleb128 0x3
 949 0033 08       		.uleb128 0x8
 950 0034 00       		.byte	0
 951 0035 00       		.byte	0
 952 0036 05       		.uleb128 0x5
 953 0037 0F       		.uleb128 0xf
 954 0038 00       		.byte	0
 955 0039 0B       		.uleb128 0xb
 956 003a 0B       		.uleb128 0xb
 957 003b 49       		.uleb128 0x49
 958 003c 13       		.uleb128 0x13
 959 003d 00       		.byte	0
 960 003e 00       		.byte	0
 961 003f 06       		.uleb128 0x6
 962 0040 2E       		.uleb128 0x2e
 963 0041 01       		.byte	0x1
 964 0042 3F       		.uleb128 0x3f
 965 0043 19       		.uleb128 0x19
 966 0044 03       		.uleb128 0x3
 967 0045 0E       		.uleb128 0xe
 968 0046 3A       		.uleb128 0x3a
 969 0047 0B       		.uleb128 0xb
 970 0048 3B       		.uleb128 0x3b
 971 0049 0B       		.uleb128 0xb
 972 004a 27       		.uleb128 0x27
 973 004b 19       		.uleb128 0x19
 974 004c 11       		.uleb128 0x11
 975 004d 01       		.uleb128 0x1
 976 004e 12       		.uleb128 0x12
 977 004f 06       		.uleb128 0x6
 978 0050 40       		.uleb128 0x40
 979 0051 18       		.uleb128 0x18
 980 0052 9742     		.uleb128 0x2117
 981 0054 19       		.uleb128 0x19
 982 0055 01       		.uleb128 0x1
 983 0056 13       		.uleb128 0x13
 984 0057 00       		.byte	0
 985 0058 00       		.byte	0
 986 0059 07       		.uleb128 0x7
 987 005a 05       		.uleb128 0x5
ARM GAS  C:\Users\MARKHU~1\AppData\Local\Temp\cczuEH71.s 			page 21


 988 005b 00       		.byte	0
 989 005c 03       		.uleb128 0x3
 990 005d 0E       		.uleb128 0xe
 991 005e 3A       		.uleb128 0x3a
 992 005f 0B       		.uleb128 0xb
 993 0060 3B       		.uleb128 0x3b
 994 0061 0B       		.uleb128 0xb
 995 0062 49       		.uleb128 0x49
 996 0063 13       		.uleb128 0x13
 997 0064 02       		.uleb128 0x2
 998 0065 17       		.uleb128 0x17
 999 0066 00       		.byte	0
 1000 0067 00       		.byte	0
 1001 0068 08       		.uleb128 0x8
 1002 0069 34       		.uleb128 0x34
 1003 006a 00       		.byte	0
 1004 006b 03       		.uleb128 0x3
 1005 006c 0E       		.uleb128 0xe
 1006 006d 3A       		.uleb128 0x3a
 1007 006e 0B       		.uleb128 0xb
 1008 006f 3B       		.uleb128 0x3b
 1009 0070 0B       		.uleb128 0xb
 1010 0071 49       		.uleb128 0x49
 1011 0072 13       		.uleb128 0x13
 1012 0073 02       		.uleb128 0x2
 1013 0074 17       		.uleb128 0x17
 1014 0075 00       		.byte	0
 1015 0076 00       		.byte	0
 1016 0077 09       		.uleb128 0x9
 1017 0078 898201   		.uleb128 0x4109
 1018 007b 01       		.byte	0x1
 1019 007c 11       		.uleb128 0x11
 1020 007d 01       		.uleb128 0x1
 1021 007e 31       		.uleb128 0x31
 1022 007f 13       		.uleb128 0x13
 1023 0080 01       		.uleb128 0x1
 1024 0081 13       		.uleb128 0x13
 1025 0082 00       		.byte	0
 1026 0083 00       		.byte	0
 1027 0084 0A       		.uleb128 0xa
 1028 0085 8A8201   		.uleb128 0x410a
 1029 0088 00       		.byte	0
 1030 0089 02       		.uleb128 0x2
 1031 008a 18       		.uleb128 0x18
 1032 008b 9142     		.uleb128 0x2111
 1033 008d 18       		.uleb128 0x18
 1034 008e 00       		.byte	0
 1035 008f 00       		.byte	0
 1036 0090 0B       		.uleb128 0xb
 1037 0091 898201   		.uleb128 0x4109
 1038 0094 01       		.byte	0x1
 1039 0095 11       		.uleb128 0x11
 1040 0096 01       		.uleb128 0x1
 1041 0097 31       		.uleb128 0x31
 1042 0098 13       		.uleb128 0x13
 1043 0099 00       		.byte	0
 1044 009a 00       		.byte	0
ARM GAS  C:\Users\MARKHU~1\AppData\Local\Temp\cczuEH71.s 			page 22


 1045 009b 0C       		.uleb128 0xc
 1046 009c 2E       		.uleb128 0x2e
 1047 009d 01       		.byte	0x1
 1048 009e 3F       		.uleb128 0x3f
 1049 009f 19       		.uleb128 0x19
 1050 00a0 03       		.uleb128 0x3
 1051 00a1 0E       		.uleb128 0xe
 1052 00a2 3A       		.uleb128 0x3a
 1053 00a3 0B       		.uleb128 0xb
 1054 00a4 3B       		.uleb128 0x3b
 1055 00a5 0B       		.uleb128 0xb
 1056 00a6 27       		.uleb128 0x27
 1057 00a7 19       		.uleb128 0x19
 1058 00a8 49       		.uleb128 0x49
 1059 00a9 13       		.uleb128 0x13
 1060 00aa 8701     		.uleb128 0x87
 1061 00ac 19       		.uleb128 0x19
 1062 00ad 11       		.uleb128 0x11
 1063 00ae 01       		.uleb128 0x1
 1064 00af 12       		.uleb128 0x12
 1065 00b0 06       		.uleb128 0x6
 1066 00b1 40       		.uleb128 0x40
 1067 00b2 18       		.uleb128 0x18
 1068 00b3 9742     		.uleb128 0x2117
 1069 00b5 19       		.uleb128 0x19
 1070 00b6 01       		.uleb128 0x1
 1071 00b7 13       		.uleb128 0x13
 1072 00b8 00       		.byte	0
 1073 00b9 00       		.byte	0
 1074 00ba 0D       		.uleb128 0xd
 1075 00bb 34       		.uleb128 0x34
 1076 00bc 00       		.byte	0
 1077 00bd 03       		.uleb128 0x3
 1078 00be 0E       		.uleb128 0xe
 1079 00bf 3A       		.uleb128 0x3a
 1080 00c0 0B       		.uleb128 0xb
 1081 00c1 3B       		.uleb128 0x3b
 1082 00c2 0B       		.uleb128 0xb
 1083 00c3 49       		.uleb128 0x49
 1084 00c4 13       		.uleb128 0x13
 1085 00c5 02       		.uleb128 0x2
 1086 00c6 18       		.uleb128 0x18
 1087 00c7 00       		.byte	0
 1088 00c8 00       		.byte	0
 1089 00c9 0E       		.uleb128 0xe
 1090 00ca 0B       		.uleb128 0xb
 1091 00cb 01       		.byte	0x1
 1092 00cc 55       		.uleb128 0x55
 1093 00cd 17       		.uleb128 0x17
 1094 00ce 01       		.uleb128 0x1
 1095 00cf 13       		.uleb128 0x13
 1096 00d0 00       		.byte	0
 1097 00d1 00       		.byte	0
 1098 00d2 0F       		.uleb128 0xf
 1099 00d3 898201   		.uleb128 0x4109
 1100 00d6 00       		.byte	0
 1101 00d7 11       		.uleb128 0x11
ARM GAS  C:\Users\MARKHU~1\AppData\Local\Temp\cczuEH71.s 			page 23


 1102 00d8 01       		.uleb128 0x1
 1103 00d9 31       		.uleb128 0x31
 1104 00da 13       		.uleb128 0x13
 1105 00db 00       		.byte	0
 1106 00dc 00       		.byte	0
 1107 00dd 10       		.uleb128 0x10
 1108 00de 01       		.uleb128 0x1
 1109 00df 01       		.byte	0x1
 1110 00e0 49       		.uleb128 0x49
 1111 00e1 13       		.uleb128 0x13
 1112 00e2 01       		.uleb128 0x1
 1113 00e3 13       		.uleb128 0x13
 1114 00e4 00       		.byte	0
 1115 00e5 00       		.byte	0
 1116 00e6 11       		.uleb128 0x11
 1117 00e7 21       		.uleb128 0x21
 1118 00e8 00       		.byte	0
 1119 00e9 49       		.uleb128 0x49
 1120 00ea 13       		.uleb128 0x13
 1121 00eb 2F       		.uleb128 0x2f
 1122 00ec 0B       		.uleb128 0xb
 1123 00ed 00       		.byte	0
 1124 00ee 00       		.byte	0
 1125 00ef 12       		.uleb128 0x12
 1126 00f0 34       		.uleb128 0x34
 1127 00f1 00       		.byte	0
 1128 00f2 03       		.uleb128 0x3
 1129 00f3 0E       		.uleb128 0xe
 1130 00f4 3A       		.uleb128 0x3a
 1131 00f5 0B       		.uleb128 0xb
 1132 00f6 3B       		.uleb128 0x3b
 1133 00f7 05       		.uleb128 0x5
 1134 00f8 49       		.uleb128 0x49
 1135 00f9 13       		.uleb128 0x13
 1136 00fa 3F       		.uleb128 0x3f
 1137 00fb 19       		.uleb128 0x19
 1138 00fc 3C       		.uleb128 0x3c
 1139 00fd 19       		.uleb128 0x19
 1140 00fe 00       		.byte	0
 1141 00ff 00       		.byte	0
 1142 0100 13       		.uleb128 0x13
 1143 0101 35       		.uleb128 0x35
 1144 0102 00       		.byte	0
 1145 0103 49       		.uleb128 0x49
 1146 0104 13       		.uleb128 0x13
 1147 0105 00       		.byte	0
 1148 0106 00       		.byte	0
 1149 0107 14       		.uleb128 0x14
 1150 0108 34       		.uleb128 0x34
 1151 0109 00       		.byte	0
 1152 010a 03       		.uleb128 0x3
 1153 010b 0E       		.uleb128 0xe
 1154 010c 3A       		.uleb128 0x3a
 1155 010d 0B       		.uleb128 0xb
 1156 010e 3B       		.uleb128 0x3b
 1157 010f 0B       		.uleb128 0xb
 1158 0110 49       		.uleb128 0x49
ARM GAS  C:\Users\MARKHU~1\AppData\Local\Temp\cczuEH71.s 			page 24


 1159 0111 13       		.uleb128 0x13
 1160 0112 3F       		.uleb128 0x3f
 1161 0113 19       		.uleb128 0x19
 1162 0114 02       		.uleb128 0x2
 1163 0115 18       		.uleb128 0x18
 1164 0116 00       		.byte	0
 1165 0117 00       		.byte	0
 1166 0118 15       		.uleb128 0x15
 1167 0119 2E       		.uleb128 0x2e
 1168 011a 00       		.byte	0
 1169 011b 3F       		.uleb128 0x3f
 1170 011c 19       		.uleb128 0x19
 1171 011d 3C       		.uleb128 0x3c
 1172 011e 19       		.uleb128 0x19
 1173 011f 6E       		.uleb128 0x6e
 1174 0120 0E       		.uleb128 0xe
 1175 0121 03       		.uleb128 0x3
 1176 0122 0E       		.uleb128 0xe
 1177 0123 3A       		.uleb128 0x3a
 1178 0124 0B       		.uleb128 0xb
 1179 0125 3B       		.uleb128 0x3b
 1180 0126 0B       		.uleb128 0xb
 1181 0127 00       		.byte	0
 1182 0128 00       		.byte	0
 1183 0129 00       		.byte	0
 1184              		.section	.debug_loc,"",%progbits
 1185              	.Ldebug_loc0:
 1186              	.LLST0:
 1187 0000 00000000 		.4byte	.LVL0
 1188 0004 07000000 		.4byte	.LVL2-1
 1189 0008 0100     		.2byte	0x1
 1190 000a 50       		.byte	0x50
 1191 000b 07000000 		.4byte	.LVL2-1
 1192 000f 84000000 		.4byte	.LFE64
 1193 0013 0400     		.2byte	0x4
 1194 0015 F3       		.byte	0xf3
 1195 0016 01       		.uleb128 0x1
 1196 0017 50       		.byte	0x50
 1197 0018 9F       		.byte	0x9f
 1198 0019 00000000 		.4byte	0
 1199 001d 00000000 		.4byte	0
 1200              	.LLST1:
 1201 0021 08000000 		.4byte	.LVL2
 1202 0025 16000000 		.4byte	.LVL4
 1203 0029 0100     		.2byte	0x1
 1204 002b 50       		.byte	0x50
 1205 002c 16000000 		.4byte	.LVL4
 1206 0030 19000000 		.4byte	.LVL5-1
 1207 0034 0100     		.2byte	0x1
 1208 0036 51       		.byte	0x51
 1209 0037 1C000000 		.4byte	.LVL6
 1210 003b 26000000 		.4byte	.LVL7
 1211 003f 0100     		.2byte	0x1
 1212 0041 50       		.byte	0x50
 1213 0042 26000000 		.4byte	.LVL7
 1214 0046 29000000 		.4byte	.LVL8-1
 1215 004a 0100     		.2byte	0x1
ARM GAS  C:\Users\MARKHU~1\AppData\Local\Temp\cczuEH71.s 			page 25


 1216 004c 51       		.byte	0x51
 1217 004d 2C000000 		.4byte	.LVL9
 1218 0051 36000000 		.4byte	.LVL10
 1219 0055 0100     		.2byte	0x1
 1220 0057 50       		.byte	0x50
 1221 0058 36000000 		.4byte	.LVL10
 1222 005c 39000000 		.4byte	.LVL11-1
 1223 0060 0100     		.2byte	0x1
 1224 0062 51       		.byte	0x51
 1225 0063 3C000000 		.4byte	.LVL12
 1226 0067 46000000 		.4byte	.LVL13
 1227 006b 0100     		.2byte	0x1
 1228 006d 50       		.byte	0x50
 1229 006e 46000000 		.4byte	.LVL13
 1230 0072 49000000 		.4byte	.LVL14-1
 1231 0076 0100     		.2byte	0x1
 1232 0078 51       		.byte	0x51
 1233 0079 4C000000 		.4byte	.LVL15
 1234 007d 56000000 		.4byte	.LVL16
 1235 0081 0100     		.2byte	0x1
 1236 0083 50       		.byte	0x50
 1237 0084 56000000 		.4byte	.LVL16
 1238 0088 59000000 		.4byte	.LVL17-1
 1239 008c 0100     		.2byte	0x1
 1240 008e 51       		.byte	0x51
 1241 008f 62000000 		.4byte	.LVL18
 1242 0093 84000000 		.4byte	.LFE64
 1243 0097 0100     		.2byte	0x1
 1244 0099 50       		.byte	0x50
 1245 009a 00000000 		.4byte	0
 1246 009e 00000000 		.4byte	0
 1247              	.LLST2:
 1248 00a2 02000000 		.4byte	.LVL1
 1249 00a6 0C000000 		.4byte	.LVL3
 1250 00aa 0200     		.2byte	0x2
 1251 00ac 30       		.byte	0x30
 1252 00ad 9F       		.byte	0x9f
 1253 00ae 0C000000 		.4byte	.LVL3
 1254 00b2 6A000000 		.4byte	.LVL20
 1255 00b6 0100     		.2byte	0x1
 1256 00b8 54       		.byte	0x54
 1257 00b9 00000000 		.4byte	0
 1258 00bd 00000000 		.4byte	0
 1259              	.LLST3:
 1260 00c1 2E000000 		.4byte	.LVL27
 1261 00c5 32000000 		.4byte	.LVL28
 1262 00c9 0200     		.2byte	0x2
 1263 00cb 30       		.byte	0x30
 1264 00cc 9F       		.byte	0x9f
 1265 00cd 34000000 		.4byte	.LVL29
 1266 00d1 4C000000 		.4byte	.LVL32
 1267 00d5 0100     		.2byte	0x1
 1268 00d7 54       		.byte	0x54
 1269 00d8 84000000 		.4byte	.LVL38
 1270 00dc B0000000 		.4byte	.LFE65
 1271 00e0 0100     		.2byte	0x1
 1272 00e2 54       		.byte	0x54
ARM GAS  C:\Users\MARKHU~1\AppData\Local\Temp\cczuEH71.s 			page 26


 1273 00e3 00000000 		.4byte	0
 1274 00e7 00000000 		.4byte	0
 1275              	.LLST4:
 1276 00eb 40000000 		.4byte	.LVL31
 1277 00ef 58000000 		.4byte	.LVL33
 1278 00f3 0100     		.2byte	0x1
 1279 00f5 50       		.byte	0x50
 1280 00f6 84000000 		.4byte	.LVL38
 1281 00fa B0000000 		.4byte	.LFE65
 1282 00fe 0100     		.2byte	0x1
 1283 0100 50       		.byte	0x50
 1284 0101 00000000 		.4byte	0
 1285 0105 00000000 		.4byte	0
 1286              		.section	.debug_aranges,"",%progbits
 1287 0000 24000000 		.4byte	0x24
 1288 0004 0200     		.2byte	0x2
 1289 0006 00000000 		.4byte	.Ldebug_info0
 1290 000a 04       		.byte	0x4
 1291 000b 00       		.byte	0
 1292 000c 0000     		.2byte	0
 1293 000e 0000     		.2byte	0
 1294 0010 00000000 		.4byte	.LFB64
 1295 0014 84000000 		.4byte	.LFE64-.LFB64
 1296 0018 00000000 		.4byte	.LFB65
 1297 001c B0000000 		.4byte	.LFE65-.LFB65
 1298 0020 00000000 		.4byte	0
 1299 0024 00000000 		.4byte	0
 1300              		.section	.debug_ranges,"",%progbits
 1301              	.Ldebug_ranges0:
 1302 0000 32000000 		.4byte	.LBB2
 1303 0004 34000000 		.4byte	.LBE2
 1304 0008 3C000000 		.4byte	.LBB3
 1305 000c B0000000 		.4byte	.LBE3
 1306 0010 00000000 		.4byte	0
 1307 0014 00000000 		.4byte	0
 1308 0018 00000000 		.4byte	.LFB64
 1309 001c 84000000 		.4byte	.LFE64
 1310 0020 00000000 		.4byte	.LFB65
 1311 0024 B0000000 		.4byte	.LFE65
 1312 0028 00000000 		.4byte	0
 1313 002c 00000000 		.4byte	0
 1314              		.section	.debug_line,"",%progbits
 1315              	.Ldebug_line0:
 1316 0000 44020000 		.section	.debug_str,"MS",%progbits,1
 1316      0200E801 
 1316      00000201 
 1316      FB0E0D00 
 1316      01010101 
 1317              	.LASF46:
 1318 0000 6D657373 		.ascii	"message\000"
 1318      61676500 
 1319              	.LASF19:
 1320 0008 6669656C 		.ascii	"field_count\000"
 1320      645F636F 
 1320      756E7400 
 1321              	.LASF22:
 1322 0014 75617274 		.ascii	"uart2_tx_buffer\000"
ARM GAS  C:\Users\MARKHU~1\AppData\Local\Temp\cczuEH71.s 			page 27


 1322      325F7478 
 1322      5F627566 
 1322      66657200 
 1323              	.LASF41:
 1324 0024 4750535F 		.ascii	"GPS_GetRxBufferSize\000"
 1324      47657452 
 1324      78427566 
 1324      66657253 
 1324      697A6500 
 1325              	.LASF5:
 1326 0038 5F5F696E 		.ascii	"__int32_t\000"
 1326      7433325F 
 1326      7400
 1327              	.LASF38:
 1328 0042 4750535F 		.ascii	"GPS_Start\000"
 1328      53746172 
 1328      7400
 1329              	.LASF34:
 1330 004c 736E7072 		.ascii	"snprintf\000"
 1330      696E7466 
 1330      00
 1331              	.LASF27:
 1332 0055 6C6F6E67 		.ascii	"longitude\000"
 1332      69747564 
 1332      6500
 1333              	.LASF13:
 1334 005f 666C6F61 		.ascii	"float\000"
 1334      7400
 1335              	.LASF36:
 1336 0065 50575F47 		.ascii	"PW_GPS_Write\000"
 1336      50535F57 
 1336      72697465 
 1336      00
 1337              	.LASF32:
 1338 0072 4750535F 		.ascii	"GPS_GetChar\000"
 1338      47657443 
 1338      68617200 
 1339              	.LASF29:
 1340 007e 64617465 		.ascii	"date\000"
 1340      00
 1341              	.LASF42:
 1342 0083 474E5520 		.ascii	"GNU C11 5.4.1 20160609 (release) [ARM/embedded-5-br"
 1342      43313120 
 1342      352E342E 
 1342      31203230 
 1342      31363036 
 1343 00b6 616E6368 		.ascii	"anch revision 237715] -mcpu=cortex-m3 -mthumb -g -O"
 1343      20726576 
 1343      6973696F 
 1343      6E203233 
 1343      37373135 
 1344 00e9 67202D66 		.ascii	"g -ffunction-sections -ffat-lto-objects\000"
 1344      66756E63 
 1344      74696F6E 
 1344      2D736563 
 1344      74696F6E 
 1345              	.LASF7:
ARM GAS  C:\Users\MARKHU~1\AppData\Local\Temp\cczuEH71.s 			page 28


 1346 0111 6C6F6E67 		.ascii	"long unsigned int\000"
 1346      20756E73 
 1346      69676E65 
 1346      6420696E 
 1346      7400
 1347              	.LASF3:
 1348 0123 73686F72 		.ascii	"short unsigned int\000"
 1348      7420756E 
 1348      7369676E 
 1348      65642069 
 1348      6E7400
 1349              	.LASF37:
 1350 0136 55415254 		.ascii	"UART_Start\000"
 1350      5F537461 
 1350      727400
 1351              	.LASF4:
 1352 0141 6C6F6E67 		.ascii	"long int\000"
 1352      20696E74 
 1352      00
 1353              	.LASF25:
 1354 014a 7574635F 		.ascii	"utc_time\000"
 1354      74696D65 
 1354      00
 1355              	.LASF24:
 1356 0153 49544D5F 		.ascii	"ITM_RxBuffer\000"
 1356      52784275 
 1356      66666572 
 1356      00
 1357              	.LASF31:
 1358 0160 7374726E 		.ascii	"strncpy\000"
 1358      63707900 
 1359              	.LASF1:
 1360 0168 756E7369 		.ascii	"unsigned char\000"
 1360      676E6564 
 1360      20636861 
 1360      7200
 1361              	.LASF21:
 1362 0176 75617274 		.ascii	"uart1_rx_buffer_pos\000"
 1362      315F7278 
 1362      5F627566 
 1362      6665725F 
 1362      706F7300 
 1363              	.LASF14:
 1364 018a 646F7562 		.ascii	"double\000"
 1364      6C6500
 1365              	.LASF6:
 1366 0191 5F5F7569 		.ascii	"__uint32_t\000"
 1366      6E743332 
 1366      5F7400
 1367              	.LASF47:
 1368 019c 6D61696E 		.ascii	"main\000"
 1368      00
 1369              	.LASF10:
 1370 01a1 756E7369 		.ascii	"unsigned int\000"
 1370      676E6564 
 1370      20696E74 
 1370      00
ARM GAS  C:\Users\MARKHU~1\AppData\Local\Temp\cczuEH71.s 			page 29


 1371              	.LASF30:
 1372 01ae 73747274 		.ascii	"strtok\000"
 1372      6F6B00
 1373              	.LASF9:
 1374 01b5 6C6F6E67 		.ascii	"long long unsigned int\000"
 1374      206C6F6E 
 1374      6720756E 
 1374      7369676E 
 1374      65642069 
 1375              	.LASF45:
 1376 01cc 70617273 		.ascii	"parse_gnrmc_message\000"
 1376      655F676E 
 1376      726D635F 
 1376      6D657373 
 1376      61676500 
 1377              	.LASF26:
 1378 01e0 6C617469 		.ascii	"latitude\000"
 1378      74756465 
 1378      00
 1379              	.LASF11:
 1380 01e9 696E7433 		.ascii	"int32_t\000"
 1380      325F7400 
 1381              	.LASF17:
 1382 01f1 73697A65 		.ascii	"sizetype\000"
 1382      74797065 
 1382      00
 1383              	.LASF23:
 1384 01fa 72785F62 		.ascii	"rx_byte\000"
 1384      79746500 
 1385              	.LASF8:
 1386 0202 6C6F6E67 		.ascii	"long long int\000"
 1386      206C6F6E 
 1386      6720696E 
 1386      7400
 1387              	.LASF28:
 1388 0210 73706565 		.ascii	"speed_over_ground\000"
 1388      645F6F76 
 1388      65725F67 
 1388      726F756E 
 1388      6400
 1389              	.LASF43:
 1390 0222 6D61696E 		.ascii	"main.c\000"
 1390      2E6300
 1391              	.LASF15:
 1392 0229 63686172 		.ascii	"char\000"
 1392      00
 1393              	.LASF33:
 1394 022e 7374726E 		.ascii	"strncmp\000"
 1394      636D7000 
 1395              	.LASF2:
 1396 0236 73686F72 		.ascii	"short int\000"
 1396      7420696E 
 1396      7400
 1397              	.LASF40:
 1398 0240 4750535F 		.ascii	"GPS_PutString\000"
 1398      50757453 
 1398      7472696E 
ARM GAS  C:\Users\MARKHU~1\AppData\Local\Temp\cczuEH71.s 			page 30


 1398      6700
 1399              	.LASF18:
 1400 024e 6669656C 		.ascii	"field\000"
 1400      6400
 1401              	.LASF12:
 1402 0254 75696E74 		.ascii	"uint32_t\000"
 1402      33325F74 
 1402      00
 1403              	.LASF44:
 1404 025d 433A5C55 		.ascii	"C:\\Users\\Mark Hughes\\Desktop\\Work\\WORK\\WORK\\"
 1404      73657273 
 1404      5C4D6172 
 1404      6B204875 
 1404      67686573 
 1405 0289 53747564 		.ascii	"Study\\Cypress_Study\\Study\\GPS_Extract.cydsn\000"
 1405      795C4379 
 1405      70726573 
 1405      735F5374 
 1405      7564795C 
 1406              	.LASF20:
 1407 02b5 75617274 		.ascii	"uart1_rx_buffer\000"
 1407      315F7278 
 1407      5F627566 
 1407      66657200 
 1408              	.LASF16:
 1409 02c5 6C6F6E67 		.ascii	"long double\000"
 1409      20646F75 
 1409      626C6500 
 1410              	.LASF0:
 1411 02d1 7369676E 		.ascii	"signed char\000"
 1411      65642063 
 1411      68617200 
 1412              	.LASF35:
 1413 02dd 55415254 		.ascii	"UART_PutString\000"
 1413      5F507574 
 1413      53747269 
 1413      6E6700
 1414              	.LASF39:
 1415 02ec 43794465 		.ascii	"CyDelay\000"
 1415      6C617900 
 1416              		.ident	"GCC: (GNU Tools for ARM Embedded Processors) 5.4.1 20160609 (release) [ARM/embedded-5-bran
