ARM GAS  C:\Users\tonkl\AppData\Local\Temp\ccXt7vrH.s 			page 1


   1              		.syntax unified
   2              		.cpu cortex-m3
   3              		.fpu softvfp
   4              		.eabi_attribute 20, 1
   5              		.eabi_attribute 21, 1
   6              		.eabi_attribute 23, 3
   7              		.eabi_attribute 24, 1
   8              		.eabi_attribute 25, 1
   9              		.eabi_attribute 26, 1
  10              		.eabi_attribute 30, 1
  11              		.eabi_attribute 34, 1
  12              		.eabi_attribute 18, 4
  13              		.thumb
  14              		.syntax unified
  15              		.file	"main.c"
  16              		.text
  17              	.Ltext0:
  18              		.cfi_sections	.debug_frame
  19              		.section	.text.Newline,"ax",%progbits
  20              		.align	2
  21              		.global	Newline
  22              		.thumb
  23              		.thumb_func
  24              		.type	Newline, %function
  25              	Newline:
  26              	.LFB65:
  27              		.file 1 "main.c"
   1:main.c        **** /* ========================================
   2:main.c        ****  *
   3:main.c        ****  * Copyright YOUR COMPANY, THE YEAR
   4:main.c        ****  * All Rights Reserved
   5:main.c        ****  * UNPUBLISHED, LICENSED SOFTWARE.
   6:main.c        ****  *
   7:main.c        ****  * CONFIDENTIAL AND PROPRIETARY INFORMATION
   8:main.c        ****  * WHICH IS THE PROPERTY OF your company.
   9:main.c        ****  *
  10:main.c        ****  * ========================================
  11:main.c        **** */
  12:main.c        **** #include "project.h"
  13:main.c        **** #include <ctype.h>
  14:main.c        **** #include <string.h>
  15:main.c        **** #include <stdio.h>
  16:main.c        **** #include <stdlib.h>
  17:main.c        **** 
  18:main.c        **** #define SPACE ' '
  19:main.c        **** #define TAB '\t'
  20:main.c        **** #define CR  '\r'
  21:main.c        **** #define LF  '\n'
  22:main.c        **** #define prompt '>'
  23:main.c        **** 
  24:main.c        **** void Newline(void);
  25:main.c        **** 
  26:main.c        **** int main(void)
  27:main.c        **** {
  28:main.c        ****     CyGlobalIntEnable; /* Enable global interrupts. */
  29:main.c        **** 
  30:main.c        ****     /* Place your initialization/startup code here (e.g. MyInst_Start()) */
ARM GAS  C:\Users\tonkl\AppData\Local\Temp\ccXt7vrH.s 			page 2


  31:main.c        ****     uint8_t usertype;
  32:main.c        ****     
  33:main.c        ****     UART_Serial_Start(); //Start UART
  34:main.c        ****     UART_Serial_PutString("Start Serial to UART!! \r\n"); //Print String to Serial
  35:main.c        ****     UART_Serial_PutString("PSoC 5LP UART Communicate Test \r\n");
  36:main.c        ****     UART_Serial_PutString("Hello World! \r\n");
  37:main.c        ****     UART_Serial_PutChar('>');
  38:main.c        ****     
  39:main.c        ****     for(;;)
  40:main.c        ****     {
  41:main.c        ****         /* Place your application code here. */
  42:main.c        ****         /*UART_Serial_PutString("Hello World!");
  43:main.c        ****         Newline();*/
  44:main.c        ****         //CyDelay(500);
  45:main.c        ****         
  46:main.c        ****         usertype = UART_Serial_GetChar(); //Read one Character
  47:main.c        ****         if(usertype)
  48:main.c        ****         {
  49:main.c        ****             //UART_Serial_PutChar(toupper(usertype)); //Convert lowercase to UPPERCASE
  50:main.c        ****             //UART_Serial_PutChar(usertype);
  51:main.c        ****             switch(usertype){
  52:main.c        ****                 case('1'): {
  53:main.c        ****                     UART_Serial_PutString("This is Case 1");
  54:main.c        ****                     Newline();
  55:main.c        ****                     break;
  56:main.c        ****                 } 
  57:main.c        ****                 case('2'): {
  58:main.c        ****                     UART_Serial_PutString("This is Case 2");
  59:main.c        ****                     Newline();
  60:main.c        ****                     break;
  61:main.c        ****                 }
  62:main.c        ****                 case ('3'): {
  63:main.c        ****                     UART_Serial_PutString("This is Case 3");
  64:main.c        ****                     Newline();
  65:main.c        ****                     break;
  66:main.c        ****                 }
  67:main.c        ****             }
  68:main.c        ****         }
  69:main.c        ****     }
  70:main.c        ****     return 0;
  71:main.c        **** }
  72:main.c        **** 
  73:main.c        **** void Newline (void)
  74:main.c        **** {
  28              		.loc 1 74 0
  29              		.cfi_startproc
  30              		@ args = 0, pretend = 0, frame = 0
  31              		@ frame_needed = 0, uses_anonymous_args = 0
  32 0000 08B5     		push	{r3, lr}
  33              		.cfi_def_cfa_offset 8
  34              		.cfi_offset 3, -8
  35              		.cfi_offset 14, -4
  75:main.c        ****     UART_Serial_PutString("\r\n");
  36              		.loc 1 75 0
  37 0002 0348     		ldr	r0, .L3
  38 0004 FFF7FEFF 		bl	UART_Serial_PutString
  39              	.LVL0:
ARM GAS  C:\Users\tonkl\AppData\Local\Temp\ccXt7vrH.s 			page 3


  76:main.c        ****     UART_Serial_PutChar('>');
  40              		.loc 1 76 0
  41 0008 3E20     		movs	r0, #62
  42 000a FFF7FEFF 		bl	UART_Serial_PutChar
  43              	.LVL1:
  44 000e 08BD     		pop	{r3, pc}
  45              	.L4:
  46              		.align	2
  47              	.L3:
  48 0010 00000000 		.word	.LC0
  49              		.cfi_endproc
  50              	.LFE65:
  51              		.size	Newline, .-Newline
  52              		.section	.text.main,"ax",%progbits
  53              		.align	2
  54              		.global	main
  55              		.thumb
  56              		.thumb_func
  57              		.type	main, %function
  58              	main:
  59              	.LFB64:
  27:main.c        ****     CyGlobalIntEnable; /* Enable global interrupts. */
  60              		.loc 1 27 0
  61              		.cfi_startproc
  62              		@ args = 0, pretend = 0, frame = 0
  63              		@ frame_needed = 0, uses_anonymous_args = 0
  64 0000 08B5     		push	{r3, lr}
  65              		.cfi_def_cfa_offset 8
  66              		.cfi_offset 3, -8
  67              		.cfi_offset 14, -4
  28:main.c        **** 
  68              		.loc 1 28 0
  69              		.syntax unified
  70              	@ 28 "main.c" 1
  71 0002 62B6     		CPSIE   i
  72              	@ 0 "" 2
  33:main.c        ****     UART_Serial_PutString("Start Serial to UART!! \r\n"); //Print String to Serial
  73              		.loc 1 33 0
  74              		.thumb
  75              		.syntax unified
  76 0004 FFF7FEFF 		bl	UART_Serial_Start
  77              	.LVL2:
  34:main.c        ****     UART_Serial_PutString("PSoC 5LP UART Communicate Test \r\n");
  78              		.loc 1 34 0
  79 0008 1348     		ldr	r0, .L12
  80 000a FFF7FEFF 		bl	UART_Serial_PutString
  81              	.LVL3:
  35:main.c        ****     UART_Serial_PutString("Hello World! \r\n");
  82              		.loc 1 35 0
  83 000e 1348     		ldr	r0, .L12+4
  84 0010 FFF7FEFF 		bl	UART_Serial_PutString
  85              	.LVL4:
  36:main.c        ****     UART_Serial_PutChar('>');
  86              		.loc 1 36 0
  87 0014 1248     		ldr	r0, .L12+8
  88 0016 FFF7FEFF 		bl	UART_Serial_PutString
  89              	.LVL5:
ARM GAS  C:\Users\tonkl\AppData\Local\Temp\ccXt7vrH.s 			page 4


  37:main.c        ****     
  90              		.loc 1 37 0
  91 001a 3E20     		movs	r0, #62
  92 001c FFF7FEFF 		bl	UART_Serial_PutChar
  93              	.LVL6:
  94              	.L6:
  46:main.c        ****         if(usertype)
  95              		.loc 1 46 0
  96 0020 FFF7FEFF 		bl	UART_Serial_GetChar
  97              	.LVL7:
  47:main.c        ****         {
  98              		.loc 1 47 0
  99 0024 0028     		cmp	r0, #0
 100 0026 FBD0     		beq	.L6
  51:main.c        ****                 case('1'): {
 101              		.loc 1 51 0
 102 0028 3228     		cmp	r0, #50
 103 002a 09D0     		beq	.L8
 104 002c 3328     		cmp	r0, #51
 105 002e 0DD0     		beq	.L9
 106 0030 3128     		cmp	r0, #49
 107 0032 F5D1     		bne	.L6
  53:main.c        ****                     Newline();
 108              		.loc 1 53 0
 109 0034 0B48     		ldr	r0, .L12+12
 110              	.LVL8:
 111 0036 FFF7FEFF 		bl	UART_Serial_PutString
 112              	.LVL9:
  54:main.c        ****                     break;
 113              		.loc 1 54 0
 114 003a FFF7FEFF 		bl	Newline
 115              	.LVL10:
  55:main.c        ****                 } 
 116              		.loc 1 55 0
 117 003e EFE7     		b	.L6
 118              	.LVL11:
 119              	.L8:
  58:main.c        ****                     Newline();
 120              		.loc 1 58 0
 121 0040 0948     		ldr	r0, .L12+16
 122              	.LVL12:
 123 0042 FFF7FEFF 		bl	UART_Serial_PutString
 124              	.LVL13:
  59:main.c        ****                     break;
 125              		.loc 1 59 0
 126 0046 FFF7FEFF 		bl	Newline
 127              	.LVL14:
  60:main.c        ****                 }
 128              		.loc 1 60 0
 129 004a E9E7     		b	.L6
 130              	.LVL15:
 131              	.L9:
  63:main.c        ****                     Newline();
 132              		.loc 1 63 0
 133 004c 0748     		ldr	r0, .L12+20
 134              	.LVL16:
 135 004e FFF7FEFF 		bl	UART_Serial_PutString
ARM GAS  C:\Users\tonkl\AppData\Local\Temp\ccXt7vrH.s 			page 5


 136              	.LVL17:
  64:main.c        ****                     break;
 137              		.loc 1 64 0
 138 0052 FFF7FEFF 		bl	Newline
 139              	.LVL18:
  65:main.c        ****                 }
 140              		.loc 1 65 0
 141 0056 E3E7     		b	.L6
 142              	.L13:
 143              		.align	2
 144              	.L12:
 145 0058 04000000 		.word	.LC1
 146 005c 20000000 		.word	.LC2
 147 0060 44000000 		.word	.LC3
 148 0064 54000000 		.word	.LC4
 149 0068 64000000 		.word	.LC5
 150 006c 74000000 		.word	.LC6
 151              		.cfi_endproc
 152              	.LFE64:
 153              		.size	main, .-main
 154              		.section	.rodata.str1.4,"aMS",%progbits,1
 155              		.align	2
 156              	.LC0:
 157 0000 0D0A00   		.ascii	"\015\012\000"
 158 0003 00       		.space	1
 159              	.LC1:
 160 0004 53746172 		.ascii	"Start Serial to UART!! \015\012\000"
 160      74205365 
 160      7269616C 
 160      20746F20 
 160      55415254 
 161 001e 0000     		.space	2
 162              	.LC2:
 163 0020 50536F43 		.ascii	"PSoC 5LP UART Communicate Test \015\012\000"
 163      20354C50 
 163      20554152 
 163      5420436F 
 163      6D6D756E 
 164 0042 0000     		.space	2
 165              	.LC3:
 166 0044 48656C6C 		.ascii	"Hello World! \015\012\000"
 166      6F20576F 
 166      726C6421 
 166      200D0A00 
 167              	.LC4:
 168 0054 54686973 		.ascii	"This is Case 1\000"
 168      20697320 
 168      43617365 
 168      203100
 169 0063 00       		.space	1
 170              	.LC5:
 171 0064 54686973 		.ascii	"This is Case 2\000"
 171      20697320 
 171      43617365 
 171      203200
 172 0073 00       		.space	1
 173              	.LC6:
ARM GAS  C:\Users\tonkl\AppData\Local\Temp\ccXt7vrH.s 			page 6


 174 0074 54686973 		.ascii	"This is Case 3\000"
 174      20697320 
 174      43617365 
 174      203300
 175              		.text
 176              	.Letext0:
 177              		.file 2 "c:\\program files (x86)\\cypress\\psoc creator\\4.4\\psoc creator\\import\\gnu\\arm\\5.4.
 178              		.file 3 "c:\\program files (x86)\\cypress\\psoc creator\\4.4\\psoc creator\\import\\gnu\\arm\\5.4.
 179              		.file 4 "Generated_Source\\PSoC5/UART_Serial.h"
 180              		.file 5 "Generated_Source\\PSoC5/core_cm3.h"
 181              		.section	.debug_info,"",%progbits
 182              	.Ldebug_info0:
 183 0000 25020000 		.4byte	0x225
 184 0004 0400     		.2byte	0x4
 185 0006 00000000 		.4byte	.Ldebug_abbrev0
 186 000a 04       		.byte	0x4
 187 000b 01       		.uleb128 0x1
 188 000c 51000000 		.4byte	.LASF22
 189 0010 0C       		.byte	0xc
 190 0011 2F000000 		.4byte	.LASF23
 191 0015 2D010000 		.4byte	.LASF24
 192 0019 00000000 		.4byte	.Ldebug_ranges0+0
 193 001d 00000000 		.4byte	0
 194 0021 00000000 		.4byte	.Ldebug_line0
 195 0025 02       		.uleb128 0x2
 196 0026 01       		.byte	0x1
 197 0027 06       		.byte	0x6
 198 0028 B5010000 		.4byte	.LASF0
 199 002c 03       		.uleb128 0x3
 200 002d 10010000 		.4byte	.LASF4
 201 0031 02       		.byte	0x2
 202 0032 1D       		.byte	0x1d
 203 0033 37000000 		.4byte	0x37
 204 0037 02       		.uleb128 0x2
 205 0038 01       		.byte	0x1
 206 0039 08       		.byte	0x8
 207 003a 85010000 		.4byte	.LASF1
 208 003e 02       		.uleb128 0x2
 209 003f 02       		.byte	0x2
 210 0040 05       		.byte	0x5
 211 0041 DD010000 		.4byte	.LASF2
 212 0045 02       		.uleb128 0x2
 213 0046 02       		.byte	0x2
 214 0047 07       		.byte	0x7
 215 0048 1A010000 		.4byte	.LASF3
 216 004c 03       		.uleb128 0x3
 217 004d CD010000 		.4byte	.LASF5
 218 0051 02       		.byte	0x2
 219 0052 3F       		.byte	0x3f
 220 0053 57000000 		.4byte	0x57
 221 0057 02       		.uleb128 0x2
 222 0058 04       		.byte	0x4
 223 0059 05       		.byte	0x5
 224 005a 98010000 		.4byte	.LASF6
 225 005e 02       		.uleb128 0x2
 226 005f 04       		.byte	0x4
 227 0060 07       		.byte	0x7
ARM GAS  C:\Users\tonkl\AppData\Local\Temp\ccXt7vrH.s 			page 7


 228 0061 E7000000 		.4byte	.LASF7
 229 0065 02       		.uleb128 0x2
 230 0066 08       		.byte	0x8
 231 0067 05       		.byte	0x5
 232 0068 00000000 		.4byte	.LASF8
 233 006c 02       		.uleb128 0x2
 234 006d 08       		.byte	0x8
 235 006e 07       		.byte	0x7
 236 006f F9000000 		.4byte	.LASF9
 237 0073 04       		.uleb128 0x4
 238 0074 04       		.byte	0x4
 239 0075 05       		.byte	0x5
 240 0076 696E7400 		.ascii	"int\000"
 241 007a 02       		.uleb128 0x2
 242 007b 04       		.byte	0x4
 243 007c 07       		.byte	0x7
 244 007d 22000000 		.4byte	.LASF10
 245 0081 03       		.uleb128 0x3
 246 0082 7D010000 		.4byte	.LASF11
 247 0086 03       		.byte	0x3
 248 0087 18       		.byte	0x18
 249 0088 2C000000 		.4byte	0x2c
 250 008c 03       		.uleb128 0x3
 251 008d DF000000 		.4byte	.LASF12
 252 0091 03       		.byte	0x3
 253 0092 2C       		.byte	0x2c
 254 0093 4C000000 		.4byte	0x4c
 255 0097 02       		.uleb128 0x2
 256 0098 04       		.byte	0x4
 257 0099 04       		.byte	0x4
 258 009a D7010000 		.4byte	.LASF13
 259 009e 02       		.uleb128 0x2
 260 009f 08       		.byte	0x8
 261 00a0 04       		.byte	0x4
 262 00a1 A1010000 		.4byte	.LASF14
 263 00a5 02       		.uleb128 0x2
 264 00a6 01       		.byte	0x1
 265 00a7 08       		.byte	0x8
 266 00a8 93010000 		.4byte	.LASF15
 267 00ac 02       		.uleb128 0x2
 268 00ad 08       		.byte	0x8
 269 00ae 04       		.byte	0x4
 270 00af C1010000 		.4byte	.LASF16
 271 00b3 02       		.uleb128 0x2
 272 00b4 04       		.byte	0x4
 273 00b5 07       		.byte	0x7
 274 00b6 02020000 		.4byte	.LASF17
 275 00ba 05       		.uleb128 0x5
 276 00bb 75010000 		.4byte	.LASF25
 277 00bf 01       		.byte	0x1
 278 00c0 49       		.byte	0x49
 279 00c1 00000000 		.4byte	.LFB65
 280 00c5 14000000 		.4byte	.LFE65-.LFB65
 281 00c9 01       		.uleb128 0x1
 282 00ca 9C       		.byte	0x9c
 283 00cb F7000000 		.4byte	0xf7
 284 00cf 06       		.uleb128 0x6
ARM GAS  C:\Users\tonkl\AppData\Local\Temp\ccXt7vrH.s 			page 8


 285 00d0 08000000 		.4byte	.LVL0
 286 00d4 FC010000 		.4byte	0x1fc
 287 00d8 E6000000 		.4byte	0xe6
 288 00dc 07       		.uleb128 0x7
 289 00dd 01       		.uleb128 0x1
 290 00de 50       		.byte	0x50
 291 00df 05       		.uleb128 0x5
 292 00e0 03       		.byte	0x3
 293 00e1 00000000 		.4byte	.LC0
 294 00e5 00       		.byte	0
 295 00e6 08       		.uleb128 0x8
 296 00e7 0E000000 		.4byte	.LVL1
 297 00eb 07020000 		.4byte	0x207
 298 00ef 07       		.uleb128 0x7
 299 00f0 01       		.uleb128 0x1
 300 00f1 50       		.byte	0x50
 301 00f2 02       		.uleb128 0x2
 302 00f3 08       		.byte	0x8
 303 00f4 3E       		.byte	0x3e
 304 00f5 00       		.byte	0
 305 00f6 00       		.byte	0
 306 00f7 09       		.uleb128 0x9
 307 00f8 4C000000 		.4byte	.LASF26
 308 00fc 01       		.byte	0x1
 309 00fd 1A       		.byte	0x1a
 310 00fe 73000000 		.4byte	0x73
 311 0102 00000000 		.4byte	.LFB64
 312 0106 70000000 		.4byte	.LFE64-.LFB64
 313 010a 01       		.uleb128 0x1
 314 010b 9C       		.byte	0x9c
 315 010c EB010000 		.4byte	0x1eb
 316 0110 0A       		.uleb128 0xa
 317 0111 F9010000 		.4byte	.LASF27
 318 0115 01       		.byte	0x1
 319 0116 1F       		.byte	0x1f
 320 0117 81000000 		.4byte	0x81
 321 011b 00000000 		.4byte	.LLST0
 322 011f 0B       		.uleb128 0xb
 323 0120 08000000 		.4byte	.LVL2
 324 0124 12020000 		.4byte	0x212
 325 0128 06       		.uleb128 0x6
 326 0129 0E000000 		.4byte	.LVL3
 327 012d FC010000 		.4byte	0x1fc
 328 0131 3F010000 		.4byte	0x13f
 329 0135 07       		.uleb128 0x7
 330 0136 01       		.uleb128 0x1
 331 0137 50       		.byte	0x50
 332 0138 05       		.uleb128 0x5
 333 0139 03       		.byte	0x3
 334 013a 04000000 		.4byte	.LC1
 335 013e 00       		.byte	0
 336 013f 06       		.uleb128 0x6
 337 0140 14000000 		.4byte	.LVL4
 338 0144 FC010000 		.4byte	0x1fc
 339 0148 56010000 		.4byte	0x156
 340 014c 07       		.uleb128 0x7
 341 014d 01       		.uleb128 0x1
ARM GAS  C:\Users\tonkl\AppData\Local\Temp\ccXt7vrH.s 			page 9


 342 014e 50       		.byte	0x50
 343 014f 05       		.uleb128 0x5
 344 0150 03       		.byte	0x3
 345 0151 20000000 		.4byte	.LC2
 346 0155 00       		.byte	0
 347 0156 06       		.uleb128 0x6
 348 0157 1A000000 		.4byte	.LVL5
 349 015b FC010000 		.4byte	0x1fc
 350 015f 6D010000 		.4byte	0x16d
 351 0163 07       		.uleb128 0x7
 352 0164 01       		.uleb128 0x1
 353 0165 50       		.byte	0x50
 354 0166 05       		.uleb128 0x5
 355 0167 03       		.byte	0x3
 356 0168 44000000 		.4byte	.LC3
 357 016c 00       		.byte	0
 358 016d 06       		.uleb128 0x6
 359 016e 20000000 		.4byte	.LVL6
 360 0172 07020000 		.4byte	0x207
 361 0176 81010000 		.4byte	0x181
 362 017a 07       		.uleb128 0x7
 363 017b 01       		.uleb128 0x1
 364 017c 50       		.byte	0x50
 365 017d 02       		.uleb128 0x2
 366 017e 08       		.byte	0x8
 367 017f 3E       		.byte	0x3e
 368 0180 00       		.byte	0
 369 0181 0B       		.uleb128 0xb
 370 0182 24000000 		.4byte	.LVL7
 371 0186 1D020000 		.4byte	0x21d
 372 018a 06       		.uleb128 0x6
 373 018b 3A000000 		.4byte	.LVL9
 374 018f FC010000 		.4byte	0x1fc
 375 0193 A1010000 		.4byte	0x1a1
 376 0197 07       		.uleb128 0x7
 377 0198 01       		.uleb128 0x1
 378 0199 50       		.byte	0x50
 379 019a 05       		.uleb128 0x5
 380 019b 03       		.byte	0x3
 381 019c 54000000 		.4byte	.LC4
 382 01a0 00       		.byte	0
 383 01a1 0B       		.uleb128 0xb
 384 01a2 3E000000 		.4byte	.LVL10
 385 01a6 BA000000 		.4byte	0xba
 386 01aa 06       		.uleb128 0x6
 387 01ab 46000000 		.4byte	.LVL13
 388 01af FC010000 		.4byte	0x1fc
 389 01b3 C1010000 		.4byte	0x1c1
 390 01b7 07       		.uleb128 0x7
 391 01b8 01       		.uleb128 0x1
 392 01b9 50       		.byte	0x50
 393 01ba 05       		.uleb128 0x5
 394 01bb 03       		.byte	0x3
 395 01bc 64000000 		.4byte	.LC5
 396 01c0 00       		.byte	0
 397 01c1 0B       		.uleb128 0xb
 398 01c2 4A000000 		.4byte	.LVL14
ARM GAS  C:\Users\tonkl\AppData\Local\Temp\ccXt7vrH.s 			page 10


 399 01c6 BA000000 		.4byte	0xba
 400 01ca 06       		.uleb128 0x6
 401 01cb 52000000 		.4byte	.LVL17
 402 01cf FC010000 		.4byte	0x1fc
 403 01d3 E1010000 		.4byte	0x1e1
 404 01d7 07       		.uleb128 0x7
 405 01d8 01       		.uleb128 0x1
 406 01d9 50       		.byte	0x50
 407 01da 05       		.uleb128 0x5
 408 01db 03       		.byte	0x3
 409 01dc 74000000 		.4byte	.LC6
 410 01e0 00       		.byte	0
 411 01e1 0B       		.uleb128 0xb
 412 01e2 56000000 		.4byte	.LVL18
 413 01e6 BA000000 		.4byte	0xba
 414 01ea 00       		.byte	0
 415 01eb 0C       		.uleb128 0xc
 416 01ec A8010000 		.4byte	.LASF28
 417 01f0 05       		.byte	0x5
 418 01f1 1207     		.2byte	0x712
 419 01f3 F7010000 		.4byte	0x1f7
 420 01f7 0D       		.uleb128 0xd
 421 01f8 8C000000 		.4byte	0x8c
 422 01fc 0E       		.uleb128 0xe
 423 01fd 36000000 		.4byte	.LASF18
 424 0201 36000000 		.4byte	.LASF18
 425 0205 04       		.byte	0x4
 426 0206 8B       		.byte	0x8b
 427 0207 0E       		.uleb128 0xe
 428 0208 61010000 		.4byte	.LASF19
 429 020c 61010000 		.4byte	.LASF19
 430 0210 04       		.byte	0x4
 431 0211 8A       		.byte	0x8a
 432 0212 0E       		.uleb128 0xe
 433 0213 E7010000 		.4byte	.LASF20
 434 0217 E7010000 		.4byte	.LASF20
 435 021b 04       		.byte	0x4
 436 021c 54       		.byte	0x54
 437 021d 0E       		.uleb128 0xe
 438 021e 0E000000 		.4byte	.LASF21
 439 0222 0E000000 		.4byte	.LASF21
 440 0226 04       		.byte	0x4
 441 0227 71       		.byte	0x71
 442 0228 00       		.byte	0
 443              		.section	.debug_abbrev,"",%progbits
 444              	.Ldebug_abbrev0:
 445 0000 01       		.uleb128 0x1
 446 0001 11       		.uleb128 0x11
 447 0002 01       		.byte	0x1
 448 0003 25       		.uleb128 0x25
 449 0004 0E       		.uleb128 0xe
 450 0005 13       		.uleb128 0x13
 451 0006 0B       		.uleb128 0xb
 452 0007 03       		.uleb128 0x3
 453 0008 0E       		.uleb128 0xe
 454 0009 1B       		.uleb128 0x1b
 455 000a 0E       		.uleb128 0xe
ARM GAS  C:\Users\tonkl\AppData\Local\Temp\ccXt7vrH.s 			page 11


 456 000b 55       		.uleb128 0x55
 457 000c 17       		.uleb128 0x17
 458 000d 11       		.uleb128 0x11
 459 000e 01       		.uleb128 0x1
 460 000f 10       		.uleb128 0x10
 461 0010 17       		.uleb128 0x17
 462 0011 00       		.byte	0
 463 0012 00       		.byte	0
 464 0013 02       		.uleb128 0x2
 465 0014 24       		.uleb128 0x24
 466 0015 00       		.byte	0
 467 0016 0B       		.uleb128 0xb
 468 0017 0B       		.uleb128 0xb
 469 0018 3E       		.uleb128 0x3e
 470 0019 0B       		.uleb128 0xb
 471 001a 03       		.uleb128 0x3
 472 001b 0E       		.uleb128 0xe
 473 001c 00       		.byte	0
 474 001d 00       		.byte	0
 475 001e 03       		.uleb128 0x3
 476 001f 16       		.uleb128 0x16
 477 0020 00       		.byte	0
 478 0021 03       		.uleb128 0x3
 479 0022 0E       		.uleb128 0xe
 480 0023 3A       		.uleb128 0x3a
 481 0024 0B       		.uleb128 0xb
 482 0025 3B       		.uleb128 0x3b
 483 0026 0B       		.uleb128 0xb
 484 0027 49       		.uleb128 0x49
 485 0028 13       		.uleb128 0x13
 486 0029 00       		.byte	0
 487 002a 00       		.byte	0
 488 002b 04       		.uleb128 0x4
 489 002c 24       		.uleb128 0x24
 490 002d 00       		.byte	0
 491 002e 0B       		.uleb128 0xb
 492 002f 0B       		.uleb128 0xb
 493 0030 3E       		.uleb128 0x3e
 494 0031 0B       		.uleb128 0xb
 495 0032 03       		.uleb128 0x3
 496 0033 08       		.uleb128 0x8
 497 0034 00       		.byte	0
 498 0035 00       		.byte	0
 499 0036 05       		.uleb128 0x5
 500 0037 2E       		.uleb128 0x2e
 501 0038 01       		.byte	0x1
 502 0039 3F       		.uleb128 0x3f
 503 003a 19       		.uleb128 0x19
 504 003b 03       		.uleb128 0x3
 505 003c 0E       		.uleb128 0xe
 506 003d 3A       		.uleb128 0x3a
 507 003e 0B       		.uleb128 0xb
 508 003f 3B       		.uleb128 0x3b
 509 0040 0B       		.uleb128 0xb
 510 0041 27       		.uleb128 0x27
 511 0042 19       		.uleb128 0x19
 512 0043 11       		.uleb128 0x11
ARM GAS  C:\Users\tonkl\AppData\Local\Temp\ccXt7vrH.s 			page 12


 513 0044 01       		.uleb128 0x1
 514 0045 12       		.uleb128 0x12
 515 0046 06       		.uleb128 0x6
 516 0047 40       		.uleb128 0x40
 517 0048 18       		.uleb128 0x18
 518 0049 9742     		.uleb128 0x2117
 519 004b 19       		.uleb128 0x19
 520 004c 01       		.uleb128 0x1
 521 004d 13       		.uleb128 0x13
 522 004e 00       		.byte	0
 523 004f 00       		.byte	0
 524 0050 06       		.uleb128 0x6
 525 0051 898201   		.uleb128 0x4109
 526 0054 01       		.byte	0x1
 527 0055 11       		.uleb128 0x11
 528 0056 01       		.uleb128 0x1
 529 0057 31       		.uleb128 0x31
 530 0058 13       		.uleb128 0x13
 531 0059 01       		.uleb128 0x1
 532 005a 13       		.uleb128 0x13
 533 005b 00       		.byte	0
 534 005c 00       		.byte	0
 535 005d 07       		.uleb128 0x7
 536 005e 8A8201   		.uleb128 0x410a
 537 0061 00       		.byte	0
 538 0062 02       		.uleb128 0x2
 539 0063 18       		.uleb128 0x18
 540 0064 9142     		.uleb128 0x2111
 541 0066 18       		.uleb128 0x18
 542 0067 00       		.byte	0
 543 0068 00       		.byte	0
 544 0069 08       		.uleb128 0x8
 545 006a 898201   		.uleb128 0x4109
 546 006d 01       		.byte	0x1
 547 006e 11       		.uleb128 0x11
 548 006f 01       		.uleb128 0x1
 549 0070 31       		.uleb128 0x31
 550 0071 13       		.uleb128 0x13
 551 0072 00       		.byte	0
 552 0073 00       		.byte	0
 553 0074 09       		.uleb128 0x9
 554 0075 2E       		.uleb128 0x2e
 555 0076 01       		.byte	0x1
 556 0077 3F       		.uleb128 0x3f
 557 0078 19       		.uleb128 0x19
 558 0079 03       		.uleb128 0x3
 559 007a 0E       		.uleb128 0xe
 560 007b 3A       		.uleb128 0x3a
 561 007c 0B       		.uleb128 0xb
 562 007d 3B       		.uleb128 0x3b
 563 007e 0B       		.uleb128 0xb
 564 007f 27       		.uleb128 0x27
 565 0080 19       		.uleb128 0x19
 566 0081 49       		.uleb128 0x49
 567 0082 13       		.uleb128 0x13
 568 0083 8701     		.uleb128 0x87
 569 0085 19       		.uleb128 0x19
ARM GAS  C:\Users\tonkl\AppData\Local\Temp\ccXt7vrH.s 			page 13


 570 0086 11       		.uleb128 0x11
 571 0087 01       		.uleb128 0x1
 572 0088 12       		.uleb128 0x12
 573 0089 06       		.uleb128 0x6
 574 008a 40       		.uleb128 0x40
 575 008b 18       		.uleb128 0x18
 576 008c 9742     		.uleb128 0x2117
 577 008e 19       		.uleb128 0x19
 578 008f 01       		.uleb128 0x1
 579 0090 13       		.uleb128 0x13
 580 0091 00       		.byte	0
 581 0092 00       		.byte	0
 582 0093 0A       		.uleb128 0xa
 583 0094 34       		.uleb128 0x34
 584 0095 00       		.byte	0
 585 0096 03       		.uleb128 0x3
 586 0097 0E       		.uleb128 0xe
 587 0098 3A       		.uleb128 0x3a
 588 0099 0B       		.uleb128 0xb
 589 009a 3B       		.uleb128 0x3b
 590 009b 0B       		.uleb128 0xb
 591 009c 49       		.uleb128 0x49
 592 009d 13       		.uleb128 0x13
 593 009e 02       		.uleb128 0x2
 594 009f 17       		.uleb128 0x17
 595 00a0 00       		.byte	0
 596 00a1 00       		.byte	0
 597 00a2 0B       		.uleb128 0xb
 598 00a3 898201   		.uleb128 0x4109
 599 00a6 00       		.byte	0
 600 00a7 11       		.uleb128 0x11
 601 00a8 01       		.uleb128 0x1
 602 00a9 31       		.uleb128 0x31
 603 00aa 13       		.uleb128 0x13
 604 00ab 00       		.byte	0
 605 00ac 00       		.byte	0
 606 00ad 0C       		.uleb128 0xc
 607 00ae 34       		.uleb128 0x34
 608 00af 00       		.byte	0
 609 00b0 03       		.uleb128 0x3
 610 00b1 0E       		.uleb128 0xe
 611 00b2 3A       		.uleb128 0x3a
 612 00b3 0B       		.uleb128 0xb
 613 00b4 3B       		.uleb128 0x3b
 614 00b5 05       		.uleb128 0x5
 615 00b6 49       		.uleb128 0x49
 616 00b7 13       		.uleb128 0x13
 617 00b8 3F       		.uleb128 0x3f
 618 00b9 19       		.uleb128 0x19
 619 00ba 3C       		.uleb128 0x3c
 620 00bb 19       		.uleb128 0x19
 621 00bc 00       		.byte	0
 622 00bd 00       		.byte	0
 623 00be 0D       		.uleb128 0xd
 624 00bf 35       		.uleb128 0x35
 625 00c0 00       		.byte	0
 626 00c1 49       		.uleb128 0x49
ARM GAS  C:\Users\tonkl\AppData\Local\Temp\ccXt7vrH.s 			page 14


 627 00c2 13       		.uleb128 0x13
 628 00c3 00       		.byte	0
 629 00c4 00       		.byte	0
 630 00c5 0E       		.uleb128 0xe
 631 00c6 2E       		.uleb128 0x2e
 632 00c7 00       		.byte	0
 633 00c8 3F       		.uleb128 0x3f
 634 00c9 19       		.uleb128 0x19
 635 00ca 3C       		.uleb128 0x3c
 636 00cb 19       		.uleb128 0x19
 637 00cc 6E       		.uleb128 0x6e
 638 00cd 0E       		.uleb128 0xe
 639 00ce 03       		.uleb128 0x3
 640 00cf 0E       		.uleb128 0xe
 641 00d0 3A       		.uleb128 0x3a
 642 00d1 0B       		.uleb128 0xb
 643 00d2 3B       		.uleb128 0x3b
 644 00d3 0B       		.uleb128 0xb
 645 00d4 00       		.byte	0
 646 00d5 00       		.byte	0
 647 00d6 00       		.byte	0
 648              		.section	.debug_loc,"",%progbits
 649              	.Ldebug_loc0:
 650              	.LLST0:
 651 0000 24000000 		.4byte	.LVL7
 652 0004 36000000 		.4byte	.LVL8
 653 0008 0100     		.2byte	0x1
 654 000a 50       		.byte	0x50
 655 000b 40000000 		.4byte	.LVL11
 656 000f 42000000 		.4byte	.LVL12
 657 0013 0100     		.2byte	0x1
 658 0015 50       		.byte	0x50
 659 0016 4C000000 		.4byte	.LVL15
 660 001a 4E000000 		.4byte	.LVL16
 661 001e 0100     		.2byte	0x1
 662 0020 50       		.byte	0x50
 663 0021 00000000 		.4byte	0
 664 0025 00000000 		.4byte	0
 665              		.section	.debug_aranges,"",%progbits
 666 0000 24000000 		.4byte	0x24
 667 0004 0200     		.2byte	0x2
 668 0006 00000000 		.4byte	.Ldebug_info0
 669 000a 04       		.byte	0x4
 670 000b 00       		.byte	0
 671 000c 0000     		.2byte	0
 672 000e 0000     		.2byte	0
 673 0010 00000000 		.4byte	.LFB65
 674 0014 14000000 		.4byte	.LFE65-.LFB65
 675 0018 00000000 		.4byte	.LFB64
 676 001c 70000000 		.4byte	.LFE64-.LFB64
 677 0020 00000000 		.4byte	0
 678 0024 00000000 		.4byte	0
 679              		.section	.debug_ranges,"",%progbits
 680              	.Ldebug_ranges0:
 681 0000 00000000 		.4byte	.LFB65
 682 0004 14000000 		.4byte	.LFE65
 683 0008 00000000 		.4byte	.LFB64
ARM GAS  C:\Users\tonkl\AppData\Local\Temp\ccXt7vrH.s 			page 15


 684 000c 70000000 		.4byte	.LFE64
 685 0010 00000000 		.4byte	0
 686 0014 00000000 		.4byte	0
 687              		.section	.debug_line,"",%progbits
 688              	.Ldebug_line0:
 689 0000 8B010000 		.section	.debug_str,"MS",%progbits,1
 689      02005001 
 689      00000201 
 689      FB0E0D00 
 689      01010101 
 690              	.LASF8:
 691 0000 6C6F6E67 		.ascii	"long long int\000"
 691      206C6F6E 
 691      6720696E 
 691      7400
 692              	.LASF21:
 693 000e 55415254 		.ascii	"UART_Serial_GetChar\000"
 693      5F536572 
 693      69616C5F 
 693      47657443 
 693      68617200 
 694              	.LASF10:
 695 0022 756E7369 		.ascii	"unsigned int\000"
 695      676E6564 
 695      20696E74 
 695      00
 696              	.LASF23:
 697 002f 6D61696E 		.ascii	"main.c\000"
 697      2E6300
 698              	.LASF18:
 699 0036 55415254 		.ascii	"UART_Serial_PutString\000"
 699      5F536572 
 699      69616C5F 
 699      50757453 
 699      7472696E 
 700              	.LASF26:
 701 004c 6D61696E 		.ascii	"main\000"
 701      00
 702              	.LASF22:
 703 0051 474E5520 		.ascii	"GNU C11 5.4.1 20160609 (release) [ARM/embedded-5-br"
 703      43313120 
 703      352E342E 
 703      31203230 
 703      31363036 
 704 0084 616E6368 		.ascii	"anch revision 237715] -mcpu=cortex-m3 -mthumb -g -O"
 704      20726576 
 704      6973696F 
 704      6E203233 
 704      37373135 
 705 00b7 67202D66 		.ascii	"g -ffunction-sections -ffat-lto-objects\000"
 705      66756E63 
 705      74696F6E 
 705      2D736563 
 705      74696F6E 
 706              	.LASF12:
 707 00df 696E7433 		.ascii	"int32_t\000"
 707      325F7400 
ARM GAS  C:\Users\tonkl\AppData\Local\Temp\ccXt7vrH.s 			page 16


 708              	.LASF7:
 709 00e7 6C6F6E67 		.ascii	"long unsigned int\000"
 709      20756E73 
 709      69676E65 
 709      6420696E 
 709      7400
 710              	.LASF9:
 711 00f9 6C6F6E67 		.ascii	"long long unsigned int\000"
 711      206C6F6E 
 711      6720756E 
 711      7369676E 
 711      65642069 
 712              	.LASF4:
 713 0110 5F5F7569 		.ascii	"__uint8_t\000"
 713      6E74385F 
 713      7400
 714              	.LASF3:
 715 011a 73686F72 		.ascii	"short unsigned int\000"
 715      7420756E 
 715      7369676E 
 715      65642069 
 715      6E7400
 716              	.LASF24:
 717 012d 443A5C57 		.ascii	"D:\\WORK\\Study\\Cypress_Study\\Study\\UART_Serial."
 717      4F524B5C 
 717      53747564 
 717      795C4379 
 717      70726573 
 718 015b 63796473 		.ascii	"cydsn\000"
 718      6E00
 719              	.LASF19:
 720 0161 55415254 		.ascii	"UART_Serial_PutChar\000"
 720      5F536572 
 720      69616C5F 
 720      50757443 
 720      68617200 
 721              	.LASF25:
 722 0175 4E65776C 		.ascii	"Newline\000"
 722      696E6500 
 723              	.LASF11:
 724 017d 75696E74 		.ascii	"uint8_t\000"
 724      385F7400 
 725              	.LASF1:
 726 0185 756E7369 		.ascii	"unsigned char\000"
 726      676E6564 
 726      20636861 
 726      7200
 727              	.LASF15:
 728 0193 63686172 		.ascii	"char\000"
 728      00
 729              	.LASF6:
 730 0198 6C6F6E67 		.ascii	"long int\000"
 730      20696E74 
 730      00
 731              	.LASF14:
 732 01a1 646F7562 		.ascii	"double\000"
 732      6C6500
ARM GAS  C:\Users\tonkl\AppData\Local\Temp\ccXt7vrH.s 			page 17


 733              	.LASF28:
 734 01a8 49544D5F 		.ascii	"ITM_RxBuffer\000"
 734      52784275 
 734      66666572 
 734      00
 735              	.LASF0:
 736 01b5 7369676E 		.ascii	"signed char\000"
 736      65642063 
 736      68617200 
 737              	.LASF16:
 738 01c1 6C6F6E67 		.ascii	"long double\000"
 738      20646F75 
 738      626C6500 
 739              	.LASF5:
 740 01cd 5F5F696E 		.ascii	"__int32_t\000"
 740      7433325F 
 740      7400
 741              	.LASF13:
 742 01d7 666C6F61 		.ascii	"float\000"
 742      7400
 743              	.LASF2:
 744 01dd 73686F72 		.ascii	"short int\000"
 744      7420696E 
 744      7400
 745              	.LASF20:
 746 01e7 55415254 		.ascii	"UART_Serial_Start\000"
 746      5F536572 
 746      69616C5F 
 746      53746172 
 746      7400
 747              	.LASF27:
 748 01f9 75736572 		.ascii	"usertype\000"
 748      74797065 
 748      00
 749              	.LASF17:
 750 0202 73697A65 		.ascii	"sizetype\000"
 750      74797065 
 750      00
 751              		.ident	"GCC: (GNU Tools for ARM Embedded Processors) 5.4.1 20160609 (release) [ARM/embedded-5-bran
